ERROR - 2025-08-28 08:16:52 --> Error connecting to the database: mysqli_sql_exception: No such file or directory in /home/nikunj-katariya/projects/php/apm-php-examples/codeigniter-app/vendor/codeigniter4/framework/system/Database/MySQLi/Connection.php:201
Stack trace:
#0 /home/nikunj-katariya/projects/php/apm-php-examples/codeigniter-app/vendor/codeigniter4/framework/system/Database/MySQLi/Connection.php(201): mysqli->real_connect()
#1 /home/nikunj-katariya/projects/php/apm-php-examples/codeigniter-app/vendor/codeigniter4/framework/system/Database/BaseConnection.php(419): CodeIgniter\Database\MySQLi\Connection->connect()
#2 /home/nikunj-katariya/projects/php/apm-php-examples/codeigniter-app/vendor/codeigniter4/framework/system/Database/BaseConnection.php(614): CodeIgniter\Database\BaseConnection->initialize()
#3 /home/nikunj-katariya/projects/php/apm-php-examples/codeigniter-app/app/Controllers/Apm.php(17): CodeIgniter\Database\BaseConnection->query()
#4 /home/nikunj-katariya/projects/php/apm-php-examples/codeigniter-app/vendor/codeigniter4/framework/system/CodeIgniter.php(933): App\Controllers\Apm->testDatabases()
#5 /home/nikunj-katariya/projects/php/apm-php-examples/codeigniter-app/vendor/codeigniter4/framework/system/CodeIgniter.php(507): CodeIgniter\CodeIgniter->runController()
#6 /home/nikunj-katariya/projects/php/apm-php-examples/codeigniter-app/vendor/codeigniter4/framework/system/CodeIgniter.php(354): CodeIgniter\CodeIgniter->handleRequest()
#7 /home/nikunj-katariya/projects/php/apm-php-examples/codeigniter-app/vendor/codeigniter4/framework/system/Boot.php(363): CodeIgniter\CodeIgniter->run()
#8 /home/nikunj-katariya/projects/php/apm-php-examples/codeigniter-app/vendor/codeigniter4/framework/system/Boot.php(68): CodeIgniter\Boot::runCodeIgniter()
#9 /home/nikunj-katariya/projects/php/apm-php-examples/codeigniter-app/public/index.php(52): CodeIgniter\Boot::bootWeb()
#10 {main}

Next CodeIgniter\Database\Exceptions\DatabaseException: No such file or directory in /home/nikunj-katariya/projects/php/apm-php-examples/codeigniter-app/vendor/codeigniter4/framework/system/Database/MySQLi/Connection.php:246
Stack trace:
#0 /home/nikunj-katariya/projects/php/apm-php-examples/codeigniter-app/vendor/codeigniter4/framework/system/Database/BaseConnection.php(419): CodeIgniter\Database\MySQLi\Connection->connect()
#1 /home/nikunj-katariya/projects/php/apm-php-examples/codeigniter-app/vendor/codeigniter4/framework/system/Database/BaseConnection.php(614): CodeIgniter\Database\BaseConnection->initialize()
#2 /home/nikunj-katariya/projects/php/apm-php-examples/codeigniter-app/app/Controllers/Apm.php(17): CodeIgniter\Database\BaseConnection->query()
#3 /home/nikunj-katariya/projects/php/apm-php-examples/codeigniter-app/vendor/codeigniter4/framework/system/CodeIgniter.php(933): App\Controllers\Apm->testDatabases()
#4 /home/nikunj-katariya/projects/php/apm-php-examples/codeigniter-app/vendor/codeigniter4/framework/system/CodeIgniter.php(507): CodeIgniter\CodeIgniter->runController()
#5 /home/nikunj-katariya/projects/php/apm-php-examples/codeigniter-app/vendor/codeigniter4/framework/system/CodeIgniter.php(354): CodeIgniter\CodeIgniter->handleRequest()
#6 /home/nikunj-katariya/projects/php/apm-php-examples/codeigniter-app/vendor/codeigniter4/framework/system/Boot.php(363): CodeIgniter\CodeIgniter->run()
#7 /home/nikunj-katariya/projects/php/apm-php-examples/codeigniter-app/vendor/codeigniter4/framework/system/Boot.php(68): CodeIgniter\Boot::runCodeIgniter()
#8 /home/nikunj-katariya/projects/php/apm-php-examples/codeigniter-app/public/index.php(52): CodeIgniter\Boot::bootWeb()
#9 {main}
ERROR - 2025-08-28 08:16:55 --> Error connecting to the database: mysqli_sql_exception: No such file or directory in /home/nikunj-katariya/projects/php/apm-php-examples/codeigniter-app/vendor/codeigniter4/framework/system/Database/MySQLi/Connection.php:201
Stack trace:
#0 /home/nikunj-katariya/projects/php/apm-php-examples/codeigniter-app/vendor/codeigniter4/framework/system/Database/MySQLi/Connection.php(201): mysqli->real_connect()
#1 /home/nikunj-katariya/projects/php/apm-php-examples/codeigniter-app/vendor/codeigniter4/framework/system/Database/BaseConnection.php(419): CodeIgniter\Database\MySQLi\Connection->connect()
#2 /home/nikunj-katariya/projects/php/apm-php-examples/codeigniter-app/vendor/codeigniter4/framework/system/Database/BaseConnection.php(614): CodeIgniter\Database\BaseConnection->initialize()
#3 /home/nikunj-katariya/projects/php/apm-php-examples/codeigniter-app/app/Controllers/Apm.php(17): CodeIgniter\Database\BaseConnection->query()
#4 /home/nikunj-katariya/projects/php/apm-php-examples/codeigniter-app/vendor/codeigniter4/framework/system/CodeIgniter.php(933): App\Controllers\Apm->testDatabases()
#5 /home/nikunj-katariya/projects/php/apm-php-examples/codeigniter-app/vendor/codeigniter4/framework/system/CodeIgniter.php(507): CodeIgniter\CodeIgniter->runController()
#6 /home/nikunj-katariya/projects/php/apm-php-examples/codeigniter-app/vendor/codeigniter4/framework/system/CodeIgniter.php(354): CodeIgniter\CodeIgniter->handleRequest()
#7 /home/nikunj-katariya/projects/php/apm-php-examples/codeigniter-app/vendor/codeigniter4/framework/system/Boot.php(363): CodeIgniter\CodeIgniter->run()
#8 /home/nikunj-katariya/projects/php/apm-php-examples/codeigniter-app/vendor/codeigniter4/framework/system/Boot.php(68): CodeIgniter\Boot::runCodeIgniter()
#9 /home/nikunj-katariya/projects/php/apm-php-examples/codeigniter-app/public/index.php(52): CodeIgniter\Boot::bootWeb()
#10 {main}

Next CodeIgniter\Database\Exceptions\DatabaseException: No such file or directory in /home/nikunj-katariya/projects/php/apm-php-examples/codeigniter-app/vendor/codeigniter4/framework/system/Database/MySQLi/Connection.php:246
Stack trace:
#0 /home/nikunj-katariya/projects/php/apm-php-examples/codeigniter-app/vendor/codeigniter4/framework/system/Database/BaseConnection.php(419): CodeIgniter\Database\MySQLi\Connection->connect()
#1 /home/nikunj-katariya/projects/php/apm-php-examples/codeigniter-app/vendor/codeigniter4/framework/system/Database/BaseConnection.php(614): CodeIgniter\Database\BaseConnection->initialize()
#2 /home/nikunj-katariya/projects/php/apm-php-examples/codeigniter-app/app/Controllers/Apm.php(17): CodeIgniter\Database\BaseConnection->query()
#3 /home/nikunj-katariya/projects/php/apm-php-examples/codeigniter-app/vendor/codeigniter4/framework/system/CodeIgniter.php(933): App\Controllers\Apm->testDatabases()
#4 /home/nikunj-katariya/projects/php/apm-php-examples/codeigniter-app/vendor/codeigniter4/framework/system/CodeIgniter.php(507): CodeIgniter\CodeIgniter->runController()
#5 /home/nikunj-katariya/projects/php/apm-php-examples/codeigniter-app/vendor/codeigniter4/framework/system/CodeIgniter.php(354): CodeIgniter\CodeIgniter->handleRequest()
#6 /home/nikunj-katariya/projects/php/apm-php-examples/codeigniter-app/vendor/codeigniter4/framework/system/Boot.php(363): CodeIgniter\CodeIgniter->run()
#7 /home/nikunj-katariya/projects/php/apm-php-examples/codeigniter-app/vendor/codeigniter4/framework/system/Boot.php(68): CodeIgniter\Boot::runCodeIgniter()
#8 /home/nikunj-katariya/projects/php/apm-php-examples/codeigniter-app/public/index.php(52): CodeIgniter\Boot::bootWeb()
#9 {main}
ERROR - 2025-08-28 08:16:55 --> Error connecting to the database: mysqli_sql_exception: No such file or directory in /home/nikunj-katariya/projects/php/apm-php-examples/codeigniter-app/vendor/codeigniter4/framework/system/Database/MySQLi/Connection.php:201
Stack trace:
#0 /home/nikunj-katariya/projects/php/apm-php-examples/codeigniter-app/vendor/codeigniter4/framework/system/Database/MySQLi/Connection.php(201): mysqli->real_connect()
#1 /home/nikunj-katariya/projects/php/apm-php-examples/codeigniter-app/vendor/codeigniter4/framework/system/Database/BaseConnection.php(419): CodeIgniter\Database\MySQLi\Connection->connect()
#2 /home/nikunj-katariya/projects/php/apm-php-examples/codeigniter-app/vendor/codeigniter4/framework/system/Database/BaseConnection.php(614): CodeIgniter\Database\BaseConnection->initialize()
#3 /home/nikunj-katariya/projects/php/apm-php-examples/codeigniter-app/vendor/codeigniter4/framework/system/Database/BaseBuilder.php(2345): CodeIgniter\Database\BaseConnection->query()
#4 /home/nikunj-katariya/projects/php/apm-php-examples/codeigniter-app/app/Controllers/Apm.php(53): CodeIgniter\Database\BaseBuilder->insert()
#5 /home/nikunj-katariya/projects/php/apm-php-examples/codeigniter-app/vendor/codeigniter4/framework/system/CodeIgniter.php(933): App\Controllers\Apm->demoCrud()
#6 /home/nikunj-katariya/projects/php/apm-php-examples/codeigniter-app/vendor/codeigniter4/framework/system/CodeIgniter.php(507): CodeIgniter\CodeIgniter->runController()
#7 /home/nikunj-katariya/projects/php/apm-php-examples/codeigniter-app/vendor/codeigniter4/framework/system/CodeIgniter.php(354): CodeIgniter\CodeIgniter->handleRequest()
#8 /home/nikunj-katariya/projects/php/apm-php-examples/codeigniter-app/vendor/codeigniter4/framework/system/Boot.php(363): CodeIgniter\CodeIgniter->run()
#9 /home/nikunj-katariya/projects/php/apm-php-examples/codeigniter-app/vendor/codeigniter4/framework/system/Boot.php(68): CodeIgniter\Boot::runCodeIgniter()
#10 /home/nikunj-katariya/projects/php/apm-php-examples/codeigniter-app/public/index.php(52): CodeIgniter\Boot::bootWeb()
#11 {main}

Next CodeIgniter\Database\Exceptions\DatabaseException: No such file or directory in /home/nikunj-katariya/projects/php/apm-php-examples/codeigniter-app/vendor/codeigniter4/framework/system/Database/MySQLi/Connection.php:246
Stack trace:
#0 /home/nikunj-katariya/projects/php/apm-php-examples/codeigniter-app/vendor/codeigniter4/framework/system/Database/BaseConnection.php(419): CodeIgniter\Database\MySQLi\Connection->connect()
#1 /home/nikunj-katariya/projects/php/apm-php-examples/codeigniter-app/vendor/codeigniter4/framework/system/Database/BaseConnection.php(614): CodeIgniter\Database\BaseConnection->initialize()
#2 /home/nikunj-katariya/projects/php/apm-php-examples/codeigniter-app/vendor/codeigniter4/framework/system/Database/BaseBuilder.php(2345): CodeIgniter\Database\BaseConnection->query()
#3 /home/nikunj-katariya/projects/php/apm-php-examples/codeigniter-app/app/Controllers/Apm.php(53): CodeIgniter\Database\BaseBuilder->insert()
#4 /home/nikunj-katariya/projects/php/apm-php-examples/codeigniter-app/vendor/codeigniter4/framework/system/CodeIgniter.php(933): App\Controllers\Apm->demoCrud()
#5 /home/nikunj-katariya/projects/php/apm-php-examples/codeigniter-app/vendor/codeigniter4/framework/system/CodeIgniter.php(507): CodeIgniter\CodeIgniter->runController()
#6 /home/nikunj-katariya/projects/php/apm-php-examples/codeigniter-app/vendor/codeigniter4/framework/system/CodeIgniter.php(354): CodeIgniter\CodeIgniter->handleRequest()
#7 /home/nikunj-katariya/projects/php/apm-php-examples/codeigniter-app/vendor/codeigniter4/framework/system/Boot.php(363): CodeIgniter\CodeIgniter->run()
#8 /home/nikunj-katariya/projects/php/apm-php-examples/codeigniter-app/vendor/codeigniter4/framework/system/Boot.php(68): CodeIgniter\Boot::runCodeIgniter()
#9 /home/nikunj-katariya/projects/php/apm-php-examples/codeigniter-app/public/index.php(52): CodeIgniter\Boot::bootWeb()
#10 {main}
CRITICAL - 2025-08-28 08:16:57 --> Error: Call to undefined method Shared\Utils\ApiClient::fetchMultipleEndpoints()
[Method: POST, Route: apm/fetch-api-data]
in APPPATH/Controllers/Apm.php on line 98.
 1 SYSTEMPATH/CodeIgniter.php(933): App\Controllers\Apm->fetchApiData()
 2 SYSTEMPATH/CodeIgniter.php(507): CodeIgniter\CodeIgniter->runController()
 3 SYSTEMPATH/CodeIgniter.php(354): CodeIgniter\CodeIgniter->handleRequest()
 4 SYSTEMPATH/Boot.php(363): CodeIgniter\CodeIgniter->run()
 5 SYSTEMPATH/Boot.php(68): CodeIgniter\Boot::runCodeIgniter()
 6 FCPATH/index.php(52): CodeIgniter\Boot::bootWeb()
CRITICAL - 2025-08-28 08:16:58 --> Error: Call to undefined method Shared\Utils\ApiClient::fetchMultipleEndpoints()
[Method: POST, Route: apm/fetch-api-data]
in APPPATH/Controllers/Apm.php on line 98.
 1 SYSTEMPATH/CodeIgniter.php(933): App\Controllers\Apm->fetchApiData()
 2 SYSTEMPATH/CodeIgniter.php(507): CodeIgniter\CodeIgniter->runController()
 3 SYSTEMPATH/CodeIgniter.php(354): CodeIgniter\CodeIgniter->handleRequest()
 4 SYSTEMPATH/Boot.php(363): CodeIgniter\CodeIgniter->run()
 5 SYSTEMPATH/Boot.php(68): CodeIgniter\Boot::runCodeIgniter()
 6 FCPATH/index.php(52): CodeIgniter\Boot::bootWeb()
CRITICAL - 2025-08-28 08:16:58 --> Error: Class "Shared\Utils\DatabaseConnection" not found
[Method: POST, Route: apm/test-queue]
in /home/nikunj-katariya/projects/php/apm-php-examples/shared/utils/QueueManager.php on line 19.
 1 APPPATH/Controllers/Apm.php(121): Shared\Utils\QueueManager->__construct()
 2 SYSTEMPATH/CodeIgniter.php(933): App\Controllers\Apm->testQueue()
 3 SYSTEMPATH/CodeIgniter.php(507): CodeIgniter\CodeIgniter->runController()
 4 SYSTEMPATH/CodeIgniter.php(354): CodeIgniter\CodeIgniter->handleRequest()
 5 SYSTEMPATH/Boot.php(363): CodeIgniter\CodeIgniter->run()
 6 SYSTEMPATH/Boot.php(68): CodeIgniter\Boot::runCodeIgniter()
 7 FCPATH/index.php(52): CodeIgniter\Boot::bootWeb()
CRITICAL - 2025-08-28 08:18:00 --> Error: Class "Shared\Utils\DatabaseConnection" not found
[Method: POST, Route: apm/demo-crud]
in /home/nikunj-katariya/projects/php/apm-php-examples/shared/utils/UserModel.php on line 21.
 1 APPPATH/Controllers/Apm.php(63): Shared\Utils\UserModel->__construct()
 2 SYSTEMPATH/CodeIgniter.php(933): App\Controllers\Apm->demoCrud()
 3 SYSTEMPATH/CodeIgniter.php(507): CodeIgniter\CodeIgniter->runController()
 4 SYSTEMPATH/CodeIgniter.php(354): CodeIgniter\CodeIgniter->handleRequest()
 5 SYSTEMPATH/Boot.php(363): CodeIgniter\CodeIgniter->run()
 6 SYSTEMPATH/Boot.php(68): CodeIgniter\Boot::runCodeIgniter()
 7 FCPATH/index.php(52): CodeIgniter\Boot::bootWeb()
CRITICAL - 2025-08-28 08:18:05 --> Error: Call to undefined method Shared\Utils\ApiClient::fetchMultipleEndpoints()
[Method: POST, Route: apm/fetch-api-data]
in APPPATH/Controllers/Apm.php on line 98.
 1 SYSTEMPATH/CodeIgniter.php(933): App\Controllers\Apm->fetchApiData()
 2 SYSTEMPATH/CodeIgniter.php(507): CodeIgniter\CodeIgniter->runController()
 3 SYSTEMPATH/CodeIgniter.php(354): CodeIgniter\CodeIgniter->handleRequest()
 4 SYSTEMPATH/Boot.php(363): CodeIgniter\CodeIgniter->run()
 5 SYSTEMPATH/Boot.php(68): CodeIgniter\Boot::runCodeIgniter()
 6 FCPATH/index.php(52): CodeIgniter\Boot::bootWeb()
CRITICAL - 2025-08-28 08:18:05 --> Error: Class "Shared\Utils\DatabaseConnection" not found
[Method: POST, Route: apm/test-queue]
in /home/nikunj-katariya/projects/php/apm-php-examples/shared/utils/QueueManager.php on line 19.
 1 APPPATH/Controllers/Apm.php(121): Shared\Utils\QueueManager->__construct()
 2 SYSTEMPATH/CodeIgniter.php(933): App\Controllers\Apm->testQueue()
 3 SYSTEMPATH/CodeIgniter.php(507): CodeIgniter\CodeIgniter->runController()
 4 SYSTEMPATH/CodeIgniter.php(354): CodeIgniter\CodeIgniter->handleRequest()
 5 SYSTEMPATH/Boot.php(363): CodeIgniter\CodeIgniter->run()
 6 SYSTEMPATH/Boot.php(68): CodeIgniter\Boot::runCodeIgniter()
 7 FCPATH/index.php(52): CodeIgniter\Boot::bootWeb()
CRITICAL - 2025-08-28 08:18:13 --> Error: Class "Shared\Utils\DatabaseConnection" not found
[Method: POST, Route: apm/demo-crud]
in /home/nikunj-katariya/projects/php/apm-php-examples/shared/utils/UserModel.php on line 21.
 1 APPPATH/Controllers/Apm.php(63): Shared\Utils\UserModel->__construct()
 2 SYSTEMPATH/CodeIgniter.php(933): App\Controllers\Apm->demoCrud()
 3 SYSTEMPATH/CodeIgniter.php(507): CodeIgniter\CodeIgniter->runController()
 4 SYSTEMPATH/CodeIgniter.php(354): CodeIgniter\CodeIgniter->handleRequest()
 5 SYSTEMPATH/Boot.php(363): CodeIgniter\CodeIgniter->run()
 6 SYSTEMPATH/Boot.php(68): CodeIgniter\Boot::runCodeIgniter()
 7 FCPATH/index.php(52): CodeIgniter\Boot::bootWeb()
CRITICAL - 2025-08-28 08:19:25 --> Error: Class "Shared\Utils\DatabaseConnection" not found
[Method: POST, Route: apm/demo-crud]
in /home/nikunj-katariya/projects/php/apm-php-examples/shared/utils/UserModel.php on line 21.
 1 APPPATH/Controllers/Apm.php(63): Shared\Utils\UserModel->__construct()
 2 SYSTEMPATH/CodeIgniter.php(933): App\Controllers\Apm->demoCrud()
 3 SYSTEMPATH/CodeIgniter.php(507): CodeIgniter\CodeIgniter->runController()
 4 SYSTEMPATH/CodeIgniter.php(354): CodeIgniter\CodeIgniter->handleRequest()
 5 SYSTEMPATH/Boot.php(363): CodeIgniter\CodeIgniter->run()
 6 SYSTEMPATH/Boot.php(68): CodeIgniter\Boot::runCodeIgniter()
 7 FCPATH/index.php(52): CodeIgniter\Boot::bootWeb()
CRITICAL - 2025-08-28 08:19:40 --> Error: Call to undefined method Shared\Utils\UserModel::testCrudOperations()
[Method: POST, Route: apm/demo-crud]
in APPPATH/Controllers/Apm.php on line 64.
 1 SYSTEMPATH/CodeIgniter.php(933): App\Controllers\Apm->demoCrud()
 2 SYSTEMPATH/CodeIgniter.php(507): CodeIgniter\CodeIgniter->runController()
 3 SYSTEMPATH/CodeIgniter.php(354): CodeIgniter\CodeIgniter->handleRequest()
 4 SYSTEMPATH/Boot.php(363): CodeIgniter\CodeIgniter->run()
 5 SYSTEMPATH/Boot.php(68): CodeIgniter\Boot::runCodeIgniter()
 6 FCPATH/index.php(52): CodeIgniter\Boot::bootWeb()
CRITICAL - 2025-08-28 08:19:42 --> Error: Call to undefined method Shared\Utils\ApiClient::fetchMultipleEndpoints()
[Method: POST, Route: apm/fetch-api-data]
in APPPATH/Controllers/Apm.php on line 98.
 1 SYSTEMPATH/CodeIgniter.php(933): App\Controllers\Apm->fetchApiData()
 2 SYSTEMPATH/CodeIgniter.php(507): CodeIgniter\CodeIgniter->runController()
 3 SYSTEMPATH/CodeIgniter.php(354): CodeIgniter\CodeIgniter->handleRequest()
 4 SYSTEMPATH/Boot.php(363): CodeIgniter\CodeIgniter->run()
 5 SYSTEMPATH/Boot.php(68): CodeIgniter\Boot::runCodeIgniter()
 6 FCPATH/index.php(52): CodeIgniter\Boot::bootWeb()
CRITICAL - 2025-08-28 08:19:52 --> Error: Call to undefined method Shared\Utils\UserModel::testCrudOperations()
[Method: POST, Route: apm/demo-crud]
in APPPATH/Controllers/Apm.php on line 64.
 1 SYSTEMPATH/CodeIgniter.php(933): App\Controllers\Apm->demoCrud()
 2 SYSTEMPATH/CodeIgniter.php(507): CodeIgniter\CodeIgniter->runController()
 3 SYSTEMPATH/CodeIgniter.php(354): CodeIgniter\CodeIgniter->handleRequest()
 4 SYSTEMPATH/Boot.php(363): CodeIgniter\CodeIgniter->run()
 5 SYSTEMPATH/Boot.php(68): CodeIgniter\Boot::runCodeIgniter()
 6 FCPATH/index.php(52): CodeIgniter\Boot::bootWeb()
CRITICAL - 2025-08-28 08:21:26 --> Error: Call to undefined method Shared\Utils\ApiClient::fetchMultipleEndpoints()
[Method: POST, Route: apm/fetch-api-data]
in APPPATH/Controllers/Apm.php on line 98.
 1 SYSTEMPATH/CodeIgniter.php(933): App\Controllers\Apm->fetchApiData()
 2 SYSTEMPATH/CodeIgniter.php(507): CodeIgniter\CodeIgniter->runController()
 3 SYSTEMPATH/CodeIgniter.php(354): CodeIgniter\CodeIgniter->handleRequest()
 4 SYSTEMPATH/Boot.php(363): CodeIgniter\CodeIgniter->run()
 5 SYSTEMPATH/Boot.php(68): CodeIgniter\Boot::runCodeIgniter()
 6 FCPATH/index.php(52): CodeIgniter\Boot::bootWeb()
CRITICAL - 2025-08-28 08:21:46 --> Error: Call to undefined method Shared\Utils\ApiClient::fetchMultipleEndpoints()
[Method: POST, Route: apm/fetch-api-data]
in APPPATH/Controllers/Apm.php on line 98.
 1 SYSTEMPATH/CodeIgniter.php(933): App\Controllers\Apm->fetchApiData()
 2 SYSTEMPATH/CodeIgniter.php(507): CodeIgniter\CodeIgniter->runController()
 3 SYSTEMPATH/CodeIgniter.php(354): CodeIgniter\CodeIgniter->handleRequest()
 4 SYSTEMPATH/Boot.php(363): CodeIgniter\CodeIgniter->run()
 5 SYSTEMPATH/Boot.php(68): CodeIgniter\Boot::runCodeIgniter()
 6 FCPATH/index.php(52): CodeIgniter\Boot::bootWeb()
