CRITICAL - 2025-09-10 16:03:24 --> Error: Class "Config\Kint" not found
[Method: GET, Route: /]
in SYSTEMPATH/Autoloader/Autoloader.php on line 531.
 1 SYSTEMPATH/Autoloader/Autoloader.php(498): CodeIgniter\Autoloader\Autoloader->configureKint()
 2 SYSTEMPATH/Boot.php(331): CodeIgniter\Autoloader\Autoloader->initializeKint()
 3 SYSTEMPATH/Boot.php(57): CodeIgniter\Boot::initializeKint()
 4 FCPATH/index.php(86): CodeIgniter\Boot::bootWeb()
CRITICAL - 2025-09-10 16:03:24 --> ErrorException: Uncaught TypeError: CodeIgniter\HTTP\ContentSecurityPolicy::__construct(): Argument #1 ($config) must be of type Config\ContentSecurityPolicy, null given, called in /home/nikunj-katariya/projects/php/apm-php-examples/codeigniter-app/vendor/codeigniter4/framework/system/Config/Services.php on line 194 and defined in /home/nikunj-katariya/projects/php/apm-php-examples/codeigniter-app/vendor/codeigniter4/framework/system/HTTP/ContentSecurityPolicy.php:272
Stack trace:
#0 /home/nikunj-katariya/projects/php/apm-php-examples/codeigniter-app/vendor/codeigniter4/framework/system/Config/Services.php(194): CodeIgniter\HTTP\ContentSecurityPolicy->__construct()
#1 /home/nikunj-katariya/projects/php/apm-php-examples/codeigniter-app/vendor/codeigniter4/framework/system/Config/BaseService.php(312): CodeIgniter\Config\Services::csp()
#2 /home/nikunj-katariya/projects/php/apm-php-examples/codeigniter-app/vendor/codeigniter4/framework/system/Config/BaseService.php(251): CodeIgniter\Config\BaseService::__callStatic()
#3 /home/nikunj-katariya/projects/php/apm-php-examples/codeigniter-app/vendor/codeigniter4/framework/system/Config/Services.php(189): CodeIgniter\Config\BaseService::getSharedInstance()
#4 /home/nikunj-katariya/projects/php/apm-php-examples/codeigniter-app/vendor/codeigniter4/framework/system/Config/BaseService.php(321): CodeIgniter\Config\Services::csp()
#5 /home/nikunj-katariya/projects/php/apm-php-examples/codeigniter-app/vendor/codeigniter4/framework/system/Config/BaseService.php(202): CodeIgniter\Config\BaseService::__callStatic()
#6 /home/nikunj-katariya/projects/php/apm-php-examples/codeigniter-app/vendor/codeigniter4/framework/system/Common.php(995): CodeIgniter\Config\BaseService::get()
#7 /home/nikunj-katariya/projects/php/apm-php-examples/codeigniter-app/vendor/codeigniter4/framework/system/HTTP/Response.php(160): service()
#8 /home/nikunj-katariya/projects/php/apm-php-examples/codeigniter-app/vendor/codeigniter4/framework/system/Config/Services.php(589): CodeIgniter\HTTP\Response->__construct()
#9 /home/nikunj-katariya/projects/php/apm-php-examples/codeigniter-app/vendor/codeigniter4/framework/system/Config/BaseService.php(312): CodeIgniter\Config\Services::response()
#10 /home/nikunj-katariya/projects/php/apm-php-examples/codeigniter-app/vendor/codeigniter4/framework/system/Config/BaseService.php(251): CodeIgniter\Config\BaseService::__callStatic()
#11 /home/nikunj-katariya/projects/php/apm-php-examples/codeigniter-app/vendor/codeigniter4/framework/system/Config/Services.php(584): CodeIgniter\Config\BaseService::getSharedInstance()
#12 /home/nikunj-katariya/projects/php/apm-php-examples/codeigniter-app/vendor/codeigniter4/framework/system/Config/BaseService.php(321): CodeIgniter\Config\Services::response()
#13 /home/nikunj-katariya/projects/php/apm-php-examples/codeigniter-app/vendor/codeigniter4/framework/system/Config/BaseService.php(202): CodeIgniter\Config\BaseService::__callStatic()
#14 /home/nikunj-katariya/projects/php/apm-php-examples/codeigniter-app/vendor/codeigniter4/framework/system/Common.php(995): CodeIgniter\Config\BaseService::get()
#15 /home/nikunj-katariya/projects/php/apm-php-examples/codeigniter-app/vendor/codeigniter4/framework/system/Debug/Exceptions.php(157): service()
#16 [internal function]: CodeIgniter\Debug\Exceptions->exceptionHandler()
#17 {main}
  thrown
【Previous Exception】
Error
Class "Config\Kint" not found
#0 /home/nikunj-katariya/projects/php/apm-php-examples/codeigniter-app/vendor/codeigniter4/framework/system/Autoloader/Autoloader.php(498): CodeIgniter\Autoloader\Autoloader->configureKint()
#1 /home/nikunj-katariya/projects/php/apm-php-examples/codeigniter-app/vendor/codeigniter4/framework/system/Boot.php(331): CodeIgniter\Autoloader\Autoloader->initializeKint()
#2 /home/nikunj-katariya/projects/php/apm-php-examples/codeigniter-app/vendor/codeigniter4/framework/system/Boot.php(57): CodeIgniter\Boot::initializeKint()
#3 /home/nikunj-katariya/projects/php/apm-php-examples/codeigniter-app/public/index.php(86): CodeIgniter\Boot::bootWeb()
#4 {main}
[Method: GET, Route: /]
in SYSTEMPATH/HTTP/ContentSecurityPolicy.php on line 272.
 1 [internal function]: CodeIgniter\Debug\Exceptions->shutdownHandler()
CRITICAL - 2025-09-10 16:03:26 --> Error: Class "Config\Kint" not found
[Method: GET, Route: /]
in SYSTEMPATH/Autoloader/Autoloader.php on line 531.
 1 SYSTEMPATH/Autoloader/Autoloader.php(498): CodeIgniter\Autoloader\Autoloader->configureKint()
 2 SYSTEMPATH/Boot.php(331): CodeIgniter\Autoloader\Autoloader->initializeKint()
 3 SYSTEMPATH/Boot.php(57): CodeIgniter\Boot::initializeKint()
 4 FCPATH/index.php(86): CodeIgniter\Boot::bootWeb()
CRITICAL - 2025-09-10 16:03:26 --> ErrorException: Uncaught TypeError: CodeIgniter\HTTP\ContentSecurityPolicy::__construct(): Argument #1 ($config) must be of type Config\ContentSecurityPolicy, null given, called in /home/nikunj-katariya/projects/php/apm-php-examples/codeigniter-app/vendor/codeigniter4/framework/system/Config/Services.php on line 194 and defined in /home/nikunj-katariya/projects/php/apm-php-examples/codeigniter-app/vendor/codeigniter4/framework/system/HTTP/ContentSecurityPolicy.php:272
Stack trace:
#0 /home/nikunj-katariya/projects/php/apm-php-examples/codeigniter-app/vendor/codeigniter4/framework/system/Config/Services.php(194): CodeIgniter\HTTP\ContentSecurityPolicy->__construct()
#1 /home/nikunj-katariya/projects/php/apm-php-examples/codeigniter-app/vendor/codeigniter4/framework/system/Config/BaseService.php(312): CodeIgniter\Config\Services::csp()
#2 /home/nikunj-katariya/projects/php/apm-php-examples/codeigniter-app/vendor/codeigniter4/framework/system/Config/BaseService.php(251): CodeIgniter\Config\BaseService::__callStatic()
#3 /home/nikunj-katariya/projects/php/apm-php-examples/codeigniter-app/vendor/codeigniter4/framework/system/Config/Services.php(189): CodeIgniter\Config\BaseService::getSharedInstance()
#4 /home/nikunj-katariya/projects/php/apm-php-examples/codeigniter-app/vendor/codeigniter4/framework/system/Config/BaseService.php(321): CodeIgniter\Config\Services::csp()
#5 /home/nikunj-katariya/projects/php/apm-php-examples/codeigniter-app/vendor/codeigniter4/framework/system/Config/BaseService.php(202): CodeIgniter\Config\BaseService::__callStatic()
#6 /home/nikunj-katariya/projects/php/apm-php-examples/codeigniter-app/vendor/codeigniter4/framework/system/Common.php(995): CodeIgniter\Config\BaseService::get()
#7 /home/nikunj-katariya/projects/php/apm-php-examples/codeigniter-app/vendor/codeigniter4/framework/system/HTTP/Response.php(160): service()
#8 /home/nikunj-katariya/projects/php/apm-php-examples/codeigniter-app/vendor/codeigniter4/framework/system/Config/Services.php(589): CodeIgniter\HTTP\Response->__construct()
#9 /home/nikunj-katariya/projects/php/apm-php-examples/codeigniter-app/vendor/codeigniter4/framework/system/Config/BaseService.php(312): CodeIgniter\Config\Services::response()
#10 /home/nikunj-katariya/projects/php/apm-php-examples/codeigniter-app/vendor/codeigniter4/framework/system/Config/BaseService.php(251): CodeIgniter\Config\BaseService::__callStatic()
#11 /home/nikunj-katariya/projects/php/apm-php-examples/codeigniter-app/vendor/codeigniter4/framework/system/Config/Services.php(584): CodeIgniter\Config\BaseService::getSharedInstance()
#12 /home/nikunj-katariya/projects/php/apm-php-examples/codeigniter-app/vendor/codeigniter4/framework/system/Config/BaseService.php(321): CodeIgniter\Config\Services::response()
#13 /home/nikunj-katariya/projects/php/apm-php-examples/codeigniter-app/vendor/codeigniter4/framework/system/Config/BaseService.php(202): CodeIgniter\Config\BaseService::__callStatic()
#14 /home/nikunj-katariya/projects/php/apm-php-examples/codeigniter-app/vendor/codeigniter4/framework/system/Common.php(995): CodeIgniter\Config\BaseService::get()
#15 /home/nikunj-katariya/projects/php/apm-php-examples/codeigniter-app/vendor/codeigniter4/framework/system/Debug/Exceptions.php(157): service()
#16 [internal function]: CodeIgniter\Debug\Exceptions->exceptionHandler()
#17 {main}
  thrown
【Previous Exception】
Error
Class "Config\Kint" not found
#0 /home/nikunj-katariya/projects/php/apm-php-examples/codeigniter-app/vendor/codeigniter4/framework/system/Autoloader/Autoloader.php(498): CodeIgniter\Autoloader\Autoloader->configureKint()
#1 /home/nikunj-katariya/projects/php/apm-php-examples/codeigniter-app/vendor/codeigniter4/framework/system/Boot.php(331): CodeIgniter\Autoloader\Autoloader->initializeKint()
#2 /home/nikunj-katariya/projects/php/apm-php-examples/codeigniter-app/vendor/codeigniter4/framework/system/Boot.php(57): CodeIgniter\Boot::initializeKint()
#3 /home/nikunj-katariya/projects/php/apm-php-examples/codeigniter-app/public/index.php(86): CodeIgniter\Boot::bootWeb()
#4 {main}
[Method: GET, Route: /]
in SYSTEMPATH/HTTP/ContentSecurityPolicy.php on line 272.
 1 [internal function]: CodeIgniter\Debug\Exceptions->shutdownHandler()
CRITICAL - 2025-09-10 16:03:26 --> Error: Class "Config\Kint" not found
[Method: GET, Route: favicon.ico]
in SYSTEMPATH/Autoloader/Autoloader.php on line 531.
 1 SYSTEMPATH/Autoloader/Autoloader.php(498): CodeIgniter\Autoloader\Autoloader->configureKint()
 2 SYSTEMPATH/Boot.php(331): CodeIgniter\Autoloader\Autoloader->initializeKint()
 3 SYSTEMPATH/Boot.php(57): CodeIgniter\Boot::initializeKint()
 4 FCPATH/index.php(86): CodeIgniter\Boot::bootWeb()
CRITICAL - 2025-09-10 16:03:26 --> ErrorException: Uncaught TypeError: CodeIgniter\HTTP\ContentSecurityPolicy::__construct(): Argument #1 ($config) must be of type Config\ContentSecurityPolicy, null given, called in /home/nikunj-katariya/projects/php/apm-php-examples/codeigniter-app/vendor/codeigniter4/framework/system/Config/Services.php on line 194 and defined in /home/nikunj-katariya/projects/php/apm-php-examples/codeigniter-app/vendor/codeigniter4/framework/system/HTTP/ContentSecurityPolicy.php:272
Stack trace:
#0 /home/nikunj-katariya/projects/php/apm-php-examples/codeigniter-app/vendor/codeigniter4/framework/system/Config/Services.php(194): CodeIgniter\HTTP\ContentSecurityPolicy->__construct()
#1 /home/nikunj-katariya/projects/php/apm-php-examples/codeigniter-app/vendor/codeigniter4/framework/system/Config/BaseService.php(312): CodeIgniter\Config\Services::csp()
#2 /home/nikunj-katariya/projects/php/apm-php-examples/codeigniter-app/vendor/codeigniter4/framework/system/Config/BaseService.php(251): CodeIgniter\Config\BaseService::__callStatic()
#3 /home/nikunj-katariya/projects/php/apm-php-examples/codeigniter-app/vendor/codeigniter4/framework/system/Config/Services.php(189): CodeIgniter\Config\BaseService::getSharedInstance()
#4 /home/nikunj-katariya/projects/php/apm-php-examples/codeigniter-app/vendor/codeigniter4/framework/system/Config/BaseService.php(321): CodeIgniter\Config\Services::csp()
#5 /home/nikunj-katariya/projects/php/apm-php-examples/codeigniter-app/vendor/codeigniter4/framework/system/Config/BaseService.php(202): CodeIgniter\Config\BaseService::__callStatic()
#6 /home/nikunj-katariya/projects/php/apm-php-examples/codeigniter-app/vendor/codeigniter4/framework/system/Common.php(995): CodeIgniter\Config\BaseService::get()
#7 /home/nikunj-katariya/projects/php/apm-php-examples/codeigniter-app/vendor/codeigniter4/framework/system/HTTP/Response.php(160): service()
#8 /home/nikunj-katariya/projects/php/apm-php-examples/codeigniter-app/vendor/codeigniter4/framework/system/Config/Services.php(589): CodeIgniter\HTTP\Response->__construct()
#9 /home/nikunj-katariya/projects/php/apm-php-examples/codeigniter-app/vendor/codeigniter4/framework/system/Config/BaseService.php(312): CodeIgniter\Config\Services::response()
#10 /home/nikunj-katariya/projects/php/apm-php-examples/codeigniter-app/vendor/codeigniter4/framework/system/Config/BaseService.php(251): CodeIgniter\Config\BaseService::__callStatic()
#11 /home/nikunj-katariya/projects/php/apm-php-examples/codeigniter-app/vendor/codeigniter4/framework/system/Config/Services.php(584): CodeIgniter\Config\BaseService::getSharedInstance()
#12 /home/nikunj-katariya/projects/php/apm-php-examples/codeigniter-app/vendor/codeigniter4/framework/system/Config/BaseService.php(321): CodeIgniter\Config\Services::response()
#13 /home/nikunj-katariya/projects/php/apm-php-examples/codeigniter-app/vendor/codeigniter4/framework/system/Config/BaseService.php(202): CodeIgniter\Config\BaseService::__callStatic()
#14 /home/nikunj-katariya/projects/php/apm-php-examples/codeigniter-app/vendor/codeigniter4/framework/system/Common.php(995): CodeIgniter\Config\BaseService::get()
#15 /home/nikunj-katariya/projects/php/apm-php-examples/codeigniter-app/vendor/codeigniter4/framework/system/Debug/Exceptions.php(157): service()
#16 [internal function]: CodeIgniter\Debug\Exceptions->exceptionHandler()
#17 {main}
  thrown
【Previous Exception】
Error
Class "Config\Kint" not found
#0 /home/nikunj-katariya/projects/php/apm-php-examples/codeigniter-app/vendor/codeigniter4/framework/system/Autoloader/Autoloader.php(498): CodeIgniter\Autoloader\Autoloader->configureKint()
#1 /home/nikunj-katariya/projects/php/apm-php-examples/codeigniter-app/vendor/codeigniter4/framework/system/Boot.php(331): CodeIgniter\Autoloader\Autoloader->initializeKint()
#2 /home/nikunj-katariya/projects/php/apm-php-examples/codeigniter-app/vendor/codeigniter4/framework/system/Boot.php(57): CodeIgniter\Boot::initializeKint()
#3 /home/nikunj-katariya/projects/php/apm-php-examples/codeigniter-app/public/index.php(86): CodeIgniter\Boot::bootWeb()
#4 {main}
[Method: GET, Route: favicon.ico]
in SYSTEMPATH/HTTP/ContentSecurityPolicy.php on line 272.
 1 [internal function]: CodeIgniter\Debug\Exceptions->shutdownHandler()
CRITICAL - 2025-09-10 16:05:17 --> Error: Class "Config\Kint" not found
[Method: GET, Route: /]
in SYSTEMPATH/Autoloader/Autoloader.php on line 531.
 1 SYSTEMPATH/Autoloader/Autoloader.php(498): CodeIgniter\Autoloader\Autoloader->configureKint()
 2 SYSTEMPATH/Boot.php(331): CodeIgniter\Autoloader\Autoloader->initializeKint()
 3 SYSTEMPATH/Boot.php(57): CodeIgniter\Boot::initializeKint()
 4 FCPATH/index.php(86): CodeIgniter\Boot::bootWeb()
CRITICAL - 2025-09-10 16:05:17 --> ErrorException: Uncaught TypeError: Config\Exceptions::handler(): Argument #1 ($exception) must be of type Throwable, int given, called in /home/nikunj-katariya/projects/php/apm-php-examples/codeigniter-app/vendor/codeigniter4/framework/system/Debug/Exceptions.php on line 161 and defined in /home/nikunj-katariya/projects/php/apm-php-examples/codeigniter-app/app/Config/Exceptions.php:95
Stack trace:
#0 /home/nikunj-katariya/projects/php/apm-php-examples/codeigniter-app/vendor/codeigniter4/framework/system/Debug/Exceptions.php(161): Config\Exceptions->handler()
#1 [internal function]: CodeIgniter\Debug\Exceptions->exceptionHandler()
#2 {main}
  thrown
【Previous Exception】
Error
Class "Config\Kint" not found
#0 /home/nikunj-katariya/projects/php/apm-php-examples/codeigniter-app/vendor/codeigniter4/framework/system/Autoloader/Autoloader.php(498): CodeIgniter\Autoloader\Autoloader->configureKint()
#1 /home/nikunj-katariya/projects/php/apm-php-examples/codeigniter-app/vendor/codeigniter4/framework/system/Boot.php(331): CodeIgniter\Autoloader\Autoloader->initializeKint()
#2 /home/nikunj-katariya/projects/php/apm-php-examples/codeigniter-app/vendor/codeigniter4/framework/system/Boot.php(57): CodeIgniter\Boot::initializeKint()
#3 /home/nikunj-katariya/projects/php/apm-php-examples/codeigniter-app/public/index.php(86): CodeIgniter\Boot::bootWeb()
#4 {main}
[Method: GET, Route: /]
in APPPATH/Config/Exceptions.php on line 95.
 1 [internal function]: CodeIgniter\Debug\Exceptions->shutdownHandler()
CRITICAL - 2025-09-10 16:05:42 --> Error: Class "Config\Kint" not found
[Method: GET, Route: /]
in SYSTEMPATH/Autoloader/Autoloader.php on line 531.
 1 SYSTEMPATH/Autoloader/Autoloader.php(498): CodeIgniter\Autoloader\Autoloader->configureKint()
 2 SYSTEMPATH/Boot.php(331): CodeIgniter\Autoloader\Autoloader->initializeKint()
 3 SYSTEMPATH/Boot.php(57): CodeIgniter\Boot::initializeKint()
 4 FCPATH/index.php(86): CodeIgniter\Boot::bootWeb()
CRITICAL - 2025-09-10 16:05:42 --> ErrorException: Uncaught TypeError: CodeIgniter\Format\Format::__construct(): Argument #1 ($config) must be of type Config\Format, null given, called in /home/nikunj-katariya/projects/php/apm-php-examples/codeigniter-app/vendor/codeigniter4/framework/system/Config/Services.php on line 313 and defined in /home/nikunj-katariya/projects/php/apm-php-examples/codeigniter-app/vendor/codeigniter4/framework/system/Format/Format.php:26
Stack trace:
#0 /home/nikunj-katariya/projects/php/apm-php-examples/codeigniter-app/vendor/codeigniter4/framework/system/Config/Services.php(313): CodeIgniter\Format\Format->__construct()
#1 /home/nikunj-katariya/projects/php/apm-php-examples/codeigniter-app/vendor/codeigniter4/framework/system/Config/BaseService.php(312): CodeIgniter\Config\Services::format()
#2 /home/nikunj-katariya/projects/php/apm-php-examples/codeigniter-app/vendor/codeigniter4/framework/system/Config/BaseService.php(251): CodeIgniter\Config\BaseService::__callStatic()
#3 /home/nikunj-katariya/projects/php/apm-php-examples/codeigniter-app/vendor/codeigniter4/framework/system/Config/Services.php(308): CodeIgniter\Config\BaseService::getSharedInstance()
#4 /home/nikunj-katariya/projects/php/apm-php-examples/codeigniter-app/vendor/codeigniter4/framework/system/Config/BaseService.php(321): CodeIgniter\Config\Services::format()
#5 /home/nikunj-katariya/projects/php/apm-php-examples/codeigniter-app/vendor/codeigniter4/framework/system/Config/BaseService.php(202): CodeIgniter\Config\BaseService::__callStatic()
#6 /home/nikunj-katariya/projects/php/apm-php-examples/codeigniter-app/vendor/codeigniter4/framework/system/Common.php(995): CodeIgniter\Config\BaseService::get()
#7 /home/nikunj-katariya/projects/php/apm-php-examples/codeigniter-app/vendor/codeigniter4/framework/system/API/ResponseTrait.php(301): service()
#8 /home/nikunj-katariya/projects/php/apm-php-examples/codeigniter-app/vendor/codeigniter4/framework/system/API/ResponseTrait.php(106): CodeIgniter\Debug\Exceptions->format()
#9 /home/nikunj-katariya/projects/php/apm-php-examples/codeigniter-app/vendor/codeigniter4/framework/system/Debug/Exceptions.php(188): CodeIgniter\Debug\Exceptions->respond()
#10 [internal function]: CodeIgniter\Debug\Exceptions->exceptionHandler()
#11 {main}
  thrown
【Previous Exception】
Error
Class "Config\Kint" not found
#0 /home/nikunj-katariya/projects/php/apm-php-examples/codeigniter-app/vendor/codeigniter4/framework/system/Autoloader/Autoloader.php(498): CodeIgniter\Autoloader\Autoloader->configureKint()
#1 /home/nikunj-katariya/projects/php/apm-php-examples/codeigniter-app/vendor/codeigniter4/framework/system/Boot.php(331): CodeIgniter\Autoloader\Autoloader->initializeKint()
#2 /home/nikunj-katariya/projects/php/apm-php-examples/codeigniter-app/vendor/codeigniter4/framework/system/Boot.php(57): CodeIgniter\Boot::initializeKint()
#3 /home/nikunj-katariya/projects/php/apm-php-examples/codeigniter-app/public/index.php(86): CodeIgniter\Boot::bootWeb()
#4 {main}
[Method: GET, Route: /]
in SYSTEMPATH/Format/Format.php on line 26.
 1 [internal function]: CodeIgniter\Debug\Exceptions->shutdownHandler()
CRITICAL - 2025-09-10 16:06:09 --> Error: Class "Config\Kint" not found
[Method: GET, Route: /]
in SYSTEMPATH/Autoloader/Autoloader.php on line 531.
 1 SYSTEMPATH/Autoloader/Autoloader.php(498): CodeIgniter\Autoloader\Autoloader->configureKint()
 2 SYSTEMPATH/Boot.php(331): CodeIgniter\Autoloader\Autoloader->initializeKint()
 3 SYSTEMPATH/Boot.php(57): CodeIgniter\Boot::initializeKint()
 4 FCPATH/index.php(86): CodeIgniter\Boot::bootWeb()
CRITICAL - 2025-09-10 16:06:32 --> Error: Class "Config\Kint" not found
[Method: GET, Route: /]
in SYSTEMPATH/Autoloader/Autoloader.php on line 531.
 1 SYSTEMPATH/Autoloader/Autoloader.php(498): CodeIgniter\Autoloader\Autoloader->configureKint()
 2 SYSTEMPATH/Boot.php(331): CodeIgniter\Autoloader\Autoloader->initializeKint()
 3 SYSTEMPATH/Boot.php(57): CodeIgniter\Boot::initializeKint()
 4 FCPATH/index.php(86): CodeIgniter\Boot::bootWeb()
CRITICAL - 2025-09-10 16:06:32 --> Error: Class "Config\Kint" not found
[Method: GET, Route: favicon.ico]
in SYSTEMPATH/Autoloader/Autoloader.php on line 531.
 1 SYSTEMPATH/Autoloader/Autoloader.php(498): CodeIgniter\Autoloader\Autoloader->configureKint()
 2 SYSTEMPATH/Boot.php(331): CodeIgniter\Autoloader\Autoloader->initializeKint()
 3 SYSTEMPATH/Boot.php(57): CodeIgniter\Boot::initializeKint()
 4 FCPATH/index.php(86): CodeIgniter\Boot::bootWeb()
CRITICAL - 2025-09-10 16:06:44 --> Error: Undefined constant Kint\Renderer\AbstractRenderer::SORT_FULL
[Method: GET, Route: /]
in APPPATH/Config/Kint.php on line 62.
 1 SYSTEMPATH/Autoloader/Autoloader.php(531): [constant expression]()
 2 SYSTEMPATH/Autoloader/Autoloader.php(498): CodeIgniter\Autoloader\Autoloader->configureKint()
 3 SYSTEMPATH/Boot.php(331): CodeIgniter\Autoloader\Autoloader->initializeKint()
 4 SYSTEMPATH/Boot.php(57): CodeIgniter\Boot::initializeKint()
 5 FCPATH/index.php(86): CodeIgniter\Boot::bootWeb()
CRITICAL - 2025-09-10 16:07:33 --> ErrorException: Undefined property: Config\Kint::$maxDepth
[Method: GET, Route: /]
in SYSTEMPATH/Autoloader/Autoloader.php on line 533.
 1 SYSTEMPATH/Autoloader/Autoloader.php(533): CodeIgniter\Debug\Exceptions->errorHandler()
 2 SYSTEMPATH/Autoloader/Autoloader.php(498): CodeIgniter\Autoloader\Autoloader->configureKint()
 3 SYSTEMPATH/Boot.php(331): CodeIgniter\Autoloader\Autoloader->initializeKint()
 4 SYSTEMPATH/Boot.php(57): CodeIgniter\Boot::initializeKint()
 5 FCPATH/index.php(86): CodeIgniter\Boot::bootWeb()
CRITICAL - 2025-09-10 16:07:45 --> ErrorException: Undefined property: Config\Kint::$displayCalledFrom
[Method: GET, Route: /]
in SYSTEMPATH/Autoloader/Autoloader.php on line 534.
 1 SYSTEMPATH/Autoloader/Autoloader.php(534): CodeIgniter\Debug\Exceptions->errorHandler()
 2 SYSTEMPATH/Autoloader/Autoloader.php(498): CodeIgniter\Autoloader\Autoloader->configureKint()
 3 SYSTEMPATH/Boot.php(331): CodeIgniter\Autoloader\Autoloader->initializeKint()
 4 SYSTEMPATH/Boot.php(57): CodeIgniter\Boot::initializeKint()
 5 FCPATH/index.php(86): CodeIgniter\Boot::bootWeb()
CRITICAL - 2025-09-10 16:07:45 --> ErrorException: Undefined property: Config\Kint::$displayCalledFrom
[Method: GET, Route: favicon.ico]
in SYSTEMPATH/Autoloader/Autoloader.php on line 534.
 1 SYSTEMPATH/Autoloader/Autoloader.php(534): CodeIgniter\Debug\Exceptions->errorHandler()
 2 SYSTEMPATH/Autoloader/Autoloader.php(498): CodeIgniter\Autoloader\Autoloader->configureKint()
 3 SYSTEMPATH/Boot.php(331): CodeIgniter\Autoloader\Autoloader->initializeKint()
 4 SYSTEMPATH/Boot.php(57): CodeIgniter\Boot::initializeKint()
 5 FCPATH/index.php(86): CodeIgniter\Boot::bootWeb()
CRITICAL - 2025-09-10 16:07:45 --> ErrorException: Undefined property: Config\Kint::$displayCalledFrom
[Method: GET, Route: /]
in SYSTEMPATH/Autoloader/Autoloader.php on line 534.
 1 SYSTEMPATH/Autoloader/Autoloader.php(534): CodeIgniter\Debug\Exceptions->errorHandler()
 2 SYSTEMPATH/Autoloader/Autoloader.php(498): CodeIgniter\Autoloader\Autoloader->configureKint()
 3 SYSTEMPATH/Boot.php(331): CodeIgniter\Autoloader\Autoloader->initializeKint()
 4 SYSTEMPATH/Boot.php(57): CodeIgniter\Boot::initializeKint()
 5 FCPATH/index.php(86): CodeIgniter\Boot::bootWeb()
CRITICAL - 2025-09-10 16:07:45 --> ErrorException: Undefined property: Config\Kint::$displayCalledFrom
[Method: GET, Route: favicon.ico]
in SYSTEMPATH/Autoloader/Autoloader.php on line 534.
 1 SYSTEMPATH/Autoloader/Autoloader.php(534): CodeIgniter\Debug\Exceptions->errorHandler()
 2 SYSTEMPATH/Autoloader/Autoloader.php(498): CodeIgniter\Autoloader\Autoloader->configureKint()
 3 SYSTEMPATH/Boot.php(331): CodeIgniter\Autoloader\Autoloader->initializeKint()
 4 SYSTEMPATH/Boot.php(57): CodeIgniter\Boot::initializeKint()
 5 FCPATH/index.php(86): CodeIgniter\Boot::bootWeb()
CRITICAL - 2025-09-10 16:07:46 --> ErrorException: Undefined property: Config\Kint::$displayCalledFrom
[Method: GET, Route: /]
in SYSTEMPATH/Autoloader/Autoloader.php on line 534.
 1 SYSTEMPATH/Autoloader/Autoloader.php(534): CodeIgniter\Debug\Exceptions->errorHandler()
 2 SYSTEMPATH/Autoloader/Autoloader.php(498): CodeIgniter\Autoloader\Autoloader->configureKint()
 3 SYSTEMPATH/Boot.php(331): CodeIgniter\Autoloader\Autoloader->initializeKint()
 4 SYSTEMPATH/Boot.php(57): CodeIgniter\Boot::initializeKint()
 5 FCPATH/index.php(86): CodeIgniter\Boot::bootWeb()
CRITICAL - 2025-09-10 16:07:46 --> ErrorException: Undefined property: Config\Kint::$displayCalledFrom
[Method: GET, Route: favicon.ico]
in SYSTEMPATH/Autoloader/Autoloader.php on line 534.
 1 SYSTEMPATH/Autoloader/Autoloader.php(534): CodeIgniter\Debug\Exceptions->errorHandler()
 2 SYSTEMPATH/Autoloader/Autoloader.php(498): CodeIgniter\Autoloader\Autoloader->configureKint()
 3 SYSTEMPATH/Boot.php(331): CodeIgniter\Autoloader\Autoloader->initializeKint()
 4 SYSTEMPATH/Boot.php(57): CodeIgniter\Boot::initializeKint()
 5 FCPATH/index.php(86): CodeIgniter\Boot::bootWeb()
CRITICAL - 2025-09-10 16:07:46 --> ErrorException: Undefined property: Config\Kint::$displayCalledFrom
[Method: GET, Route: /]
in SYSTEMPATH/Autoloader/Autoloader.php on line 534.
 1 SYSTEMPATH/Autoloader/Autoloader.php(534): CodeIgniter\Debug\Exceptions->errorHandler()
 2 SYSTEMPATH/Autoloader/Autoloader.php(498): CodeIgniter\Autoloader\Autoloader->configureKint()
 3 SYSTEMPATH/Boot.php(331): CodeIgniter\Autoloader\Autoloader->initializeKint()
 4 SYSTEMPATH/Boot.php(57): CodeIgniter\Boot::initializeKint()
 5 FCPATH/index.php(86): CodeIgniter\Boot::bootWeb()
CRITICAL - 2025-09-10 16:07:46 --> ErrorException: Undefined property: Config\Kint::$displayCalledFrom
[Method: GET, Route: favicon.ico]
in SYSTEMPATH/Autoloader/Autoloader.php on line 534.
 1 SYSTEMPATH/Autoloader/Autoloader.php(534): CodeIgniter\Debug\Exceptions->errorHandler()
 2 SYSTEMPATH/Autoloader/Autoloader.php(498): CodeIgniter\Autoloader\Autoloader->configureKint()
 3 SYSTEMPATH/Boot.php(331): CodeIgniter\Autoloader\Autoloader->initializeKint()
 4 SYSTEMPATH/Boot.php(57): CodeIgniter\Boot::initializeKint()
 5 FCPATH/index.php(86): CodeIgniter\Boot::bootWeb()
CRITICAL - 2025-09-10 16:08:07 --> ErrorException: Undefined property: Config\Kint::$displayCalledFrom
[Method: GET, Route: /]
in SYSTEMPATH/Autoloader/Autoloader.php on line 534.
 1 SYSTEMPATH/Autoloader/Autoloader.php(534): CodeIgniter\Debug\Exceptions->errorHandler()
 2 SYSTEMPATH/Autoloader/Autoloader.php(498): CodeIgniter\Autoloader\Autoloader->configureKint()
 3 SYSTEMPATH/Boot.php(331): CodeIgniter\Autoloader\Autoloader->initializeKint()
 4 SYSTEMPATH/Boot.php(57): CodeIgniter\Boot::initializeKint()
 5 FCPATH/index.php(86): CodeIgniter\Boot::bootWeb()
CRITICAL - 2025-09-10 16:08:33 --> TypeError: Cannot assign array to property Kint\Renderer\RichRenderer::$theme of type ?string
[Method: GET, Route: /]
in SYSTEMPATH/Autoloader/Autoloader.php on line 547.
 1 SYSTEMPATH/Autoloader/Autoloader.php(498): CodeIgniter\Autoloader\Autoloader->configureKint()
 2 SYSTEMPATH/Boot.php(331): CodeIgniter\Autoloader\Autoloader->initializeKint()
 3 SYSTEMPATH/Boot.php(57): CodeIgniter\Boot::initializeKint()
 4 FCPATH/index.php(86): CodeIgniter\Boot::bootWeb()
CRITICAL - 2025-09-10 16:08:52 --> TypeError: Cannot assign array to property Kint\Renderer\RichRenderer::$theme of type ?string
[Method: GET, Route: /]
in SYSTEMPATH/Autoloader/Autoloader.php on line 547.
 1 SYSTEMPATH/Autoloader/Autoloader.php(498): CodeIgniter\Autoloader\Autoloader->configureKint()
 2 SYSTEMPATH/Boot.php(331): CodeIgniter\Autoloader\Autoloader->initializeKint()
 3 SYSTEMPATH/Boot.php(57): CodeIgniter\Boot::initializeKint()
 4 FCPATH/index.php(86): CodeIgniter\Boot::bootWeb()
CRITICAL - 2025-09-10 16:09:36 --> TypeError: Cannot assign array to property Kint\Renderer\RichRenderer::$theme of type ?string
[Method: GET, Route: /]
in SYSTEMPATH/Autoloader/Autoloader.php on line 547.
 1 SYSTEMPATH/Autoloader/Autoloader.php(498): CodeIgniter\Autoloader\Autoloader->configureKint()
 2 SYSTEMPATH/Boot.php(331): CodeIgniter\Autoloader\Autoloader->initializeKint()
 3 SYSTEMPATH/Boot.php(57): CodeIgniter\Boot::initializeKint()
 4 FCPATH/index.php(86): CodeIgniter\Boot::bootWeb()
CRITICAL - 2025-09-10 16:09:52 --> TypeError: Cannot assign array to property Kint\Renderer\RichRenderer::$theme of type ?string
[Method: GET, Route: /]
in SYSTEMPATH/Autoloader/Autoloader.php on line 547.
 1 SYSTEMPATH/Autoloader/Autoloader.php(498): CodeIgniter\Autoloader\Autoloader->configureKint()
 2 SYSTEMPATH/Boot.php(331): CodeIgniter\Autoloader\Autoloader->initializeKint()
 3 SYSTEMPATH/Boot.php(57): CodeIgniter\Boot::initializeKint()
 4 FCPATH/index.php(86): CodeIgniter\Boot::bootWeb()
CRITICAL - 2025-09-10 16:09:52 --> TypeError: Cannot assign array to property Kint\Renderer\RichRenderer::$theme of type ?string
[Method: GET, Route: favicon.ico]
in SYSTEMPATH/Autoloader/Autoloader.php on line 547.
 1 SYSTEMPATH/Autoloader/Autoloader.php(498): CodeIgniter\Autoloader\Autoloader->configureKint()
 2 SYSTEMPATH/Boot.php(331): CodeIgniter\Autoloader\Autoloader->initializeKint()
 3 SYSTEMPATH/Boot.php(57): CodeIgniter\Boot::initializeKint()
 4 FCPATH/index.php(86): CodeIgniter\Boot::bootWeb()
CRITICAL - 2025-09-10 16:09:52 --> TypeError: Cannot assign array to property Kint\Renderer\RichRenderer::$theme of type ?string
[Method: GET, Route: /]
in SYSTEMPATH/Autoloader/Autoloader.php on line 547.
 1 SYSTEMPATH/Autoloader/Autoloader.php(498): CodeIgniter\Autoloader\Autoloader->configureKint()
 2 SYSTEMPATH/Boot.php(331): CodeIgniter\Autoloader\Autoloader->initializeKint()
 3 SYSTEMPATH/Boot.php(57): CodeIgniter\Boot::initializeKint()
 4 FCPATH/index.php(86): CodeIgniter\Boot::bootWeb()
CRITICAL - 2025-09-10 16:09:52 --> TypeError: Cannot assign array to property Kint\Renderer\RichRenderer::$theme of type ?string
[Method: GET, Route: favicon.ico]
in SYSTEMPATH/Autoloader/Autoloader.php on line 547.
 1 SYSTEMPATH/Autoloader/Autoloader.php(498): CodeIgniter\Autoloader\Autoloader->configureKint()
 2 SYSTEMPATH/Boot.php(331): CodeIgniter\Autoloader\Autoloader->initializeKint()
 3 SYSTEMPATH/Boot.php(57): CodeIgniter\Boot::initializeKint()
 4 FCPATH/index.php(86): CodeIgniter\Boot::bootWeb()
CRITICAL - 2025-09-10 16:10:23 --> ErrorException: Undefined property: Config\Kint::$richTheme
[Method: GET, Route: /]
in SYSTEMPATH/Autoloader/Autoloader.php on line 547.
 1 SYSTEMPATH/Autoloader/Autoloader.php(547): CodeIgniter\Debug\Exceptions->errorHandler()
 2 SYSTEMPATH/Autoloader/Autoloader.php(498): CodeIgniter\Autoloader\Autoloader->configureKint()
 3 SYSTEMPATH/Boot.php(331): CodeIgniter\Autoloader\Autoloader->initializeKint()
 4 SYSTEMPATH/Boot.php(57): CodeIgniter\Boot::initializeKint()
 5 FCPATH/index.php(86): CodeIgniter\Boot::bootWeb()
CRITICAL - 2025-09-10 16:10:38 --> ErrorException: Undefined property: Config\Kint::$richFolder
[Method: GET, Route: /]
in SYSTEMPATH/Autoloader/Autoloader.php on line 548.
 1 SYSTEMPATH/Autoloader/Autoloader.php(548): CodeIgniter\Debug\Exceptions->errorHandler()
 2 SYSTEMPATH/Autoloader/Autoloader.php(498): CodeIgniter\Autoloader\Autoloader->configureKint()
 3 SYSTEMPATH/Boot.php(331): CodeIgniter\Autoloader\Autoloader->initializeKint()
 4 SYSTEMPATH/Boot.php(57): CodeIgniter\Boot::initializeKint()
 5 FCPATH/index.php(86): CodeIgniter\Boot::bootWeb()
CRITICAL - 2025-09-10 16:10:38 --> ErrorException: Undefined property: Config\Kint::$richFolder
[Method: GET, Route: favicon.ico]
in SYSTEMPATH/Autoloader/Autoloader.php on line 548.
 1 SYSTEMPATH/Autoloader/Autoloader.php(548): CodeIgniter\Debug\Exceptions->errorHandler()
 2 SYSTEMPATH/Autoloader/Autoloader.php(498): CodeIgniter\Autoloader\Autoloader->configureKint()
 3 SYSTEMPATH/Boot.php(331): CodeIgniter\Autoloader\Autoloader->initializeKint()
 4 SYSTEMPATH/Boot.php(57): CodeIgniter\Boot::initializeKint()
 5 FCPATH/index.php(86): CodeIgniter\Boot::bootWeb()
CRITICAL - 2025-09-10 16:10:50 --> ErrorException: Undefined property: Config\Kint::$richFolder
[Method: GET, Route: /]
in SYSTEMPATH/Autoloader/Autoloader.php on line 548.
 1 SYSTEMPATH/Autoloader/Autoloader.php(548): CodeIgniter\Debug\Exceptions->errorHandler()
 2 SYSTEMPATH/Autoloader/Autoloader.php(498): CodeIgniter\Autoloader\Autoloader->configureKint()
 3 SYSTEMPATH/Boot.php(331): CodeIgniter\Autoloader\Autoloader->initializeKint()
 4 SYSTEMPATH/Boot.php(57): CodeIgniter\Boot::initializeKint()
 5 FCPATH/index.php(86): CodeIgniter\Boot::bootWeb()
CRITICAL - 2025-09-10 16:11:26 --> ErrorException: Undefined property: Config\Kint::$cliForceUTF8
[Method: GET, Route: /]
in SYSTEMPATH/Autoloader/Autoloader.php on line 558.
 1 SYSTEMPATH/Autoloader/Autoloader.php(558): CodeIgniter\Debug\Exceptions->errorHandler()
 2 SYSTEMPATH/Autoloader/Autoloader.php(498): CodeIgniter\Autoloader\Autoloader->configureKint()
 3 SYSTEMPATH/Boot.php(331): CodeIgniter\Autoloader\Autoloader->initializeKint()
 4 SYSTEMPATH/Boot.php(57): CodeIgniter\Boot::initializeKint()
 5 FCPATH/index.php(86): CodeIgniter\Boot::bootWeb()
CRITICAL - 2025-09-10 16:11:48 --> ErrorException: Undefined property: Config\Kint::$cliMinWidth
[Method: GET, Route: /]
in SYSTEMPATH/Autoloader/Autoloader.php on line 560.
 1 SYSTEMPATH/Autoloader/Autoloader.php(560): CodeIgniter\Debug\Exceptions->errorHandler()
 2 SYSTEMPATH/Autoloader/Autoloader.php(498): CodeIgniter\Autoloader\Autoloader->configureKint()
 3 SYSTEMPATH/Boot.php(331): CodeIgniter\Autoloader\Autoloader->initializeKint()
 4 SYSTEMPATH/Boot.php(57): CodeIgniter\Boot::initializeKint()
 5 FCPATH/index.php(86): CodeIgniter\Boot::bootWeb()
CRITICAL - 2025-09-10 16:12:09 --> TypeError: CodeIgniter\Cache\CacheFactory::getHandler(): Argument #1 ($config) must be of type Config\Cache, null given, called in /home/nikunj-katariya/projects/php/apm-php-examples/codeigniter-app/vendor/codeigniter4/framework/system/Config/Services.php on line 129
[Method: GET, Route: /]
in SYSTEMPATH/Cache/CacheFactory.php on line 50.
 1 SYSTEMPATH/Config/Services.php(129): CodeIgniter\Cache\CacheFactory::getHandler()
 2 SYSTEMPATH/Config/BaseService.php(312): CodeIgniter\Config\Services::cache()
 3 SYSTEMPATH/Config/BaseService.php(251): CodeIgniter\Config\BaseService::__callStatic()
 4 SYSTEMPATH/Config/Services.php(124): CodeIgniter\Config\BaseService::getSharedInstance()
 5 SYSTEMPATH/Config/BaseService.php(321): CodeIgniter\Config\Services::cache()
 6 SYSTEMPATH/Config/BaseService.php(202): CodeIgniter\Config\BaseService::__callStatic()
 7 SYSTEMPATH/Config/Services.php(454): CodeIgniter\Config\BaseService::get()
 8 SYSTEMPATH/Config/BaseService.php(312): CodeIgniter\Config\Services::responsecache()
 9 SYSTEMPATH/Config/BaseService.php(251): CodeIgniter\Config\BaseService::__callStatic()
10 SYSTEMPATH/Config/Services.php(450): CodeIgniter\Config\BaseService::getSharedInstance()
11 SYSTEMPATH/Config/BaseService.php(321): CodeIgniter\Config\Services::responsecache()
12 SYSTEMPATH/CodeIgniter.php(178): CodeIgniter\Config\BaseService::__callStatic()
13 SYSTEMPATH/Config/Services.php(164): CodeIgniter\CodeIgniter->__construct()
14 SYSTEMPATH/Config/BaseService.php(312): CodeIgniter\Config\Services::codeigniter()
15 SYSTEMPATH/Config/BaseService.php(251): CodeIgniter\Config\BaseService::__callStatic()
16 SYSTEMPATH/Config/Services.php(159): CodeIgniter\Config\BaseService::getSharedInstance()
17 SYSTEMPATH/Config/BaseService.php(321): CodeIgniter\Config\Services::codeigniter()
18 SYSTEMPATH/Config/BaseService.php(202): CodeIgniter\Config\BaseService::__callStatic()
19 SYSTEMPATH/Common.php(995): CodeIgniter\Config\BaseService::get()
20 SYSTEMPATH/Boot.php(349): service()
21 SYSTEMPATH/Boot.php(67): CodeIgniter\Boot::initializeCodeIgniter()
22 FCPATH/index.php(86): CodeIgniter\Boot::bootWeb()
CRITICAL - 2025-09-10 16:12:46 --> ErrorException: include(/home/nikunj-katariya/projects/php/apm-php-examples/codeigniter-app/app/Config/Events.php): Failed to open stream: No such file or directory
[Method: GET, Route: /]
in SYSTEMPATH/Events/Events.php on line 95.
 1 SYSTEMPATH/Events/Events.php(95): CodeIgniter\Debug\Exceptions->errorHandler()
 2 SYSTEMPATH/Events/Events.php(95): include()
 3 SYSTEMPATH/Events/Events.php(144): CodeIgniter\Events\Events::initialize()
 4 SYSTEMPATH/CodeIgniter.php(339): CodeIgniter\Events\Events::trigger()
 5 SYSTEMPATH/Boot.php(363): CodeIgniter\CodeIgniter->run()
 6 SYSTEMPATH/Boot.php(68): CodeIgniter\Boot::runCodeIgniter()
 7 FCPATH/index.php(86): CodeIgniter\Boot::bootWeb()
CRITICAL - 2025-09-10 16:14:48 --> Error: Call to undefined method CodeIgniter\Debug\Toolbar\Collectors\Logs::collect()
[Method: GET, Route: /]
in SYSTEMPATH/Events/Events.php on line 152.
 1 SYSTEMPATH/CodeIgniter.php(339): CodeIgniter\Events\Events::trigger()
 2 SYSTEMPATH/Boot.php(363): CodeIgniter\CodeIgniter->run()
 3 SYSTEMPATH/Boot.php(68): CodeIgniter\Boot::runCodeIgniter()
 4 FCPATH/index.php(86): CodeIgniter\Boot::bootWeb()
CRITICAL - 2025-09-10 16:14:48 --> Error: Call to undefined method CodeIgniter\Debug\Toolbar\Collectors\Logs::collect()
[Method: GET, Route: favicon.ico]
in SYSTEMPATH/Events/Events.php on line 152.
 1 SYSTEMPATH/CodeIgniter.php(339): CodeIgniter\Events\Events::trigger()
 2 SYSTEMPATH/Boot.php(363): CodeIgniter\CodeIgniter->run()
 3 SYSTEMPATH/Boot.php(68): CodeIgniter\Boot::runCodeIgniter()
 4 FCPATH/index.php(86): CodeIgniter\Boot::bootWeb()
CRITICAL - 2025-09-10 16:14:56 --> Error: Call to undefined method CodeIgniter\Debug\Toolbar\Collectors\Logs::collect()
[Method: GET, Route: /]
in SYSTEMPATH/Events/Events.php on line 152.
 1 SYSTEMPATH/CodeIgniter.php(339): CodeIgniter\Events\Events::trigger()
 2 SYSTEMPATH/Boot.php(363): CodeIgniter\CodeIgniter->run()
 3 SYSTEMPATH/Boot.php(68): CodeIgniter\Boot::runCodeIgniter()
 4 FCPATH/index.php(86): CodeIgniter\Boot::bootWeb()
CRITICAL - 2025-09-10 16:15:28 --> TypeError: CodeIgniter\Router\RouteCollection::__construct(): Argument #3 ($routing) must be of type Config\Routing, null given, called in /home/nikunj-katariya/projects/php/apm-php-examples/codeigniter-app/vendor/codeigniter4/framework/system/Config/Services.php on line 622
[Method: GET, Route: /]
in SYSTEMPATH/Router/RouteCollection.php on line 280.
 1 SYSTEMPATH/Config/Services.php(622): CodeIgniter\Router\RouteCollection->__construct()
 2 SYSTEMPATH/Config/BaseService.php(312): CodeIgniter\Config\Services::routes()
 3 SYSTEMPATH/Config/BaseService.php(251): CodeIgniter\Config\BaseService::__callStatic()
 4 SYSTEMPATH/Config/Services.php(619): CodeIgniter\Config\BaseService::getSharedInstance()
 5 SYSTEMPATH/Config/BaseService.php(321): CodeIgniter\Config\Services::routes()
 6 SYSTEMPATH/Config/BaseService.php(202): CodeIgniter\Config\BaseService::__callStatic()
 7 SYSTEMPATH/Common.php(995): CodeIgniter\Config\BaseService::get()
 8 SYSTEMPATH/CodeIgniter.php(821): service()
 9 SYSTEMPATH/CodeIgniter.php(455): CodeIgniter\CodeIgniter->tryToRouteIt()
10 SYSTEMPATH/CodeIgniter.php(354): CodeIgniter\CodeIgniter->handleRequest()
11 SYSTEMPATH/Boot.php(363): CodeIgniter\CodeIgniter->run()
12 SYSTEMPATH/Boot.php(68): CodeIgniter\Boot::runCodeIgniter()
13 FCPATH/index.php(86): CodeIgniter\Boot::bootWeb()
CRITICAL - 2025-09-10 16:16:18 --> ErrorException: Undefined property: Config\Routing::$override404
[Method: GET, Route: /]
in SYSTEMPATH/Router/RouteCollection.php on line 292.
 1 SYSTEMPATH/Router/RouteCollection.php(292): CodeIgniter\Debug\Exceptions->errorHandler()
 2 SYSTEMPATH/Config/Services.php(622): CodeIgniter\Router\RouteCollection->__construct()
 3 SYSTEMPATH/Config/BaseService.php(312): CodeIgniter\Config\Services::routes()
 4 SYSTEMPATH/Config/BaseService.php(251): CodeIgniter\Config\BaseService::__callStatic()
 5 SYSTEMPATH/Config/Services.php(619): CodeIgniter\Config\BaseService::getSharedInstance()
 6 SYSTEMPATH/Config/BaseService.php(321): CodeIgniter\Config\Services::routes()
 7 SYSTEMPATH/Config/BaseService.php(202): CodeIgniter\Config\BaseService::__callStatic()
 8 SYSTEMPATH/Common.php(995): CodeIgniter\Config\BaseService::get()
 9 SYSTEMPATH/CodeIgniter.php(821): service()
10 SYSTEMPATH/CodeIgniter.php(455): CodeIgniter\CodeIgniter->tryToRouteIt()
11 SYSTEMPATH/CodeIgniter.php(354): CodeIgniter\CodeIgniter->handleRequest()
12 SYSTEMPATH/Boot.php(363): CodeIgniter\CodeIgniter->run()
13 SYSTEMPATH/Boot.php(68): CodeIgniter\Boot::runCodeIgniter()
14 FCPATH/index.php(86): CodeIgniter\Boot::bootWeb()
CRITICAL - 2025-09-10 16:16:47 --> ErrorException: Undefined property: Config\Routing::$routeFiles
[Method: GET, Route: /]
in SYSTEMPATH/Router/RouteCollection.php on line 294.
 1 SYSTEMPATH/Router/RouteCollection.php(294): CodeIgniter\Debug\Exceptions->errorHandler()
 2 SYSTEMPATH/Config/Services.php(622): CodeIgniter\Router\RouteCollection->__construct()
 3 SYSTEMPATH/Config/BaseService.php(312): CodeIgniter\Config\Services::routes()
 4 SYSTEMPATH/Config/BaseService.php(251): CodeIgniter\Config\BaseService::__callStatic()
 5 SYSTEMPATH/Config/Services.php(619): CodeIgniter\Config\BaseService::getSharedInstance()
 6 SYSTEMPATH/Config/BaseService.php(321): CodeIgniter\Config\Services::routes()
 7 SYSTEMPATH/Config/BaseService.php(202): CodeIgniter\Config\BaseService::__callStatic()
 8 SYSTEMPATH/Common.php(995): CodeIgniter\Config\BaseService::get()
 9 SYSTEMPATH/CodeIgniter.php(821): service()
10 SYSTEMPATH/CodeIgniter.php(455): CodeIgniter\CodeIgniter->tryToRouteIt()
11 SYSTEMPATH/CodeIgniter.php(354): CodeIgniter\CodeIgniter->handleRequest()
12 SYSTEMPATH/Boot.php(363): CodeIgniter\CodeIgniter->run()
13 SYSTEMPATH/Boot.php(68): CodeIgniter\Boot::runCodeIgniter()
14 FCPATH/index.php(86): CodeIgniter\Boot::bootWeb()
CRITICAL - 2025-09-10 16:17:16 --> TypeError: CodeIgniter\View\View::__construct(): Argument #1 ($config) must be of type Config\View, null given, called in /home/nikunj-katariya/projects/php/apm-php-examples/codeigniter-app/vendor/codeigniter4/framework/system/Config/Services.php on line 509
[Method: GET, Route: /]
in SYSTEMPATH/View/View.php on line 135.
 1 SYSTEMPATH/Config/Services.php(509): CodeIgniter\View\View->__construct()
 2 SYSTEMPATH/Config/BaseService.php(312): CodeIgniter\Config\Services::renderer()
 3 SYSTEMPATH/Config/BaseService.php(251): CodeIgniter\Config\BaseService::__callStatic()
 4 SYSTEMPATH/Config/Services.php(503): CodeIgniter\Config\BaseService::getSharedInstance()
 5 SYSTEMPATH/Config/BaseService.php(321): CodeIgniter\Config\Services::renderer()
 6 SYSTEMPATH/Config/BaseService.php(202): CodeIgniter\Config\BaseService::__callStatic()
 7 SYSTEMPATH/Common.php(995): CodeIgniter\Config\BaseService::get()
 8 SYSTEMPATH/Common.php(1157): service()
 9 APPPATH/Controllers/ApmController.php(73): view()
10 SYSTEMPATH/CodeIgniter.php(933): App\Controllers\ApmController->index()
11 SYSTEMPATH/CodeIgniter.php(507): CodeIgniter\CodeIgniter->runController()
12 SYSTEMPATH/CodeIgniter.php(354): CodeIgniter\CodeIgniter->handleRequest()
13 SYSTEMPATH/Boot.php(363): CodeIgniter\CodeIgniter->run()
14 SYSTEMPATH/Boot.php(68): CodeIgniter\Boot::runCodeIgniter()
15 FCPATH/index.php(86): CodeIgniter\Boot::bootWeb()
CRITICAL - 2025-09-10 16:17:55 --> TypeError: Cannot assign string to property Config\View::$viewPath of type array
[Method: GET, Route: /]
in SYSTEMPATH/Config/Factories.php on line 236.
 1 SYSTEMPATH/Config/Factories.php(170): CodeIgniter\Config\Factories::createInstance()
 2 SYSTEMPATH/Config/Factories.php(189): CodeIgniter\Config\Factories::__callStatic()
 3 SYSTEMPATH/Common.php(208): CodeIgniter\Config\Factories::get()
 4 SYSTEMPATH/Config/Services.php(507): config()
 5 SYSTEMPATH/Config/BaseService.php(312): CodeIgniter\Config\Services::renderer()
 6 SYSTEMPATH/Config/BaseService.php(251): CodeIgniter\Config\BaseService::__callStatic()
 7 SYSTEMPATH/Config/Services.php(503): CodeIgniter\Config\BaseService::getSharedInstance()
 8 SYSTEMPATH/Config/BaseService.php(321): CodeIgniter\Config\Services::renderer()
 9 SYSTEMPATH/Config/BaseService.php(202): CodeIgniter\Config\BaseService::__callStatic()
10 SYSTEMPATH/Common.php(995): CodeIgniter\Config\BaseService::get()
11 SYSTEMPATH/Common.php(1157): service()
12 APPPATH/Controllers/ApmController.php(73): view()
13 SYSTEMPATH/CodeIgniter.php(933): App\Controllers\ApmController->index()
14 SYSTEMPATH/CodeIgniter.php(507): CodeIgniter\CodeIgniter->runController()
15 SYSTEMPATH/CodeIgniter.php(354): CodeIgniter\CodeIgniter->handleRequest()
16 SYSTEMPATH/Boot.php(363): CodeIgniter\CodeIgniter->run()
17 SYSTEMPATH/Boot.php(68): CodeIgniter\Boot::runCodeIgniter()
18 FCPATH/index.php(86): CodeIgniter\Boot::bootWeb()
CRITICAL - 2025-09-10 16:18:23 --> ErrorException: Undefined property: Config\View::$decorators
[Method: GET, Route: /]
in SYSTEMPATH/View/ViewDecoratorTrait.php on line 27.
 1 SYSTEMPATH/View/ViewDecoratorTrait.php(27): CodeIgniter\Debug\Exceptions->errorHandler()
 2 SYSTEMPATH/View/View.php(247): CodeIgniter\View\View->decorateOutput()
 3 SYSTEMPATH/Common.php(1167): CodeIgniter\View\View->render()
 4 APPPATH/Controllers/ApmController.php(73): view()
 5 SYSTEMPATH/CodeIgniter.php(933): App\Controllers\ApmController->index()
 6 SYSTEMPATH/CodeIgniter.php(507): CodeIgniter\CodeIgniter->runController()
 7 SYSTEMPATH/CodeIgniter.php(354): CodeIgniter\CodeIgniter->handleRequest()
 8 SYSTEMPATH/Boot.php(363): CodeIgniter\CodeIgniter->run()
 9 SYSTEMPATH/Boot.php(68): CodeIgniter\Boot::runCodeIgniter()
10 FCPATH/index.php(86): CodeIgniter\Boot::bootWeb()
CRITICAL - 2025-09-10 16:18:55 --> ErrorException: Attempt to read property "collectors" on null
[Method: GET, Route: /]
in SYSTEMPATH/View/View.php on line 269.
 1 SYSTEMPATH/View/View.php(269): CodeIgniter\Debug\Exceptions->errorHandler()
 2 SYSTEMPATH/Common.php(1167): CodeIgniter\View\View->render()
 3 APPPATH/Controllers/ApmController.php(73): view()
 4 SYSTEMPATH/CodeIgniter.php(933): App\Controllers\ApmController->index()
 5 SYSTEMPATH/CodeIgniter.php(507): CodeIgniter\CodeIgniter->runController()
 6 SYSTEMPATH/CodeIgniter.php(354): CodeIgniter\CodeIgniter->handleRequest()
 7 SYSTEMPATH/Boot.php(363): CodeIgniter\CodeIgniter->run()
 8 SYSTEMPATH/Boot.php(68): CodeIgniter\Boot::runCodeIgniter()
 9 FCPATH/index.php(86): CodeIgniter\Boot::bootWeb()
CRITICAL - 2025-09-10 16:19:39 --> Error: Class "Config\Database" not found
[Method: GET, Route: /]
in SYSTEMPATH/Debug/Toolbar/Collectors/Database.php on line 258.
 1 SYSTEMPATH/Debug/Toolbar/Collectors/Database.php(75): CodeIgniter\Debug\Toolbar\Collectors\Database->getConnections()
 2 SYSTEMPATH/Debug/Toolbar.php(67): CodeIgniter\Debug\Toolbar\Collectors\Database->__construct()
 3 SYSTEMPATH/Config/Services.php(801): CodeIgniter\Debug\Toolbar->__construct()
 4 SYSTEMPATH/Config/BaseService.php(312): CodeIgniter\Config\Services::toolbar()
 5 SYSTEMPATH/Config/BaseService.php(251): CodeIgniter\Config\BaseService::__callStatic()
 6 SYSTEMPATH/Config/Services.php(796): CodeIgniter\Config\BaseService::getSharedInstance()
 7 SYSTEMPATH/Config/BaseService.php(321): CodeIgniter\Config\Services::toolbar()
 8 SYSTEMPATH/Config/BaseService.php(202): CodeIgniter\Config\BaseService::__callStatic()
 9 SYSTEMPATH/Common.php(995): CodeIgniter\Config\BaseService::get()
10 SYSTEMPATH/Filters/DebugToolbar.php(44): service()
11 SYSTEMPATH/Filters/Filters.php(278): CodeIgniter\Filters\DebugToolbar->after()
12 SYSTEMPATH/Filters/Filters.php(364): CodeIgniter\Filters\Filters->runAfter()
13 SYSTEMPATH/CodeIgniter.php(407): CodeIgniter\Filters\Filters->runRequired()
14 SYSTEMPATH/CodeIgniter.php(368): CodeIgniter\CodeIgniter->runRequiredAfterFilters()
15 SYSTEMPATH/Boot.php(363): CodeIgniter\CodeIgniter->run()
16 SYSTEMPATH/Boot.php(68): CodeIgniter\Boot::runCodeIgniter()
17 FCPATH/index.php(86): CodeIgniter\Boot::bootWeb()
CRITICAL - 2025-09-10 16:20:14 --> Toolbar collector does not exist (CodeIgniter\Debug\Toolbar\Collectors\Cache). Please check $collectors in the app/Config/Toolbar.php file.
CRITICAL - 2025-09-10 16:20:18 --> Toolbar collector does not exist (CodeIgniter\Debug\Toolbar\Collectors\Cache). Please check $collectors in the app/Config/Toolbar.php file.
CRITICAL - 2025-09-10 16:20:18 --> Toolbar collector does not exist (CodeIgniter\Debug\Toolbar\Collectors\Cache). Please check $collectors in the app/Config/Toolbar.php file.
CRITICAL - 2025-09-10 16:20:20 --> Toolbar collector does not exist (CodeIgniter\Debug\Toolbar\Collectors\Cache). Please check $collectors in the app/Config/Toolbar.php file.
CRITICAL - 2025-09-10 16:20:20 --> Toolbar collector does not exist (CodeIgniter\Debug\Toolbar\Collectors\Cache). Please check $collectors in the app/Config/Toolbar.php file.
CRITICAL - 2025-09-10 16:20:20 --> Toolbar collector does not exist (CodeIgniter\Debug\Toolbar\Collectors\Cache). Please check $collectors in the app/Config/Toolbar.php file.
CRITICAL - 2025-09-10 16:20:20 --> Toolbar collector does not exist (CodeIgniter\Debug\Toolbar\Collectors\Cache). Please check $collectors in the app/Config/Toolbar.php file.
CRITICAL - 2025-09-10 16:20:20 --> Toolbar collector does not exist (CodeIgniter\Debug\Toolbar\Collectors\Cache). Please check $collectors in the app/Config/Toolbar.php file.
CRITICAL - 2025-09-10 16:20:20 --> Toolbar collector does not exist (CodeIgniter\Debug\Toolbar\Collectors\Cache). Please check $collectors in the app/Config/Toolbar.php file.
CRITICAL - 2025-09-10 16:20:28 --> Toolbar collector does not exist (CodeIgniter\Debug\Toolbar\Collectors\Cache). Please check $collectors in the app/Config/Toolbar.php file.
CRITICAL - 2025-09-10 16:20:30 --> Toolbar collector does not exist (CodeIgniter\Debug\Toolbar\Collectors\Cache). Please check $collectors in the app/Config/Toolbar.php file.
CRITICAL - 2025-09-10 16:20:30 --> Toolbar collector does not exist (CodeIgniter\Debug\Toolbar\Collectors\Cache). Please check $collectors in the app/Config/Toolbar.php file.
CRITICAL - 2025-09-10 16:20:30 --> Toolbar collector does not exist (CodeIgniter\Debug\Toolbar\Collectors\Cache). Please check $collectors in the app/Config/Toolbar.php file.
CRITICAL - 2025-09-10 16:20:30 --> Toolbar collector does not exist (CodeIgniter\Debug\Toolbar\Collectors\Cache). Please check $collectors in the app/Config/Toolbar.php file.
CRITICAL - 2025-09-10 16:20:30 --> Toolbar collector does not exist (CodeIgniter\Debug\Toolbar\Collectors\Cache). Please check $collectors in the app/Config/Toolbar.php file.
CRITICAL - 2025-09-10 16:20:30 --> Toolbar collector does not exist (CodeIgniter\Debug\Toolbar\Collectors\Cache). Please check $collectors in the app/Config/Toolbar.php file.
CRITICAL - 2025-09-10 16:20:35 --> Toolbar collector does not exist (CodeIgniter\Debug\Toolbar\Collectors\Cache). Please check $collectors in the app/Config/Toolbar.php file.
CRITICAL - 2025-09-10 16:20:35 --> Toolbar collector does not exist (CodeIgniter\Debug\Toolbar\Collectors\Cache). Please check $collectors in the app/Config/Toolbar.php file.
CRITICAL - 2025-09-10 16:20:44 --> Toolbar collector does not exist (CodeIgniter\Debug\Toolbar\Collectors\Cache). Please check $collectors in the app/Config/Toolbar.php file.
CRITICAL - 2025-09-10 16:20:44 --> Toolbar collector does not exist (CodeIgniter\Debug\Toolbar\Collectors\Cache). Please check $collectors in the app/Config/Toolbar.php file.
CRITICAL - 2025-09-10 16:20:50 --> Toolbar collector does not exist (CodeIgniter\Debug\Toolbar\Collectors\Cache). Please check $collectors in the app/Config/Toolbar.php file.
CRITICAL - 2025-09-10 16:20:50 --> Toolbar collector does not exist (CodeIgniter\Debug\Toolbar\Collectors\Cache). Please check $collectors in the app/Config/Toolbar.php file.
CRITICAL - 2025-09-10 16:20:58 --> Toolbar collector does not exist (CodeIgniter\Debug\Toolbar\Collectors\Cache). Please check $collectors in the app/Config/Toolbar.php file.
CRITICAL - 2025-09-10 16:20:58 --> Toolbar collector does not exist (CodeIgniter\Debug\Toolbar\Collectors\Cache). Please check $collectors in the app/Config/Toolbar.php file.
CRITICAL - 2025-09-10 16:21:01 --> Toolbar collector does not exist (CodeIgniter\Debug\Toolbar\Collectors\Cache). Please check $collectors in the app/Config/Toolbar.php file.
CRITICAL - 2025-09-10 16:21:01 --> Toolbar collector does not exist (CodeIgniter\Debug\Toolbar\Collectors\Cache). Please check $collectors in the app/Config/Toolbar.php file.
CRITICAL - 2025-09-10 16:21:07 --> Toolbar collector does not exist (CodeIgniter\Debug\Toolbar\Collectors\Cache). Please check $collectors in the app/Config/Toolbar.php file.
CRITICAL - 2025-09-10 16:21:20 --> Toolbar collector does not exist (CodeIgniter\Debug\Toolbar\Collectors\Cache). Please check $collectors in the app/Config/Toolbar.php file.
CRITICAL - 2025-09-10 16:21:28 --> Toolbar collector does not exist (CodeIgniter\Debug\Toolbar\Collectors\Cache). Please check $collectors in the app/Config/Toolbar.php file.
CRITICAL - 2025-09-10 16:21:29 --> Toolbar collector does not exist (CodeIgniter\Debug\Toolbar\Collectors\Cache). Please check $collectors in the app/Config/Toolbar.php file.
CRITICAL - 2025-09-10 16:21:34 --> Toolbar collector does not exist (CodeIgniter\Debug\Toolbar\Collectors\Cache). Please check $collectors in the app/Config/Toolbar.php file.
CRITICAL - 2025-09-10 16:21:34 --> Toolbar collector does not exist (CodeIgniter\Debug\Toolbar\Collectors\Cache). Please check $collectors in the app/Config/Toolbar.php file.
CRITICAL - 2025-09-10 16:22:19 --> Toolbar collector does not exist (CodeIgniter\Debug\Toolbar\Collectors\Cache). Please check $collectors in the app/Config/Toolbar.php file.
CRITICAL - 2025-09-10 16:22:23 --> Toolbar collector does not exist (CodeIgniter\Debug\Toolbar\Collectors\Cache). Please check $collectors in the app/Config/Toolbar.php file.
CRITICAL - 2025-09-10 16:22:23 --> Toolbar collector does not exist (CodeIgniter\Debug\Toolbar\Collectors\Cache). Please check $collectors in the app/Config/Toolbar.php file.
CRITICAL - 2025-09-10 16:22:23 --> Toolbar collector does not exist (CodeIgniter\Debug\Toolbar\Collectors\Cache). Please check $collectors in the app/Config/Toolbar.php file.
CRITICAL - 2025-09-10 16:22:23 --> Toolbar collector does not exist (CodeIgniter\Debug\Toolbar\Collectors\Cache). Please check $collectors in the app/Config/Toolbar.php file.
CRITICAL - 2025-09-10 16:22:24 --> Toolbar collector does not exist (CodeIgniter\Debug\Toolbar\Collectors\Cache). Please check $collectors in the app/Config/Toolbar.php file.
CRITICAL - 2025-09-10 16:22:24 --> Toolbar collector does not exist (CodeIgniter\Debug\Toolbar\Collectors\Cache). Please check $collectors in the app/Config/Toolbar.php file.
CRITICAL - 2025-09-10 16:22:24 --> Toolbar collector does not exist (CodeIgniter\Debug\Toolbar\Collectors\Cache). Please check $collectors in the app/Config/Toolbar.php file.
CRITICAL - 2025-09-10 16:22:24 --> Toolbar collector does not exist (CodeIgniter\Debug\Toolbar\Collectors\Cache). Please check $collectors in the app/Config/Toolbar.php file.
CRITICAL - 2025-09-10 16:22:28 --> Toolbar collector does not exist (CodeIgniter\Debug\Toolbar\Collectors\Cache). Please check $collectors in the app/Config/Toolbar.php file.
CRITICAL - 2025-09-10 16:22:28 --> Toolbar collector does not exist (CodeIgniter\Debug\Toolbar\Collectors\Cache). Please check $collectors in the app/Config/Toolbar.php file.
CRITICAL - 2025-09-10 16:22:43 --> Toolbar collector does not exist (CodeIgniter\Debug\Toolbar\Collectors\Cache). Please check $collectors in the app/Config/Toolbar.php file.
CRITICAL - 2025-09-10 16:22:45 --> Toolbar collector does not exist (CodeIgniter\Debug\Toolbar\Collectors\Cache). Please check $collectors in the app/Config/Toolbar.php file.
CRITICAL - 2025-09-10 16:22:45 --> Toolbar collector does not exist (CodeIgniter\Debug\Toolbar\Collectors\Cache). Please check $collectors in the app/Config/Toolbar.php file.
CRITICAL - 2025-09-10 16:22:45 --> Toolbar collector does not exist (CodeIgniter\Debug\Toolbar\Collectors\Cache). Please check $collectors in the app/Config/Toolbar.php file.
CRITICAL - 2025-09-10 16:22:45 --> Toolbar collector does not exist (CodeIgniter\Debug\Toolbar\Collectors\Cache). Please check $collectors in the app/Config/Toolbar.php file.
CRITICAL - 2025-09-10 16:22:45 --> Toolbar collector does not exist (CodeIgniter\Debug\Toolbar\Collectors\Cache). Please check $collectors in the app/Config/Toolbar.php file.
CRITICAL - 2025-09-10 16:22:45 --> Toolbar collector does not exist (CodeIgniter\Debug\Toolbar\Collectors\Cache). Please check $collectors in the app/Config/Toolbar.php file.
CRITICAL - 2025-09-10 16:22:45 --> Toolbar collector does not exist (CodeIgniter\Debug\Toolbar\Collectors\Cache). Please check $collectors in the app/Config/Toolbar.php file.
CRITICAL - 2025-09-10 16:23:22 --> Toolbar collector does not exist (CodeIgniter\Debug\Toolbar\Collectors\Cache). Please check $collectors in the app/Config/Toolbar.php file.
CRITICAL - 2025-09-10 16:23:42 --> Toolbar collector does not exist (CodeIgniter\Debug\Toolbar\Collectors\Cache). Please check $collectors in the app/Config/Toolbar.php file.
CRITICAL - 2025-09-10 16:23:42 --> Toolbar collector does not exist (CodeIgniter\Debug\Toolbar\Collectors\Cache). Please check $collectors in the app/Config/Toolbar.php file.
CRITICAL - 2025-09-10 16:23:44 --> Toolbar collector does not exist (CodeIgniter\Debug\Toolbar\Collectors\Cache). Please check $collectors in the app/Config/Toolbar.php file.
CRITICAL - 2025-09-10 16:23:44 --> Toolbar collector does not exist (CodeIgniter\Debug\Toolbar\Collectors\Cache). Please check $collectors in the app/Config/Toolbar.php file.
CRITICAL - 2025-09-10 16:23:44 --> Toolbar collector does not exist (CodeIgniter\Debug\Toolbar\Collectors\Cache). Please check $collectors in the app/Config/Toolbar.php file.
CRITICAL - 2025-09-10 16:23:44 --> Toolbar collector does not exist (CodeIgniter\Debug\Toolbar\Collectors\Cache). Please check $collectors in the app/Config/Toolbar.php file.
CRITICAL - 2025-09-10 16:23:45 --> Toolbar collector does not exist (CodeIgniter\Debug\Toolbar\Collectors\Cache). Please check $collectors in the app/Config/Toolbar.php file.
CRITICAL - 2025-09-10 16:23:45 --> Toolbar collector does not exist (CodeIgniter\Debug\Toolbar\Collectors\Cache). Please check $collectors in the app/Config/Toolbar.php file.
CRITICAL - 2025-09-10 16:24:56 --> Toolbar collector does not exist (CodeIgniter\Debug\Toolbar\Collectors\Cache). Please check $collectors in the app/Config/Toolbar.php file.
CRITICAL - 2025-09-10 16:24:56 --> Toolbar collector does not exist (CodeIgniter\Debug\Toolbar\Collectors\Cache). Please check $collectors in the app/Config/Toolbar.php file.
CRITICAL - 2025-09-10 16:24:56 --> Toolbar collector does not exist (CodeIgniter\Debug\Toolbar\Collectors\Cache). Please check $collectors in the app/Config/Toolbar.php file.
CRITICAL - 2025-09-10 16:24:56 --> Toolbar collector does not exist (CodeIgniter\Debug\Toolbar\Collectors\Cache). Please check $collectors in the app/Config/Toolbar.php file.
CRITICAL - 2025-09-10 16:24:57 --> Toolbar collector does not exist (CodeIgniter\Debug\Toolbar\Collectors\Cache). Please check $collectors in the app/Config/Toolbar.php file.
CRITICAL - 2025-09-10 16:24:57 --> Toolbar collector does not exist (CodeIgniter\Debug\Toolbar\Collectors\Cache). Please check $collectors in the app/Config/Toolbar.php file.
CRITICAL - 2025-09-10 16:25:24 --> Toolbar collector does not exist (CodeIgniter\Debug\Toolbar\Collectors\Cache). Please check $collectors in the app/Config/Toolbar.php file.
CRITICAL - 2025-09-10 16:25:29 --> Toolbar collector does not exist (CodeIgniter\Debug\Toolbar\Collectors\Cache). Please check $collectors in the app/Config/Toolbar.php file.
CRITICAL - 2025-09-10 16:25:29 --> Toolbar collector does not exist (CodeIgniter\Debug\Toolbar\Collectors\Cache). Please check $collectors in the app/Config/Toolbar.php file.
CRITICAL - 2025-09-10 16:25:29 --> Toolbar collector does not exist (CodeIgniter\Debug\Toolbar\Collectors\Cache). Please check $collectors in the app/Config/Toolbar.php file.
CRITICAL - 2025-09-10 16:25:29 --> Toolbar collector does not exist (CodeIgniter\Debug\Toolbar\Collectors\Cache). Please check $collectors in the app/Config/Toolbar.php file.
CRITICAL - 2025-09-10 16:25:30 --> Toolbar collector does not exist (CodeIgniter\Debug\Toolbar\Collectors\Cache). Please check $collectors in the app/Config/Toolbar.php file.
CRITICAL - 2025-09-10 16:25:30 --> Toolbar collector does not exist (CodeIgniter\Debug\Toolbar\Collectors\Cache). Please check $collectors in the app/Config/Toolbar.php file.
CRITICAL - 2025-09-10 16:26:12 --> Toolbar collector does not exist (CodeIgniter\Debug\Toolbar\Collectors\Cache). Please check $collectors in the app/Config/Toolbar.php file.
CRITICAL - 2025-09-10 16:26:14 --> Toolbar collector does not exist (CodeIgniter\Debug\Toolbar\Collectors\Cache). Please check $collectors in the app/Config/Toolbar.php file.
CRITICAL - 2025-09-10 16:26:20 --> Toolbar collector does not exist (CodeIgniter\Debug\Toolbar\Collectors\Cache). Please check $collectors in the app/Config/Toolbar.php file.
CRITICAL - 2025-09-10 16:26:20 --> Toolbar collector does not exist (CodeIgniter\Debug\Toolbar\Collectors\Cache). Please check $collectors in the app/Config/Toolbar.php file.
CRITICAL - 2025-09-10 16:26:27 --> Toolbar collector does not exist (CodeIgniter\Debug\Toolbar\Collectors\Cache). Please check $collectors in the app/Config/Toolbar.php file.
CRITICAL - 2025-09-10 16:26:30 --> Toolbar collector does not exist (CodeIgniter\Debug\Toolbar\Collectors\Cache). Please check $collectors in the app/Config/Toolbar.php file.
CRITICAL - 2025-09-10 16:26:43 --> Toolbar collector does not exist (CodeIgniter\Debug\Toolbar\Collectors\Cache). Please check $collectors in the app/Config/Toolbar.php file.
CRITICAL - 2025-09-10 16:26:47 --> Toolbar collector does not exist (CodeIgniter\Debug\Toolbar\Collectors\Cache). Please check $collectors in the app/Config/Toolbar.php file.
CRITICAL - 2025-09-10 16:26:49 --> Toolbar collector does not exist (CodeIgniter\Debug\Toolbar\Collectors\Cache). Please check $collectors in the app/Config/Toolbar.php file.
CRITICAL - 2025-09-10 16:26:51 --> Toolbar collector does not exist (CodeIgniter\Debug\Toolbar\Collectors\Cache). Please check $collectors in the app/Config/Toolbar.php file.
CRITICAL - 2025-09-10 16:26:52 --> Toolbar collector does not exist (CodeIgniter\Debug\Toolbar\Collectors\Cache). Please check $collectors in the app/Config/Toolbar.php file.
CRITICAL - 2025-09-10 16:26:53 --> Toolbar collector does not exist (CodeIgniter\Debug\Toolbar\Collectors\Cache). Please check $collectors in the app/Config/Toolbar.php file.
CRITICAL - 2025-09-10 16:26:56 --> Toolbar collector does not exist (CodeIgniter\Debug\Toolbar\Collectors\Cache). Please check $collectors in the app/Config/Toolbar.php file.
CRITICAL - 2025-09-10 16:26:57 --> Toolbar collector does not exist (CodeIgniter\Debug\Toolbar\Collectors\Cache). Please check $collectors in the app/Config/Toolbar.php file.
CRITICAL - 2025-09-10 16:26:58 --> Toolbar collector does not exist (CodeIgniter\Debug\Toolbar\Collectors\Cache). Please check $collectors in the app/Config/Toolbar.php file.
CRITICAL - 2025-09-10 16:26:59 --> Toolbar collector does not exist (CodeIgniter\Debug\Toolbar\Collectors\Cache). Please check $collectors in the app/Config/Toolbar.php file.
CRITICAL - 2025-09-10 16:27:00 --> Toolbar collector does not exist (CodeIgniter\Debug\Toolbar\Collectors\Cache). Please check $collectors in the app/Config/Toolbar.php file.
CRITICAL - 2025-09-10 16:27:01 --> Toolbar collector does not exist (CodeIgniter\Debug\Toolbar\Collectors\Cache). Please check $collectors in the app/Config/Toolbar.php file.
CRITICAL - 2025-09-10 16:27:03 --> Toolbar collector does not exist (CodeIgniter\Debug\Toolbar\Collectors\Cache). Please check $collectors in the app/Config/Toolbar.php file.
CRITICAL - 2025-09-10 16:27:15 --> Toolbar collector does not exist (CodeIgniter\Debug\Toolbar\Collectors\Cache). Please check $collectors in the app/Config/Toolbar.php file.
CRITICAL - 2025-09-10 16:28:14 --> Toolbar collector does not exist (CodeIgniter\Debug\Toolbar\Collectors\Cache). Please check $collectors in the app/Config/Toolbar.php file.
CRITICAL - 2025-09-10 16:28:45 --> Toolbar collector does not exist (CodeIgniter\Debug\Toolbar\Collectors\Cache). Please check $collectors in the app/Config/Toolbar.php file.
CRITICAL - 2025-09-10 16:29:10 --> Toolbar collector does not exist (CodeIgniter\Debug\Toolbar\Collectors\Cache). Please check $collectors in the app/Config/Toolbar.php file.
CRITICAL - 2025-09-10 16:29:35 --> Toolbar collector does not exist (CodeIgniter\Debug\Toolbar\Collectors\Cache). Please check $collectors in the app/Config/Toolbar.php file.
CRITICAL - 2025-09-10 16:29:35 --> Toolbar collector does not exist (CodeIgniter\Debug\Toolbar\Collectors\Cache). Please check $collectors in the app/Config/Toolbar.php file.
CRITICAL - 2025-09-10 16:29:53 --> Toolbar collector does not exist (CodeIgniter\Debug\Toolbar\Collectors\Cache). Please check $collectors in the app/Config/Toolbar.php file.
CRITICAL - 2025-09-10 16:30:07 --> Toolbar collector does not exist (CodeIgniter\Debug\Toolbar\Collectors\Cache). Please check $collectors in the app/Config/Toolbar.php file.
CRITICAL - 2025-09-10 16:30:14 --> Toolbar collector does not exist (CodeIgniter\Debug\Toolbar\Collectors\Cache). Please check $collectors in the app/Config/Toolbar.php file.
CRITICAL - 2025-09-10 16:31:43 --> Toolbar collector does not exist (CodeIgniter\Debug\Toolbar\Collectors\Cache). Please check $collectors in the app/Config/Toolbar.php file.
CRITICAL - 2025-09-10 16:31:45 --> Toolbar collector does not exist (CodeIgniter\Debug\Toolbar\Collectors\Cache). Please check $collectors in the app/Config/Toolbar.php file.
CRITICAL - 2025-09-10 16:31:55 --> Toolbar collector does not exist (CodeIgniter\Debug\Toolbar\Collectors\Cache). Please check $collectors in the app/Config/Toolbar.php file.
CRITICAL - 2025-09-10 16:31:58 --> Toolbar collector does not exist (CodeIgniter\Debug\Toolbar\Collectors\Cache). Please check $collectors in the app/Config/Toolbar.php file.
CRITICAL - 2025-09-10 16:32:03 --> Toolbar collector does not exist (CodeIgniter\Debug\Toolbar\Collectors\Cache). Please check $collectors in the app/Config/Toolbar.php file.
CRITICAL - 2025-09-10 16:32:05 --> Toolbar collector does not exist (CodeIgniter\Debug\Toolbar\Collectors\Cache). Please check $collectors in the app/Config/Toolbar.php file.
CRITICAL - 2025-09-10 16:32:28 --> Toolbar collector does not exist (CodeIgniter\Debug\Toolbar\Collectors\Cache). Please check $collectors in the app/Config/Toolbar.php file.
CRITICAL - 2025-09-10 16:32:52 --> Toolbar collector does not exist (CodeIgniter\Debug\Toolbar\Collectors\Cache). Please check $collectors in the app/Config/Toolbar.php file.
CRITICAL - 2025-09-10 16:32:55 --> Toolbar collector does not exist (CodeIgniter\Debug\Toolbar\Collectors\Cache). Please check $collectors in the app/Config/Toolbar.php file.
CRITICAL - 2025-09-10 16:33:07 --> Toolbar collector does not exist (CodeIgniter\Debug\Toolbar\Collectors\Cache). Please check $collectors in the app/Config/Toolbar.php file.
CRITICAL - 2025-09-10 16:33:10 --> Toolbar collector does not exist (CodeIgniter\Debug\Toolbar\Collectors\Cache). Please check $collectors in the app/Config/Toolbar.php file.
CRITICAL - 2025-09-10 16:33:10 --> Toolbar collector does not exist (CodeIgniter\Debug\Toolbar\Collectors\Cache). Please check $collectors in the app/Config/Toolbar.php file.
CRITICAL - 2025-09-10 16:33:10 --> Toolbar collector does not exist (CodeIgniter\Debug\Toolbar\Collectors\Cache). Please check $collectors in the app/Config/Toolbar.php file.
CRITICAL - 2025-09-10 16:33:10 --> Toolbar collector does not exist (CodeIgniter\Debug\Toolbar\Collectors\Cache). Please check $collectors in the app/Config/Toolbar.php file.
CRITICAL - 2025-09-10 16:33:10 --> Toolbar collector does not exist (CodeIgniter\Debug\Toolbar\Collectors\Cache). Please check $collectors in the app/Config/Toolbar.php file.
CRITICAL - 2025-09-10 16:33:10 --> Toolbar collector does not exist (CodeIgniter\Debug\Toolbar\Collectors\Cache). Please check $collectors in the app/Config/Toolbar.php file.
CRITICAL - 2025-09-10 16:33:10 --> Toolbar collector does not exist (CodeIgniter\Debug\Toolbar\Collectors\Cache). Please check $collectors in the app/Config/Toolbar.php file.
CRITICAL - 2025-09-10 16:34:18 --> Toolbar collector does not exist (CodeIgniter\Debug\Toolbar\Collectors\Cache). Please check $collectors in the app/Config/Toolbar.php file.
CRITICAL - 2025-09-10 16:34:21 --> Toolbar collector does not exist (CodeIgniter\Debug\Toolbar\Collectors\Cache). Please check $collectors in the app/Config/Toolbar.php file.
CRITICAL - 2025-09-10 16:34:27 --> Toolbar collector does not exist (CodeIgniter\Debug\Toolbar\Collectors\Cache). Please check $collectors in the app/Config/Toolbar.php file.
CRITICAL - 2025-09-10 16:40:34 --> Toolbar collector does not exist (CodeIgniter\Debug\Toolbar\Collectors\Cache). Please check $collectors in the app/Config/Toolbar.php file.
CRITICAL - 2025-09-10 16:40:36 --> Toolbar collector does not exist (CodeIgniter\Debug\Toolbar\Collectors\Cache). Please check $collectors in the app/Config/Toolbar.php file.
CRITICAL - 2025-09-10 16:40:36 --> Toolbar collector does not exist (CodeIgniter\Debug\Toolbar\Collectors\Cache). Please check $collectors in the app/Config/Toolbar.php file.
CRITICAL - 2025-09-10 16:40:36 --> Toolbar collector does not exist (CodeIgniter\Debug\Toolbar\Collectors\Cache). Please check $collectors in the app/Config/Toolbar.php file.
CRITICAL - 2025-09-10 16:40:36 --> Toolbar collector does not exist (CodeIgniter\Debug\Toolbar\Collectors\Cache). Please check $collectors in the app/Config/Toolbar.php file.
CRITICAL - 2025-09-10 16:40:36 --> Toolbar collector does not exist (CodeIgniter\Debug\Toolbar\Collectors\Cache). Please check $collectors in the app/Config/Toolbar.php file.
CRITICAL - 2025-09-10 16:40:36 --> Toolbar collector does not exist (CodeIgniter\Debug\Toolbar\Collectors\Cache). Please check $collectors in the app/Config/Toolbar.php file.
CRITICAL - 2025-09-10 16:40:36 --> Toolbar collector does not exist (CodeIgniter\Debug\Toolbar\Collectors\Cache). Please check $collectors in the app/Config/Toolbar.php file.
CRITICAL - 2025-09-10 16:43:05 --> Toolbar collector does not exist (CodeIgniter\Debug\Toolbar\Collectors\Cache). Please check $collectors in the app/Config/Toolbar.php file.
CRITICAL - 2025-09-10 16:43:09 --> Toolbar collector does not exist (CodeIgniter\Debug\Toolbar\Collectors\Cache). Please check $collectors in the app/Config/Toolbar.php file.
CRITICAL - 2025-09-10 16:43:10 --> Toolbar collector does not exist (CodeIgniter\Debug\Toolbar\Collectors\Cache). Please check $collectors in the app/Config/Toolbar.php file.
CRITICAL - 2025-09-10 16:43:16 --> Toolbar collector does not exist (CodeIgniter\Debug\Toolbar\Collectors\Cache). Please check $collectors in the app/Config/Toolbar.php file.
CRITICAL - 2025-09-10 16:43:50 --> Toolbar collector does not exist (CodeIgniter\Debug\Toolbar\Collectors\Cache). Please check $collectors in the app/Config/Toolbar.php file.
CRITICAL - 2025-09-10 16:44:34 --> Toolbar collector does not exist (CodeIgniter\Debug\Toolbar\Collectors\Cache). Please check $collectors in the app/Config/Toolbar.php file.
CRITICAL - 2025-09-10 16:44:37 --> Toolbar collector does not exist (CodeIgniter\Debug\Toolbar\Collectors\Cache). Please check $collectors in the app/Config/Toolbar.php file.
CRITICAL - 2025-09-10 16:44:39 --> Toolbar collector does not exist (CodeIgniter\Debug\Toolbar\Collectors\Cache). Please check $collectors in the app/Config/Toolbar.php file.
CRITICAL - 2025-09-10 16:44:41 --> Toolbar collector does not exist (CodeIgniter\Debug\Toolbar\Collectors\Cache). Please check $collectors in the app/Config/Toolbar.php file.
CRITICAL - 2025-09-10 16:44:49 --> Toolbar collector does not exist (CodeIgniter\Debug\Toolbar\Collectors\Cache). Please check $collectors in the app/Config/Toolbar.php file.
CRITICAL - 2025-09-10 16:44:58 --> Toolbar collector does not exist (CodeIgniter\Debug\Toolbar\Collectors\Cache). Please check $collectors in the app/Config/Toolbar.php file.
CRITICAL - 2025-09-10 16:45:01 --> Toolbar collector does not exist (CodeIgniter\Debug\Toolbar\Collectors\Cache). Please check $collectors in the app/Config/Toolbar.php file.
CRITICAL - 2025-09-10 16:45:02 --> Toolbar collector does not exist (CodeIgniter\Debug\Toolbar\Collectors\Cache). Please check $collectors in the app/Config/Toolbar.php file.
CRITICAL - 2025-09-10 16:45:03 --> Toolbar collector does not exist (CodeIgniter\Debug\Toolbar\Collectors\Cache). Please check $collectors in the app/Config/Toolbar.php file.
CRITICAL - 2025-09-10 16:45:04 --> Toolbar collector does not exist (CodeIgniter\Debug\Toolbar\Collectors\Cache). Please check $collectors in the app/Config/Toolbar.php file.
CRITICAL - 2025-09-10 16:45:07 --> Toolbar collector does not exist (CodeIgniter\Debug\Toolbar\Collectors\Cache). Please check $collectors in the app/Config/Toolbar.php file.
CRITICAL - 2025-09-10 16:45:09 --> Toolbar collector does not exist (CodeIgniter\Debug\Toolbar\Collectors\Cache). Please check $collectors in the app/Config/Toolbar.php file.
CRITICAL - 2025-09-10 16:45:09 --> Toolbar collector does not exist (CodeIgniter\Debug\Toolbar\Collectors\Cache). Please check $collectors in the app/Config/Toolbar.php file.
CRITICAL - 2025-09-10 16:45:09 --> Toolbar collector does not exist (CodeIgniter\Debug\Toolbar\Collectors\Cache). Please check $collectors in the app/Config/Toolbar.php file.
CRITICAL - 2025-09-10 16:45:09 --> Toolbar collector does not exist (CodeIgniter\Debug\Toolbar\Collectors\Cache). Please check $collectors in the app/Config/Toolbar.php file.
CRITICAL - 2025-09-10 16:45:09 --> Toolbar collector does not exist (CodeIgniter\Debug\Toolbar\Collectors\Cache). Please check $collectors in the app/Config/Toolbar.php file.
CRITICAL - 2025-09-10 16:45:09 --> Toolbar collector does not exist (CodeIgniter\Debug\Toolbar\Collectors\Cache). Please check $collectors in the app/Config/Toolbar.php file.
CRITICAL - 2025-09-10 16:45:09 --> Toolbar collector does not exist (CodeIgniter\Debug\Toolbar\Collectors\Cache). Please check $collectors in the app/Config/Toolbar.php file.
CRITICAL - 2025-09-10 16:46:03 --> Toolbar collector does not exist (CodeIgniter\Debug\Toolbar\Collectors\Cache). Please check $collectors in the app/Config/Toolbar.php file.
CRITICAL - 2025-09-10 16:46:24 --> Toolbar collector does not exist (CodeIgniter\Debug\Toolbar\Collectors\Cache). Please check $collectors in the app/Config/Toolbar.php file.
CRITICAL - 2025-09-10 16:46:29 --> Toolbar collector does not exist (CodeIgniter\Debug\Toolbar\Collectors\Cache). Please check $collectors in the app/Config/Toolbar.php file.
CRITICAL - 2025-09-10 16:46:33 --> Toolbar collector does not exist (CodeIgniter\Debug\Toolbar\Collectors\Cache). Please check $collectors in the app/Config/Toolbar.php file.
CRITICAL - 2025-09-10 16:46:55 --> Toolbar collector does not exist (CodeIgniter\Debug\Toolbar\Collectors\Cache). Please check $collectors in the app/Config/Toolbar.php file.
CRITICAL - 2025-09-10 16:46:55 --> Toolbar collector does not exist (CodeIgniter\Debug\Toolbar\Collectors\Cache). Please check $collectors in the app/Config/Toolbar.php file.
CRITICAL - 2025-09-10 16:46:55 --> Toolbar collector does not exist (CodeIgniter\Debug\Toolbar\Collectors\Cache). Please check $collectors in the app/Config/Toolbar.php file.
CRITICAL - 2025-09-10 16:46:55 --> Toolbar collector does not exist (CodeIgniter\Debug\Toolbar\Collectors\Cache). Please check $collectors in the app/Config/Toolbar.php file.
CRITICAL - 2025-09-10 16:46:55 --> Toolbar collector does not exist (CodeIgniter\Debug\Toolbar\Collectors\Cache). Please check $collectors in the app/Config/Toolbar.php file.
CRITICAL - 2025-09-10 16:46:55 --> Toolbar collector does not exist (CodeIgniter\Debug\Toolbar\Collectors\Cache). Please check $collectors in the app/Config/Toolbar.php file.
CRITICAL - 2025-09-10 16:46:55 --> Toolbar collector does not exist (CodeIgniter\Debug\Toolbar\Collectors\Cache). Please check $collectors in the app/Config/Toolbar.php file.
CRITICAL - 2025-09-10 16:47:09 --> Toolbar collector does not exist (CodeIgniter\Debug\Toolbar\Collectors\Cache). Please check $collectors in the app/Config/Toolbar.php file.
CRITICAL - 2025-09-10 16:47:47 --> Toolbar collector does not exist (CodeIgniter\Debug\Toolbar\Collectors\Cache). Please check $collectors in the app/Config/Toolbar.php file.
CRITICAL - 2025-09-10 16:47:58 --> Toolbar collector does not exist (CodeIgniter\Debug\Toolbar\Collectors\Cache). Please check $collectors in the app/Config/Toolbar.php file.
CRITICAL - 2025-09-10 16:48:05 --> Toolbar collector does not exist (CodeIgniter\Debug\Toolbar\Collectors\Cache). Please check $collectors in the app/Config/Toolbar.php file.
CRITICAL - 2025-09-10 16:48:08 --> Toolbar collector does not exist (CodeIgniter\Debug\Toolbar\Collectors\Cache). Please check $collectors in the app/Config/Toolbar.php file.
CRITICAL - 2025-09-10 16:48:15 --> Toolbar collector does not exist (CodeIgniter\Debug\Toolbar\Collectors\Cache). Please check $collectors in the app/Config/Toolbar.php file.
CRITICAL - 2025-09-10 16:48:26 --> Toolbar collector does not exist (CodeIgniter\Debug\Toolbar\Collectors\Cache). Please check $collectors in the app/Config/Toolbar.php file.
CRITICAL - 2025-09-10 16:48:27 --> Toolbar collector does not exist (CodeIgniter\Debug\Toolbar\Collectors\Cache). Please check $collectors in the app/Config/Toolbar.php file.
CRITICAL - 2025-09-10 16:48:27 --> Toolbar collector does not exist (CodeIgniter\Debug\Toolbar\Collectors\Cache). Please check $collectors in the app/Config/Toolbar.php file.
CRITICAL - 2025-09-10 16:48:27 --> Toolbar collector does not exist (CodeIgniter\Debug\Toolbar\Collectors\Cache). Please check $collectors in the app/Config/Toolbar.php file.
CRITICAL - 2025-09-10 16:48:28 --> Toolbar collector does not exist (CodeIgniter\Debug\Toolbar\Collectors\Cache). Please check $collectors in the app/Config/Toolbar.php file.
CRITICAL - 2025-09-10 16:48:28 --> Toolbar collector does not exist (CodeIgniter\Debug\Toolbar\Collectors\Cache). Please check $collectors in the app/Config/Toolbar.php file.
CRITICAL - 2025-09-10 16:48:28 --> Toolbar collector does not exist (CodeIgniter\Debug\Toolbar\Collectors\Cache). Please check $collectors in the app/Config/Toolbar.php file.
CRITICAL - 2025-09-10 16:48:28 --> Toolbar collector does not exist (CodeIgniter\Debug\Toolbar\Collectors\Cache). Please check $collectors in the app/Config/Toolbar.php file.
CRITICAL - 2025-09-10 16:48:37 --> Toolbar collector does not exist (CodeIgniter\Debug\Toolbar\Collectors\Cache). Please check $collectors in the app/Config/Toolbar.php file.
CRITICAL - 2025-09-10 16:48:40 --> Toolbar collector does not exist (CodeIgniter\Debug\Toolbar\Collectors\Cache). Please check $collectors in the app/Config/Toolbar.php file.
CRITICAL - 2025-09-10 16:51:58 --> Toolbar collector does not exist (CodeIgniter\Debug\Toolbar\Collectors\Cache). Please check $collectors in the app/Config/Toolbar.php file.
CRITICAL - 2025-09-10 16:52:02 --> Toolbar collector does not exist (CodeIgniter\Debug\Toolbar\Collectors\Cache). Please check $collectors in the app/Config/Toolbar.php file.
CRITICAL - 2025-09-10 16:52:13 --> Toolbar collector does not exist (CodeIgniter\Debug\Toolbar\Collectors\Cache). Please check $collectors in the app/Config/Toolbar.php file.
CRITICAL - 2025-09-10 16:52:24 --> Toolbar collector does not exist (CodeIgniter\Debug\Toolbar\Collectors\Cache). Please check $collectors in the app/Config/Toolbar.php file.
CRITICAL - 2025-09-10 16:52:24 --> Toolbar collector does not exist (CodeIgniter\Debug\Toolbar\Collectors\Cache). Please check $collectors in the app/Config/Toolbar.php file.
CRITICAL - 2025-09-10 16:52:28 --> Toolbar collector does not exist (CodeIgniter\Debug\Toolbar\Collectors\Cache). Please check $collectors in the app/Config/Toolbar.php file.
CRITICAL - 2025-09-10 16:52:28 --> Toolbar collector does not exist (CodeIgniter\Debug\Toolbar\Collectors\Cache). Please check $collectors in the app/Config/Toolbar.php file.
CRITICAL - 2025-09-10 16:52:28 --> Toolbar collector does not exist (CodeIgniter\Debug\Toolbar\Collectors\Cache). Please check $collectors in the app/Config/Toolbar.php file.
CRITICAL - 2025-09-10 16:52:29 --> Toolbar collector does not exist (CodeIgniter\Debug\Toolbar\Collectors\Cache). Please check $collectors in the app/Config/Toolbar.php file.
CRITICAL - 2025-09-10 16:52:29 --> Toolbar collector does not exist (CodeIgniter\Debug\Toolbar\Collectors\Cache). Please check $collectors in the app/Config/Toolbar.php file.
CRITICAL - 2025-09-10 16:52:29 --> Toolbar collector does not exist (CodeIgniter\Debug\Toolbar\Collectors\Cache). Please check $collectors in the app/Config/Toolbar.php file.
CRITICAL - 2025-09-10 16:52:29 --> Toolbar collector does not exist (CodeIgniter\Debug\Toolbar\Collectors\Cache). Please check $collectors in the app/Config/Toolbar.php file.
CRITICAL - 2025-09-10 16:54:31 --> Toolbar collector does not exist (CodeIgniter\Debug\Toolbar\Collectors\Cache). Please check $collectors in the app/Config/Toolbar.php file.
CRITICAL - 2025-09-10 16:54:52 --> Toolbar collector does not exist (CodeIgniter\Debug\Toolbar\Collectors\Cache). Please check $collectors in the app/Config/Toolbar.php file.
CRITICAL - 2025-09-10 16:55:07 --> Toolbar collector does not exist (CodeIgniter\Debug\Toolbar\Collectors\Cache). Please check $collectors in the app/Config/Toolbar.php file.
CRITICAL - 2025-09-10 16:55:07 --> Toolbar collector does not exist (CodeIgniter\Debug\Toolbar\Collectors\Cache). Please check $collectors in the app/Config/Toolbar.php file.
CRITICAL - 2025-09-10 16:55:11 --> Toolbar collector does not exist (CodeIgniter\Debug\Toolbar\Collectors\Cache). Please check $collectors in the app/Config/Toolbar.php file.
CRITICAL - 2025-09-10 16:55:12 --> Toolbar collector does not exist (CodeIgniter\Debug\Toolbar\Collectors\Cache). Please check $collectors in the app/Config/Toolbar.php file.
CRITICAL - 2025-09-10 16:55:12 --> Toolbar collector does not exist (CodeIgniter\Debug\Toolbar\Collectors\Cache). Please check $collectors in the app/Config/Toolbar.php file.
CRITICAL - 2025-09-10 16:55:15 --> Toolbar collector does not exist (CodeIgniter\Debug\Toolbar\Collectors\Cache). Please check $collectors in the app/Config/Toolbar.php file.
CRITICAL - 2025-09-10 16:55:16 --> Toolbar collector does not exist (CodeIgniter\Debug\Toolbar\Collectors\Cache). Please check $collectors in the app/Config/Toolbar.php file.
CRITICAL - 2025-09-10 16:55:16 --> Toolbar collector does not exist (CodeIgniter\Debug\Toolbar\Collectors\Cache). Please check $collectors in the app/Config/Toolbar.php file.
CRITICAL - 2025-09-10 16:55:17 --> Toolbar collector does not exist (CodeIgniter\Debug\Toolbar\Collectors\Cache). Please check $collectors in the app/Config/Toolbar.php file.
CRITICAL - 2025-09-10 16:55:18 --> Toolbar collector does not exist (CodeIgniter\Debug\Toolbar\Collectors\Cache). Please check $collectors in the app/Config/Toolbar.php file.
CRITICAL - 2025-09-10 16:55:19 --> Toolbar collector does not exist (CodeIgniter\Debug\Toolbar\Collectors\Cache). Please check $collectors in the app/Config/Toolbar.php file.
CRITICAL - 2025-09-10 16:55:19 --> Toolbar collector does not exist (CodeIgniter\Debug\Toolbar\Collectors\Cache). Please check $collectors in the app/Config/Toolbar.php file.
CRITICAL - 2025-09-10 16:55:20 --> Toolbar collector does not exist (CodeIgniter\Debug\Toolbar\Collectors\Cache). Please check $collectors in the app/Config/Toolbar.php file.
CRITICAL - 2025-09-10 16:56:07 --> Toolbar collector does not exist (CodeIgniter\Debug\Toolbar\Collectors\Cache). Please check $collectors in the app/Config/Toolbar.php file.
CRITICAL - 2025-09-10 16:56:13 --> Toolbar collector does not exist (CodeIgniter\Debug\Toolbar\Collectors\Cache). Please check $collectors in the app/Config/Toolbar.php file.
CRITICAL - 2025-09-10 16:56:20 --> Toolbar collector does not exist (CodeIgniter\Debug\Toolbar\Collectors\Cache). Please check $collectors in the app/Config/Toolbar.php file.
CRITICAL - 2025-09-10 16:56:22 --> Toolbar collector does not exist (CodeIgniter\Debug\Toolbar\Collectors\Cache). Please check $collectors in the app/Config/Toolbar.php file.
CRITICAL - 2025-09-10 16:56:23 --> Toolbar collector does not exist (CodeIgniter\Debug\Toolbar\Collectors\Cache). Please check $collectors in the app/Config/Toolbar.php file.
CRITICAL - 2025-09-10 16:56:24 --> Toolbar collector does not exist (CodeIgniter\Debug\Toolbar\Collectors\Cache). Please check $collectors in the app/Config/Toolbar.php file.
CRITICAL - 2025-09-10 16:56:25 --> Toolbar collector does not exist (CodeIgniter\Debug\Toolbar\Collectors\Cache). Please check $collectors in the app/Config/Toolbar.php file.
CRITICAL - 2025-09-10 16:56:26 --> Toolbar collector does not exist (CodeIgniter\Debug\Toolbar\Collectors\Cache). Please check $collectors in the app/Config/Toolbar.php file.
CRITICAL - 2025-09-10 16:56:26 --> Toolbar collector does not exist (CodeIgniter\Debug\Toolbar\Collectors\Cache). Please check $collectors in the app/Config/Toolbar.php file.
CRITICAL - 2025-09-10 16:56:27 --> Toolbar collector does not exist (CodeIgniter\Debug\Toolbar\Collectors\Cache). Please check $collectors in the app/Config/Toolbar.php file.
CRITICAL - 2025-09-10 16:56:27 --> Toolbar collector does not exist (CodeIgniter\Debug\Toolbar\Collectors\Cache). Please check $collectors in the app/Config/Toolbar.php file.
CRITICAL - 2025-09-10 16:56:28 --> Toolbar collector does not exist (CodeIgniter\Debug\Toolbar\Collectors\Cache). Please check $collectors in the app/Config/Toolbar.php file.
CRITICAL - 2025-09-10 16:56:28 --> Toolbar collector does not exist (CodeIgniter\Debug\Toolbar\Collectors\Cache). Please check $collectors in the app/Config/Toolbar.php file.
CRITICAL - 2025-09-10 16:56:29 --> Toolbar collector does not exist (CodeIgniter\Debug\Toolbar\Collectors\Cache). Please check $collectors in the app/Config/Toolbar.php file.
CRITICAL - 2025-09-10 16:56:30 --> Toolbar collector does not exist (CodeIgniter\Debug\Toolbar\Collectors\Cache). Please check $collectors in the app/Config/Toolbar.php file.
CRITICAL - 2025-09-10 16:56:30 --> Toolbar collector does not exist (CodeIgniter\Debug\Toolbar\Collectors\Cache). Please check $collectors in the app/Config/Toolbar.php file.
CRITICAL - 2025-09-10 16:56:31 --> Toolbar collector does not exist (CodeIgniter\Debug\Toolbar\Collectors\Cache). Please check $collectors in the app/Config/Toolbar.php file.
CRITICAL - 2025-09-10 16:56:33 --> Toolbar collector does not exist (CodeIgniter\Debug\Toolbar\Collectors\Cache). Please check $collectors in the app/Config/Toolbar.php file.
CRITICAL - 2025-09-10 16:56:34 --> Toolbar collector does not exist (CodeIgniter\Debug\Toolbar\Collectors\Cache). Please check $collectors in the app/Config/Toolbar.php file.
CRITICAL - 2025-09-10 16:56:34 --> Toolbar collector does not exist (CodeIgniter\Debug\Toolbar\Collectors\Cache). Please check $collectors in the app/Config/Toolbar.php file.
CRITICAL - 2025-09-10 16:56:35 --> Toolbar collector does not exist (CodeIgniter\Debug\Toolbar\Collectors\Cache). Please check $collectors in the app/Config/Toolbar.php file.
CRITICAL - 2025-09-10 16:56:48 --> Toolbar collector does not exist (CodeIgniter\Debug\Toolbar\Collectors\Cache). Please check $collectors in the app/Config/Toolbar.php file.
CRITICAL - 2025-09-10 16:56:50 --> Toolbar collector does not exist (CodeIgniter\Debug\Toolbar\Collectors\Cache). Please check $collectors in the app/Config/Toolbar.php file.
CRITICAL - 2025-09-10 16:56:51 --> Toolbar collector does not exist (CodeIgniter\Debug\Toolbar\Collectors\Cache). Please check $collectors in the app/Config/Toolbar.php file.
CRITICAL - 2025-09-10 16:56:52 --> Toolbar collector does not exist (CodeIgniter\Debug\Toolbar\Collectors\Cache). Please check $collectors in the app/Config/Toolbar.php file.
CRITICAL - 2025-09-10 16:56:53 --> Toolbar collector does not exist (CodeIgniter\Debug\Toolbar\Collectors\Cache). Please check $collectors in the app/Config/Toolbar.php file.
CRITICAL - 2025-09-10 16:56:54 --> Toolbar collector does not exist (CodeIgniter\Debug\Toolbar\Collectors\Cache). Please check $collectors in the app/Config/Toolbar.php file.
CRITICAL - 2025-09-10 16:57:06 --> Toolbar collector does not exist (CodeIgniter\Debug\Toolbar\Collectors\Cache). Please check $collectors in the app/Config/Toolbar.php file.
CRITICAL - 2025-09-10 16:57:07 --> Toolbar collector does not exist (CodeIgniter\Debug\Toolbar\Collectors\Cache). Please check $collectors in the app/Config/Toolbar.php file.
CRITICAL - 2025-09-10 16:57:08 --> Toolbar collector does not exist (CodeIgniter\Debug\Toolbar\Collectors\Cache). Please check $collectors in the app/Config/Toolbar.php file.
CRITICAL - 2025-09-10 16:57:09 --> Toolbar collector does not exist (CodeIgniter\Debug\Toolbar\Collectors\Cache). Please check $collectors in the app/Config/Toolbar.php file.
CRITICAL - 2025-09-10 16:57:10 --> Toolbar collector does not exist (CodeIgniter\Debug\Toolbar\Collectors\Cache). Please check $collectors in the app/Config/Toolbar.php file.
CRITICAL - 2025-09-10 16:57:10 --> Toolbar collector does not exist (CodeIgniter\Debug\Toolbar\Collectors\Cache). Please check $collectors in the app/Config/Toolbar.php file.
CRITICAL - 2025-09-10 16:57:11 --> Toolbar collector does not exist (CodeIgniter\Debug\Toolbar\Collectors\Cache). Please check $collectors in the app/Config/Toolbar.php file.
