{
  "timestamp": "2025-09-03T20:04:00Z",
  "issue": "PHP 8.1 Timezone Database Corruption",
  "description": "Composer failing with 'Timezone database is corrupt' error in PHP 8.1.33",
  "error_message": "PHP Fatal error: Uncaught Error: Timezone database is corrupt. Please file a bug report as this should never happen in phar:///usr/local/bin/composer/src/Composer/Util/Silencer.php:67",
  "root_cause": "Known issue with some PHP 8.1 installations where timezone database is corrupted",
  "solution_implemented": {
    "approach": "Set timezone environment variables and PHP ini settings",
    "command_used": "TZ=UTC php -d date.timezone=UTC /usr/local/bin/composer",
    "files_created": [
      "fix-timezone.php - Timezone testing script",
      "composer-php81.sh - Composer wrapper script for PHP 8.1"
    ],
    "documentation_updated": [
      "README.md - Added PHP 8.1 troubleshooting section",
      "README.md - Added note about composer wrapper script"
    ]
  },
  "testing_results": {
    "composer_install": "SUCCESS - All dependencies installed correctly",
    "validator_test": "SUCCESS - All tests passing with PHP 8.1.33",
    "laravel_version": "10.48.29",
    "packages_installed": 112,
    "exit_code": 0
  },
  "compatibility": {
    "php_version": "8.1.33",
    "laravel_version": "10.48.29",
    "symfony_packages": "Downgraded from v7.x to v6.4.x for PHP 8.1 compatibility",
    "lock_file": "Regenerated for PHP 8.1 compatibility"
  },
  "prevention": {
    "wrapper_script": "composer-php81.sh provides automatic timezone fix",
    "usage": "./composer-php81.sh install",
    "environment_vars": "TZ=UTC and date.timezone=UTC"
  },
  "validation": {
    "external_api": "PASSED",
    "database_connections": "PASSED",
    "database_crud": "PASSED", 
    "redis_operations": "PASSED",
    "overall_success": true,
    "duration": "2.496 seconds"
  }
}
