{
  "timestamp": "2025-09-03T20:18:00Z",
  "application": "simple-php",
  "issue": "PHP 8.1 Timezone Database Corruption",
  "description": "Composer and PHP scripts failing with 'Timezone database is corrupt' error in PHP 8.1.33",
  "error_message": "PHP Fatal error: Uncaught Error: Timezone database is corrupt. Please file a bug report as this should never happen in phar:///usr/local/bin/composer/src/Composer/Util/Silencer.php:67",
  "root_cause": "Known issue with some PHP 8.1 installations where timezone database is corrupted",
  "solution_implemented": {
    "approach": "Create wrapper scripts with timezone environment variables and PHP ini settings",
    "files_created": [
      {
        "file": "fix-timezone.php",
        "purpose": "Timezone testing and verification script",
        "usage": "php fix-timezone.php"
      },
      {
        "file": "composer-php81.sh",
        "purpose": "Composer wrapper script for PHP 8.1",
        "usage": "./composer-php81.sh [composer arguments]",
        "executable": true
      },
      {
        "file": "php-php81.sh", 
        "purpose": "PHP wrapper script for PHP 8.1",
        "usage": "./php-php81.sh [php arguments]",
        "executable": true
      }
    ],
    "files_modified": [
      {
        "file": "validate.sh",
        "backup": "validate.sh.backup",
        "changes": "Added automatic PHP 8.1 detection and wrapper usage"
      },
      {
        "file": "start.sh",
        "backup": "start.sh.backup", 
        "changes": "Added PHP 8.1 wrapper support for both Composer and PHP commands"
      },
      {
        "file": "README.simple-php.md",
        "changes": "Added PHP 8.1 troubleshooting section and usage instructions"
      }
    ]
  },
  "testing_results": {
    "timezone_fix_test": {
      "status": "SUCCESS",
      "output": "Timezone fix applied successfully for Simple PHP"
    },
    "composer_wrapper_test": {
      "status": "SUCCESS",
      "command": "./composer-php81.sh --version",
      "output": "Composer version 2.8.11"
    },
    "php_wrapper_test": {
      "status": "SUCCESS", 
      "command": "./php-php81.sh --version",
      "output": "PHP 8.1.33"
    },
    "validator_test": {
      "status": "SUCCESS",
      "command": "./php-php81.sh validator.php",
      "exit_code": 0,
      "duration": "4.378 seconds",
      "results": {
        "mysql_ok": true,
        "pg_ok": true,
        "redis_ok": true,
        "http_ok": true,
        "success": true
      }
    },
    "validate_sh_test": {
      "status": "SUCCESS",
      "command": "./validate.sh",
      "exit_code": 0,
      "auto_detection": "PHP 8.1 wrapper automatically used",
      "duration": "16.052 seconds"
    }
  },
  "compatibility": {
    "php_version": "8.1.33",
    "automatic_detection": "Scripts automatically detect PHP 8.1 and use wrappers",
    "fallback": "Standard commands used for other PHP versions",
    "environment_vars": "TZ=UTC and date.timezone=UTC"
  },
  "prevention": {
    "wrapper_scripts": "Automatic timezone fix for PHP 8.1 users",
    "documentation": "Clear instructions in README for manual usage",
    "backward_compatibility": "No impact on other PHP versions"
  },
  "validation_summary": {
    "app": "simple-php",
    "php_version": "8.1.33",
    "success": true,
    "mysql_ok": true,
    "postgresql_ok": true,
    "redis_ok": true,
    "http_ok": true,
    "total_duration": "16.052 seconds",
    "all_tests_passing": true
  }
}
