CodeIgniter APM Application Implementation Summary
=================================================

Date: 2025-09-03
Project: codeigniter-app
Branch: feature/codeigniter-app-ui
Target Branch: simple

Implementation Status: ✅ COMPLETED SUCCESSFULLY

Final Validation Results:
========================
✅ web_ok: true (Dashboard accessible at http://127.0.0.1:8082)
✅ mysql_ok: true (Connection and CRUD operations working)
✅ pg_ok: true (PostgreSQL connection and CRUD operations working)
✅ redis_ok: true (Queue operations with proper naming convention)
✅ external_ok: true (HTTP API calls with timeout handling)

All 8 endpoint tests passed:
- GET / (Web UI)
- POST /api/external (External API test)
- POST /api/db/connection (Database connectivity)
- POST /api/db/crud (Database CRUD operations)
- POST /api/redis/insert-batch (Redis batch insert)
- POST /api/redis/insert-one (Redis single insert)
- POST /api/redis/pop (Redis message pop)
- POST /api/redis/clear (Redis queue clear)

Key Features Implemented:
========================

1. Responsive Web Dashboard
   - Three distinct blocks with application info, database ops, and Redis queue management
   - Modern CSS with grid layout and hover effects
   - Toast notifications for user feedback
   - Mobile-responsive design

2. Database Operations
   - MySQL and PostgreSQL connectivity checks
   - CRUD operations with randomized data insertion
   - Proper PDO usage with prepared statements
   - Error handling and connection timeouts

3. Redis Queue Management
   - Proper queue naming: {APP_NAME}_{PHP_MAJOR}.{PHP_MINOR}
   - Batch and single message insertion
   - Message popping with remaining count
   - Queue clearing functionality

4. External API Integration
   - HTTP calls with 15-second timeout
   - JSON response validation
   - Error handling for network issues

5. Validation & Testing
   - Comprehensive validator with web UI checks
   - Endpoint testing script with curl
   - Structured JSON output for results
   - Automated result saving to augment directory

Technical Implementation:
========================

Architecture:
- Minimal CodeIgniter 4 structure without full framework installation
- Custom bootstrap with simple routing in public/index.php
- MVC pattern with ApmController handling all endpoints
- Responsive frontend with vanilla JavaScript and CSS

PHP Compatibility:
- PHP 8.0+ compatible code
- Proper error handling and exception management
- Type declarations and modern PHP features
- Redis extension support with fallback detection

Security & Best Practices:
- PDO with prepared statements for database operations
- Input sanitization and validation
- Proper timeout handling for all network operations
- Error logging and structured output

Files Created/Modified:
======================

New Files:
- codeigniter-app/public/index.php (Bootstrap and routing)
- codeigniter-app/app/Controllers/ApmController.php (Main controller)
- codeigniter-app/app/Views/apm_dashboard.php (Dashboard UI)
- codeigniter-app/public/assets/css/apm-style.css (Responsive styling)
- codeigniter-app/public/assets/js/apm.js (AJAX functionality)
- codeigniter-app/README.md (Documentation)
- codeigniter-app/tests/validate_endpoints.sh (Endpoint testing)
- augment/codeigniter/inventory.txt (Initial inventory)
- augment/codeigniter/changes.json (Change tracking)

Modified Files:
- codeigniter-app/validator.php (Added web UI validation)
- codeigniter-app/validate.sh (Updated to save results)

Preserved Files (No Changes):
- codeigniter-app/docker/ (All Docker configuration)
- codeigniter-app/docker-compose.yml (Service definitions)
- codeigniter-app/.env (Environment configuration)
- codeigniter-app/.env.example (Environment template)

Issues Resolved:
================

1. MySQL Authentication Issue:
   - Problem: Mismatch between docker-compose.yml credentials and .env file
   - Solution: Updated application code to use correct credentials from docker-compose.yml
   - Result: MySQL connectivity restored

2. CodeIgniter Installation:
   - Problem: No existing CodeIgniter installation
   - Solution: Created minimal CodeIgniter 4 structure with custom bootstrap
   - Result: Functional application without full framework overhead

3. Redis Queue Naming:
   - Problem: Implementing proper queue naming convention
   - Solution: Dynamic queue naming using APP_NAME and PHP version
   - Result: Queue names follow {APP_NAME}_{PHP_MAJOR}.{PHP_MINOR} format

Port Configuration:
==================
- Web Server: 8082 (PHP built-in server)
- MySQL: 3310 (Docker container)
- PostgreSQL: 5436 (Docker container)
- Redis: 6383 (Docker container)

Next Steps:
===========
1. ✅ Branch created and pushed: feature/codeigniter-app-ui
2. ⏳ Open PR targeting 'simple' branch
3. ⏳ Human QA validation on target host machines
4. ⏳ Merge after approval

Validation Results Location:
===========================
- Latest: augment/codeigniter/validation_results/20250904_021355.json
- All results: augment/codeigniter/validation_results/
- Logs: augment/codeigniter/logs/

Implementation completed successfully with all acceptance criteria met.
