codeigniter-app:
total 92
drwxrwxr-x  7 nikunj-katariya nikunj-katariya  4096 Sep  4 02:25 .
drwxrwxr-x 13 nikunj-katariya nikunj-katariya  4096 Sep  4 01:58 ..
drwxrwxr-x  6 nikunj-katariya nikunj-katariya  4096 Sep  4 02:03 app
-rw-rw-r--  1 nikunj-katariya nikunj-katariya   523 Sep  4 02:25 composer.json
-rw-rw-r--  1 nikunj-katariya nikunj-katariya  2800 Sep  4 02:21 composer.lock
-rwxrwxr-x  1 nikunj-katariya nikunj-katariya   525 Sep  4 02:25 composer-php81.sh
drwxrwxr-x  4 nikunj-katariya nikunj-katariya  4096 Sep  2 22:14 docker
-rw-rw-r--  1 nikunj-katariya nikunj-katariya  2078 Sep  4 00:37 docker-compose.yml
-rw-rw-r--  1 nikunj-katariya nikunj-katariya   748 Sep  3 15:25 .env
-rw-rw-r--  1 nikunj-katariya nikunj-katariya   748 Sep  4 00:37 .env.example
-rw-rw-r--  1 nikunj-katariya nikunj-katariya  1110 Sep  4 02:25 fix-timezone.php
-rwxrwxr-x  1 nikunj-katariya nikunj-katariya   458 Sep  4 02:25 php-php81.sh
drwxrwxr-x  3 nikunj-katariya nikunj-katariya  4096 Sep  4 02:03 public
-rw-rw-r--  1 nikunj-katariya nikunj-katariya  5798 Sep  4 02:25 README.md
drwxrwxr-x  2 nikunj-katariya nikunj-katariya  4096 Sep  4 02:08 tests
-rwxrwxr-x  1 nikunj-katariya nikunj-katariya  2201 Sep  4 02:25 validate.sh
-rw-rw-r--  1 nikunj-katariya nikunj-katariya 16391 Sep  4 02:13 validator.php
drwxrwxr-x  4 nikunj-katariya nikunj-katariya  4096 Sep  4 02:21 vendor

codeigniter-app/app:
total 24
drwxrwxr-x 6 nikunj-katariya nikunj-katariya 4096 Sep  4 02:03 .
drwxrwxr-x 7 nikunj-katariya nikunj-katariya 4096 Sep  4 02:25 ..
drwxrwxr-x 2 nikunj-katariya nikunj-katariya 4096 Sep  4 02:03 Config
drwxrwxr-x 2 nikunj-katariya nikunj-katariya 4096 Sep  4 02:04 Controllers
drwxrwxr-x 2 nikunj-katariya nikunj-katariya 4096 Sep  4 02:03 Models
drwxrwxr-x 2 nikunj-katariya nikunj-katariya 4096 Sep  4 02:04 Views

codeigniter-app/app/Config:
total 8
drwxrwxr-x 2 nikunj-katariya nikunj-katariya 4096 Sep  4 02:03 .
drwxrwxr-x 6 nikunj-katariya nikunj-katariya 4096 Sep  4 02:03 ..

codeigniter-app/app/Controllers:
total 24
drwxrwxr-x 2 nikunj-katariya nikunj-katariya  4096 Sep  4 02:04 .
drwxrwxr-x 6 nikunj-katariya nikunj-katariya  4096 Sep  4 02:03 ..
-rw-rw-r-- 1 nikunj-katariya nikunj-katariya 12790 Sep  4 02:12 ApmController.php

codeigniter-app/app/Models:
total 8
drwxrwxr-x 2 nikunj-katariya nikunj-katariya 4096 Sep  4 02:03 .
drwxrwxr-x 6 nikunj-katariya nikunj-katariya 4096 Sep  4 02:03 ..

codeigniter-app/app/Views:
total 12
drwxrwxr-x 2 nikunj-katariya nikunj-katariya 4096 Sep  4 02:04 .
drwxrwxr-x 6 nikunj-katariya nikunj-katariya 4096 Sep  4 02:03 ..
-rw-rw-r-- 1 nikunj-katariya nikunj-katariya 2862 Sep  4 02:04 apm_dashboard.php

codeigniter-app/docker:
total 16
drwxrwxr-x 4 nikunj-katariya nikunj-katariya 4096 Sep  2 22:14 .
drwxrwxr-x 7 nikunj-katariya nikunj-katariya 4096 Sep  4 02:25 ..
drwxrwxr-x 3 nikunj-katariya nikunj-katariya 4096 Sep  2 22:14 mysql
drwxrwxr-x 3 nikunj-katariya nikunj-katariya 4096 Sep  2 22:14 postgres

codeigniter-app/docker/mysql:
total 12
drwxrwxr-x 3 nikunj-katariya nikunj-katariya 4096 Sep  2 22:14 .
drwxrwxr-x 4 nikunj-katariya nikunj-katariya 4096 Sep  2 22:14 ..
drwxrwxr-x 2 nikunj-katariya nikunj-katariya 4096 Sep  2 22:14 init

codeigniter-app/docker/mysql/init:
total 12
drwxrwxr-x 2 nikunj-katariya nikunj-katariya 4096 Sep  2 22:14 .
drwxrwxr-x 3 nikunj-katariya nikunj-katariya 4096 Sep  2 22:14 ..
-rw-rw-r-- 1 nikunj-katariya nikunj-katariya 1645 Sep  2 22:14 01-create-database.sql

codeigniter-app/docker/postgres:
total 12
drwxrwxr-x 3 nikunj-katariya nikunj-katariya 4096 Sep  2 22:14 .
drwxrwxr-x 4 nikunj-katariya nikunj-katariya 4096 Sep  2 22:14 ..
drwxrwxr-x 2 nikunj-katariya nikunj-katariya 4096 Sep  2 22:14 init

codeigniter-app/docker/postgres/init:
total 12
drwxrwxr-x 2 nikunj-katariya nikunj-katariya 4096 Sep  2 22:14 .
drwxrwxr-x 3 nikunj-katariya nikunj-katariya 4096 Sep  2 22:14 ..
-rw-rw-r-- 1 nikunj-katariya nikunj-katariya 1648 Sep  2 22:14 01-create-database.sql

codeigniter-app/public:
total 20
drwxrwxr-x 3 nikunj-katariya nikunj-katariya 4096 Sep  4 02:03 .
drwxrwxr-x 7 nikunj-katariya nikunj-katariya 4096 Sep  4 02:25 ..
drwxrwxr-x 4 nikunj-katariya nikunj-katariya 4096 Sep  4 02:03 assets
-rw-rw-r-- 1 nikunj-katariya nikunj-katariya 3053 Sep  2 22:14 .htaccess
-rw-rw-r-- 1 nikunj-katariya nikunj-katariya 3536 Sep  4 02:03 index.php

codeigniter-app/public/assets:
total 16
drwxrwxr-x 4 nikunj-katariya nikunj-katariya 4096 Sep  4 02:03 .
drwxrwxr-x 3 nikunj-katariya nikunj-katariya 4096 Sep  4 02:03 ..
drwxrwxr-x 2 nikunj-katariya nikunj-katariya 4096 Sep  4 02:04 css
drwxrwxr-x 2 nikunj-katariya nikunj-katariya 4096 Sep  4 02:05 js

codeigniter-app/public/assets/css:
total 16
drwxrwxr-x 2 nikunj-katariya nikunj-katariya 4096 Sep  4 02:04 .
drwxrwxr-x 4 nikunj-katariya nikunj-katariya 4096 Sep  4 02:03 ..
-rw-rw-r-- 1 nikunj-katariya nikunj-katariya 5096 Sep  4 02:04 apm-style.css

codeigniter-app/public/assets/js:
total 20
drwxrwxr-x 2 nikunj-katariya nikunj-katariya 4096 Sep  4 02:05 .
drwxrwxr-x 4 nikunj-katariya nikunj-katariya 4096 Sep  4 02:03 ..
-rw-rw-r-- 1 nikunj-katariya nikunj-katariya 8831 Sep  4 02:05 apm.js

codeigniter-app/tests:
total 16
drwxrwxr-x 2 nikunj-katariya nikunj-katariya 4096 Sep  4 02:08 .
drwxrwxr-x 7 nikunj-katariya nikunj-katariya 4096 Sep  4 02:25 ..
-rwxrwxr-x 1 nikunj-katariya nikunj-katariya 4305 Sep  4 02:08 validate_endpoints.sh

codeigniter-app/vendor:
total 20
drwxrwxr-x 4 nikunj-katariya nikunj-katariya 4096 Sep  4 02:21 .
drwxrwxr-x 7 nikunj-katariya nikunj-katariya 4096 Sep  4 02:25 ..
-rw-rw-r-- 1 nikunj-katariya nikunj-katariya  748 Sep  4 02:21 autoload.php
drwxrwxr-x 2 nikunj-katariya nikunj-katariya 4096 Sep  4 02:21 composer
drwxrwxr-x 3 nikunj-katariya nikunj-katariya 4096 Sep  4 02:21 predis

codeigniter-app/vendor/composer:
total 204
drwxrwxr-x 2 nikunj-katariya nikunj-katariya  4096 Sep  4 02:21 .
drwxrwxr-x 4 nikunj-katariya nikunj-katariya  4096 Sep  4 02:21 ..
-rw-rw-r-- 1 nikunj-katariya nikunj-katariya 63575 Sep  4 02:21 autoload_classmap.php
-rw-rw-r-- 1 nikunj-katariya nikunj-katariya   139 Sep  4 02:21 autoload_namespaces.php
-rw-rw-r-- 1 nikunj-katariya nikunj-katariya   234 Sep  4 02:21 autoload_psr4.php
-rw-rw-r-- 1 nikunj-katariya nikunj-katariya  1137 Sep  4 02:21 autoload_real.php
-rw-rw-r-- 1 nikunj-katariya nikunj-katariya 69523 Sep  4 02:21 autoload_static.php
-rw-rw-r-- 1 nikunj-katariya nikunj-katariya 16378 Aug 21 14:59 ClassLoader.php
-rw-rw-r-- 1 nikunj-katariya nikunj-katariya  2436 Sep  4 02:21 installed.json
-rw-rw-r-- 1 nikunj-katariya nikunj-katariya  1115 Sep  4 02:21 installed.php
-rw-rw-r-- 1 nikunj-katariya nikunj-katariya 17395 Sep  4 02:21 InstalledVersions.php
-rw-rw-r-- 1 nikunj-katariya nikunj-katariya  1070 Aug 21 14:59 LICENSE
-rw-rw-r-- 1 nikunj-katariya nikunj-katariya   917 Sep  4 02:21 platform_check.php

codeigniter-app/vendor/predis:
total 12
drwxrwxr-x 3 nikunj-katariya nikunj-katariya 4096 Sep  4 02:21 .
drwxrwxr-x 4 nikunj-katariya nikunj-katariya 4096 Sep  4 02:21 ..
drwxrwxr-x 3 nikunj-katariya nikunj-katariya 4096 Apr 30 20:46 predis

codeigniter-app/vendor/predis/predis:
total 48
drwxrwxr-x  3 nikunj-katariya nikunj-katariya  4096 Apr 30 20:46 .
drwxrwxr-x  3 nikunj-katariya nikunj-katariya  4096 Sep  4 02:21 ..
-rw-rw-r--  1 nikunj-katariya nikunj-katariya   260 Apr 30 20:46 autoload.php
-rw-rw-r--  1 nikunj-katariya nikunj-katariya  1363 Apr 30 20:46 composer.json
-rw-rw-r--  1 nikunj-katariya nikunj-katariya  1148 Apr 30 20:46 LICENSE
-rw-rw-r--  1 nikunj-katariya nikunj-katariya 20484 Apr 30 20:46 README.md
drwxrwxr-x 15 nikunj-katariya nikunj-katariya  4096 Apr 30 20:46 src

codeigniter-app/vendor/predis/predis/src:
total 160
drwxrwxr-x 15 nikunj-katariya nikunj-katariya  4096 Apr 30 20:46 .
drwxrwxr-x  3 nikunj-katariya nikunj-katariya  4096 Apr 30 20:46 ..
-rw-rw-r--  1 nikunj-katariya nikunj-katariya  1752 Apr 30 20:46 Autoloader.php
-rw-rw-r--  1 nikunj-katariya nikunj-katariya  1150 Apr 30 20:46 ClientConfiguration.php
-rw-rw-r--  1 nikunj-katariya nikunj-katariya 21830 Apr 30 20:46 ClientContextInterface.php
-rw-rw-r--  1 nikunj-katariya nikunj-katariya   389 Apr 30 20:46 ClientException.php
-rw-rw-r--  1 nikunj-katariya nikunj-katariya 29005 Apr 30 20:46 ClientInterface.php
-rw-rw-r--  1 nikunj-katariya nikunj-katariya 18781 Apr 30 20:46 Client.php
drwxrwxr-x  4 nikunj-katariya nikunj-katariya  4096 Apr 30 20:46 Cluster
drwxrwxr-x  3 nikunj-katariya nikunj-katariya  4096 Apr 30 20:46 Collection
drwxrwxr-x  7 nikunj-katariya nikunj-katariya  4096 Apr 30 20:46 Command
-rw-rw-r--  1 nikunj-katariya nikunj-katariya  2141 Apr 30 20:46 CommunicationException.php
drwxrwxr-x  3 nikunj-katariya nikunj-katariya  4096 Apr 30 20:46 Configuration
drwxrwxr-x  4 nikunj-katariya nikunj-katariya  4096 Apr 30 20:46 Connection
drwxrwxr-x  2 nikunj-katariya nikunj-katariya  4096 Apr 30 20:46 Monitor
-rw-rw-r--  1 nikunj-katariya nikunj-katariya   457 Apr 30 20:46 NotSupportedException.php
drwxrwxr-x  2 nikunj-katariya nikunj-katariya  4096 Apr 30 20:46 Pipeline
-rw-rw-r--  1 nikunj-katariya nikunj-katariya   404 Apr 30 20:46 PredisException.php
drwxrwxr-x  3 nikunj-katariya nikunj-katariya  4096 Apr 30 20:46 Protocol
drwxrwxr-x  2 nikunj-katariya nikunj-katariya  4096 Apr 30 20:46 PubSub
drwxrwxr-x  2 nikunj-katariya nikunj-katariya  4096 Apr 30 20:46 Replication
drwxrwxr-x  3 nikunj-katariya nikunj-katariya  4096 Apr 30 20:46 Response
drwxrwxr-x  2 nikunj-katariya nikunj-katariya  4096 Apr 30 20:46 Session
drwxrwxr-x  2 nikunj-katariya nikunj-katariya  4096 Apr 30 20:46 Transaction

codeigniter-app/vendor/predis/predis/src/Cluster:
total 72
drwxrwxr-x  4 nikunj-katariya nikunj-katariya  4096 Apr 30 20:46 .
drwxrwxr-x 15 nikunj-katariya nikunj-katariya  4096 Apr 30 20:46 ..
-rw-rw-r--  1 nikunj-katariya nikunj-katariya 15781 Apr 30 20:46 ClusterStrategy.php
drwxrwxr-x  2 nikunj-katariya nikunj-katariya  4096 Apr 30 20:46 Distributor
drwxrwxr-x  2 nikunj-katariya nikunj-katariya  4096 Apr 30 20:46 Hash
-rw-rw-r--  1 nikunj-katariya nikunj-katariya   697 Apr 30 20:46 NullSlotRange.php
-rw-rw-r--  1 nikunj-katariya nikunj-katariya  1667 Apr 30 20:46 PredisStrategy.php
-rw-rw-r--  1 nikunj-katariya nikunj-katariya  1280 Apr 30 20:46 RedisStrategy.php
-rw-rw-r--  1 nikunj-katariya nikunj-katariya  4881 Apr 30 20:46 SimpleSlotMap.php
-rw-rw-r--  1 nikunj-katariya nikunj-katariya 10565 Apr 30 20:46 SlotMap.php
-rw-rw-r--  1 nikunj-katariya nikunj-katariya  3083 Apr 30 20:46 SlotRange.php
-rw-rw-r--  1 nikunj-katariya nikunj-katariya  1312 Apr 30 20:46 StrategyInterface.php

codeigniter-app/vendor/predis/predis/src/Cluster/Distributor:
total 28
drwxrwxr-x 2 nikunj-katariya nikunj-katariya 4096 Apr 30 20:46 .
drwxrwxr-x 4 nikunj-katariya nikunj-katariya 4096 Apr 30 20:46 ..
-rw-rw-r-- 1 nikunj-katariya nikunj-katariya 1828 Apr 30 20:46 DistributorInterface.php
-rw-rw-r-- 1 nikunj-katariya nikunj-katariya  415 Apr 30 20:46 EmptyRingException.php
-rw-rw-r-- 1 nikunj-katariya nikunj-katariya 6817 Apr 30 20:46 HashRing.php
-rw-rw-r-- 1 nikunj-katariya nikunj-katariya 1893 Apr 30 20:46 KetamaRing.php

codeigniter-app/vendor/predis/predis/src/Cluster/Hash:
total 20
drwxrwxr-x 2 nikunj-katariya nikunj-katariya 4096 Apr 30 20:46 .
drwxrwxr-x 4 nikunj-katariya nikunj-katariya 4096 Apr 30 20:46 ..
-rw-rw-r-- 1 nikunj-katariya nikunj-katariya 3175 Apr 30 20:46 CRC16.php
-rw-rw-r-- 1 nikunj-katariya nikunj-katariya  652 Apr 30 20:46 HashGeneratorInterface.php
-rw-rw-r-- 1 nikunj-katariya nikunj-katariya  961 Apr 30 20:46 PhpiredisCRC16.php

codeigniter-app/vendor/predis/predis/src/Collection:
total 12
drwxrwxr-x  3 nikunj-katariya nikunj-katariya 4096 Apr 30 20:46 .
drwxrwxr-x 15 nikunj-katariya nikunj-katariya 4096 Apr 30 20:46 ..
drwxrwxr-x  2 nikunj-katariya nikunj-katariya 4096 Apr 30 20:46 Iterator

codeigniter-app/vendor/predis/predis/src/Collection/Iterator:
total 40
drwxrwxr-x 2 nikunj-katariya nikunj-katariya 4096 Apr 30 20:46 .
drwxrwxr-x 3 nikunj-katariya nikunj-katariya 4096 Apr 30 20:46 ..
-rw-rw-r-- 1 nikunj-katariya nikunj-katariya 4676 Apr 30 20:46 CursorBasedIterator.php
-rw-rw-r-- 1 nikunj-katariya nikunj-katariya 1284 Apr 30 20:46 HashKey.php
-rw-rw-r-- 1 nikunj-katariya nikunj-katariya  983 Apr 30 20:46 Keyspace.php
-rw-rw-r-- 1 nikunj-katariya nikunj-katariya 4577 Apr 30 20:46 ListKey.php
-rw-rw-r-- 1 nikunj-katariya nikunj-katariya 1042 Apr 30 20:46 SetKey.php
-rw-rw-r-- 1 nikunj-katariya nikunj-katariya 1291 Apr 30 20:46 SortedSetKey.php

codeigniter-app/vendor/predis/predis/src/Command:
total 76
drwxrwxr-x  7 nikunj-katariya nikunj-katariya  4096 Apr 30 20:46 .
drwxrwxr-x 15 nikunj-katariya nikunj-katariya  4096 Apr 30 20:46 ..
drwxrwxr-x  6 nikunj-katariya nikunj-katariya  4096 Apr 30 20:46 Argument
-rw-rw-r--  1 nikunj-katariya nikunj-katariya  1833 Apr 30 20:46 CommandInterface.php
-rw-rw-r--  1 nikunj-katariya nikunj-katariya  2566 Apr 30 20:46 Command.php
-rw-rw-r--  1 nikunj-katariya nikunj-katariya  1102 Apr 30 20:46 FactoryInterface.php
-rw-rw-r--  1 nikunj-katariya nikunj-katariya  4146 Apr 30 20:46 Factory.php
-rw-rw-r--  1 nikunj-katariya nikunj-katariya   600 Apr 30 20:46 PrefixableCommandInterface.php
drwxrwxr-x  2 nikunj-katariya nikunj-katariya  4096 Apr 30 20:46 Processor
-rw-rw-r--  1 nikunj-katariya nikunj-katariya  2658 Apr 30 20:46 RawCommand.php
-rw-rw-r--  1 nikunj-katariya nikunj-katariya  1108 Apr 30 20:46 RawFactory.php
drwxrwxr-x 12 nikunj-katariya nikunj-katariya 12288 Apr 30 20:46 Redis
-rw-rw-r--  1 nikunj-katariya nikunj-katariya  3392 Apr 30 20:46 RedisFactory.php
-rw-rw-r--  1 nikunj-katariya nikunj-katariya  2440 Apr 30 20:46 ScriptCommand.php
drwxrwxr-x  3 nikunj-katariya nikunj-katariya  4096 Apr 30 20:46 Strategy
drwxrwxr-x 11 nikunj-katariya nikunj-katariya  4096 Apr 30 20:46 Traits

codeigniter-app/vendor/predis/predis/src/Command/Argument:
total 28
drwxrwxr-x 6 nikunj-katariya nikunj-katariya 4096 Apr 30 20:46 .
drwxrwxr-x 7 nikunj-katariya nikunj-katariya 4096 Apr 30 20:46 ..
-rw-rw-r-- 1 nikunj-katariya nikunj-katariya  535 Apr 30 20:46 ArrayableArgument.php
drwxrwxr-x 2 nikunj-katariya nikunj-katariya 4096 Apr 30 20:46 Geospatial
drwxrwxr-x 3 nikunj-katariya nikunj-katariya 4096 Apr 30 20:46 Search
drwxrwxr-x 2 nikunj-katariya nikunj-katariya 4096 Apr 30 20:46 Server
drwxrwxr-x 2 nikunj-katariya nikunj-katariya 4096 Apr 30 20:46 TimeSeries

codeigniter-app/vendor/predis/predis/src/Command/Argument/Geospatial:
total 36
drwxrwxr-x 2 nikunj-katariya nikunj-katariya 4096 Apr 30 20:46 .
drwxrwxr-x 6 nikunj-katariya nikunj-katariya 4096 Apr 30 20:46 ..
-rw-rw-r-- 1 nikunj-katariya nikunj-katariya  924 Apr 30 20:46 AbstractBy.php
-rw-rw-r-- 1 nikunj-katariya nikunj-katariya  823 Apr 30 20:46 ByBox.php
-rw-rw-r-- 1 nikunj-katariya nikunj-katariya  404 Apr 30 20:46 ByInterface.php
-rw-rw-r-- 1 nikunj-katariya nikunj-katariya  719 Apr 30 20:46 ByRadius.php
-rw-rw-r-- 1 nikunj-katariya nikunj-katariya  406 Apr 30 20:46 FromInterface.php
-rw-rw-r-- 1 nikunj-katariya nikunj-katariya  819 Apr 30 20:46 FromLonLat.php
-rw-rw-r-- 1 nikunj-katariya nikunj-katariya  677 Apr 30 20:46 FromMember.php

codeigniter-app/vendor/predis/predis/src/Command/Argument/Search:
total 80
drwxrwxr-x 3 nikunj-katariya nikunj-katariya 4096 Apr 30 20:46 .
drwxrwxr-x 6 nikunj-katariya nikunj-katariya 4096 Apr 30 20:46 ..
-rw-rw-r-- 1 nikunj-katariya nikunj-katariya 4293 Apr 30 20:46 AggregateArguments.php
-rw-rw-r-- 1 nikunj-katariya nikunj-katariya  349 Apr 30 20:46 AlterArguments.php
-rw-rw-r-- 1 nikunj-katariya nikunj-katariya 4051 Apr 30 20:46 CommonArguments.php
-rw-rw-r-- 1 nikunj-katariya nikunj-katariya 4450 Apr 30 20:46 CreateArguments.php
-rw-rw-r-- 1 nikunj-katariya nikunj-katariya  899 Apr 30 20:46 CursorArguments.php
-rw-rw-r-- 1 nikunj-katariya nikunj-katariya  804 Apr 30 20:46 DropArguments.php
-rw-rw-r-- 1 nikunj-katariya nikunj-katariya  351 Apr 30 20:46 ExplainArguments.php
-rw-rw-r-- 1 nikunj-katariya nikunj-katariya 1441 Apr 30 20:46 ProfileArguments.php
drwxrwxr-x 2 nikunj-katariya nikunj-katariya 4096 Apr 30 20:46 SchemaFields
-rw-rw-r-- 1 nikunj-katariya nikunj-katariya 8494 Apr 30 20:46 SearchArguments.php
-rw-rw-r-- 1 nikunj-katariya nikunj-katariya 1570 Apr 30 20:46 SpellcheckArguments.php
-rw-rw-r-- 1 nikunj-katariya nikunj-katariya  526 Apr 30 20:46 SugAddArguments.php
-rw-rw-r-- 1 nikunj-katariya nikunj-katariya  867 Apr 30 20:46 SugGetArguments.php
-rw-rw-r-- 1 nikunj-katariya nikunj-katariya  353 Apr 30 20:46 SynUpdateArguments.php

codeigniter-app/vendor/predis/predis/src/Command/Argument/Search/SchemaFields:
total 40
drwxrwxr-x 2 nikunj-katariya nikunj-katariya 4096 Apr 30 20:46 .
drwxrwxr-x 3 nikunj-katariya nikunj-katariya 4096 Apr 30 20:46 ..
-rw-rw-r-- 1 nikunj-katariya nikunj-katariya 1851 Apr 30 20:46 AbstractField.php
-rw-rw-r-- 1 nikunj-katariya nikunj-katariya  462 Apr 30 20:46 FieldInterface.php
-rw-rw-r-- 1 nikunj-katariya nikunj-katariya  861 Apr 30 20:46 GeoField.php
-rw-rw-r-- 1 nikunj-katariya nikunj-katariya 1539 Apr 30 20:46 GeoShapeField.php
-rw-rw-r-- 1 nikunj-katariya nikunj-katariya  869 Apr 30 20:46 NumericField.php
-rw-rw-r-- 1 nikunj-katariya nikunj-katariya 1375 Apr 30 20:46 TagField.php
-rw-rw-r-- 1 nikunj-katariya nikunj-katariya 1755 Apr 30 20:46 TextField.php
-rw-rw-r-- 1 nikunj-katariya nikunj-katariya 1141 Apr 30 20:46 VectorField.php

codeigniter-app/vendor/predis/predis/src/Command/Argument/Server:
total 20
drwxrwxr-x 2 nikunj-katariya nikunj-katariya 4096 Apr 30 20:46 .
drwxrwxr-x 6 nikunj-katariya nikunj-katariya 4096 Apr 30 20:46 ..
-rw-rw-r-- 1 nikunj-katariya nikunj-katariya  403 Apr 30 20:46 LimitInterface.php
-rw-rw-r-- 1 nikunj-katariya nikunj-katariya  779 Apr 30 20:46 LimitOffsetCount.php
-rw-rw-r-- 1 nikunj-katariya nikunj-katariya 1084 Apr 30 20:46 To.php

codeigniter-app/vendor/predis/predis/src/Command/Argument/TimeSeries:
total 52
drwxrwxr-x 2 nikunj-katariya nikunj-katariya 4096 Apr 30 20:46 .
drwxrwxr-x 6 nikunj-katariya nikunj-katariya 4096 Apr 30 20:46 ..
-rw-rw-r-- 1 nikunj-katariya nikunj-katariya  737 Apr 30 20:46 AddArguments.php
-rw-rw-r-- 1 nikunj-katariya nikunj-katariya  353 Apr 30 20:46 AlterArguments.php
-rw-rw-r-- 1 nikunj-katariya nikunj-katariya 4050 Apr 30 20:46 CommonArguments.php
-rw-rw-r-- 1 nikunj-katariya nikunj-katariya  354 Apr 30 20:46 CreateArguments.php
-rw-rw-r-- 1 nikunj-katariya nikunj-katariya  354 Apr 30 20:46 DecrByArguments.php
-rw-rw-r-- 1 nikunj-katariya nikunj-katariya  351 Apr 30 20:46 GetArguments.php
-rw-rw-r-- 1 nikunj-katariya nikunj-katariya  933 Apr 30 20:46 IncrByArguments.php
-rw-rw-r-- 1 nikunj-katariya nikunj-katariya  820 Apr 30 20:46 InfoArguments.php
-rw-rw-r-- 1 nikunj-katariya nikunj-katariya  352 Apr 30 20:46 MGetArguments.php
-rw-rw-r-- 1 nikunj-katariya nikunj-katariya 1132 Apr 30 20:46 MRangeArguments.php
-rw-rw-r-- 1 nikunj-katariya nikunj-katariya 2316 Apr 30 20:46 RangeArguments.php

codeigniter-app/vendor/predis/predis/src/Command/Processor:
total 40
drwxrwxr-x 2 nikunj-katariya nikunj-katariya  4096 Apr 30 20:46 .
drwxrwxr-x 7 nikunj-katariya nikunj-katariya  4096 Apr 30 20:46 ..
-rw-rw-r-- 1 nikunj-katariya nikunj-katariya 20636 Apr 30 20:46 KeyPrefixProcessor.php
-rw-rw-r-- 1 nikunj-katariya nikunj-katariya  3177 Apr 30 20:46 ProcessorChain.php
-rw-rw-r-- 1 nikunj-katariya nikunj-katariya   631 Apr 30 20:46 ProcessorInterface.php

codeigniter-app/vendor/predis/predis/src/Command/Redis:
total 932
drwxrwxr-x 12 nikunj-katariya nikunj-katariya 12288 Apr 30 20:46 .
drwxrwxr-x  7 nikunj-katariya nikunj-katariya  4096 Apr 30 20:46 ..
drwxrwxr-x  2 nikunj-katariya nikunj-katariya  4096 Apr 30 20:46 AbstractCommand
-rw-rw-r--  1 nikunj-katariya nikunj-katariya  1068 Apr 30 20:46 ACL.php
-rw-rw-r--  1 nikunj-katariya nikunj-katariya   523 Apr 30 20:46 APPEND.php
-rw-rw-r--  1 nikunj-katariya nikunj-katariya   517 Apr 30 20:46 AUTH.php
-rw-rw-r--  1 nikunj-katariya nikunj-katariya   705 Apr 30 20:46 BGREWRITEAOF.php
-rw-rw-r--  1 nikunj-katariya nikunj-katariya   683 Apr 30 20:46 BGSAVE.php
-rw-rw-r--  1 nikunj-katariya nikunj-katariya   652 Apr 30 20:46 BITCOUNT.php
-rw-rw-r--  1 nikunj-katariya nikunj-katariya   529 Apr 30 20:46 BITFIELD.php
-rw-rw-r--  1 nikunj-katariya nikunj-katariya  1049 Apr 30 20:46 BITFIELD_RO.php
-rw-rw-r--  1 nikunj-katariya nikunj-katariya   898 Apr 30 20:46 BITOP.php
-rw-rw-r--  1 nikunj-katariya nikunj-katariya   646 Apr 30 20:46 BITPOS.php
-rw-rw-r--  1 nikunj-katariya nikunj-katariya   386 Apr 30 20:46 BLMOVE.php
-rw-rw-r--  1 nikunj-katariya nikunj-katariya   555 Apr 30 20:46 BLMPOP.php
drwxrwxr-x  2 nikunj-katariya nikunj-katariya  4096 Apr 30 20:46 BloomFilter
-rw-rw-r--  1 nikunj-katariya nikunj-katariya   835 Apr 30 20:46 BLPOP.php
-rw-rw-r--  1 nikunj-katariya nikunj-katariya   535 Apr 30 20:46 BRPOPLPUSH.php
-rw-rw-r--  1 nikunj-katariya nikunj-katariya   835 Apr 30 20:46 BRPOP.php
-rw-rw-r--  1 nikunj-katariya nikunj-katariya   651 Apr 30 20:46 BZMPOP.php
-rw-rw-r--  1 nikunj-katariya nikunj-katariya   877 Apr 30 20:46 BZPOPMAX.php
-rw-rw-r--  1 nikunj-katariya nikunj-katariya   876 Apr 30 20:46 BZPOPMIN.php
-rw-rw-r--  1 nikunj-katariya nikunj-katariya  1680 Apr 30 20:46 CLIENT.php
-rw-rw-r--  1 nikunj-katariya nikunj-katariya   496 Apr 30 20:46 CLUSTER.php
-rw-rw-r--  1 nikunj-katariya nikunj-katariya   748 Apr 30 20:46 COMMAND.php
-rw-rw-r--  1 nikunj-katariya nikunj-katariya  1099 Apr 30 20:46 CONFIG.php
drwxrwxr-x  4 nikunj-katariya nikunj-katariya  4096 Apr 30 20:46 Container
-rw-rw-r--  1 nikunj-katariya nikunj-katariya   991 Apr 30 20:46 COPY.php
drwxrwxr-x  2 nikunj-katariya nikunj-katariya  4096 Apr 30 20:46 CountMinSketch
drwxrwxr-x  2 nikunj-katariya nikunj-katariya  4096 Apr 30 20:46 CuckooFilter
-rw-rw-r--  1 nikunj-katariya nikunj-katariya   523 Apr 30 20:46 DBSIZE.php
-rw-rw-r--  1 nikunj-katariya nikunj-katariya   523 Apr 30 20:46 DECRBY.php
-rw-rw-r--  1 nikunj-katariya nikunj-katariya   517 Apr 30 20:46 DECR.php
-rw-rw-r--  1 nikunj-katariya nikunj-katariya   717 Apr 30 20:46 DEL.php
-rw-rw-r--  1 nikunj-katariya nikunj-katariya   526 Apr 30 20:46 DISCARD.php
-rw-rw-r--  1 nikunj-katariya nikunj-katariya   517 Apr 30 20:46 DUMP.php
-rw-rw-r--  1 nikunj-katariya nikunj-katariya   518 Apr 30 20:46 ECHO_.php
-rw-rw-r--  1 nikunj-katariya nikunj-katariya   726 Apr 30 20:46 EVAL_.php
-rw-rw-r--  1 nikunj-katariya nikunj-katariya   697 Apr 30 20:46 EVAL_RO.php
-rw-rw-r--  1 nikunj-katariya nikunj-katariya   673 Apr 30 20:46 EVALSHA.php
-rw-rw-r--  1 nikunj-katariya nikunj-katariya   557 Apr 30 20:46 EVALSHA_RO.php
-rw-rw-r--  1 nikunj-katariya nikunj-katariya   517 Apr 30 20:46 EXEC.php
-rw-rw-r--  1 nikunj-katariya nikunj-katariya   523 Apr 30 20:46 EXISTS.php
-rw-rw-r--  1 nikunj-katariya nikunj-katariya   784 Apr 30 20:46 EXPIREAT.php
-rw-rw-r--  1 nikunj-katariya nikunj-katariya   783 Apr 30 20:46 EXPIRE.php
-rw-rw-r--  1 nikunj-katariya nikunj-katariya   616 Apr 30 20:46 EXPIRETIME.php
-rw-rw-r--  1 nikunj-katariya nikunj-katariya  1100 Apr 30 20:46 FAILOVER.php
-rw-rw-r--  1 nikunj-katariya nikunj-katariya   612 Apr 30 20:46 FCALL.php
-rw-rw-r--  1 nikunj-katariya nikunj-katariya   999 Apr 30 20:46 FCALL_RO.php
-rw-rw-r--  1 nikunj-katariya nikunj-katariya   529 Apr 30 20:46 FLUSHALL.php
-rw-rw-r--  1 nikunj-katariya nikunj-katariya   526 Apr 30 20:46 FLUSHDB.php
-rw-rw-r--  1 nikunj-katariya nikunj-katariya  1234 Apr 30 20:46 FUNCTIONS.php
-rw-rw-r--  1 nikunj-katariya nikunj-katariya   873 Apr 30 20:46 GEOADD.php
-rw-rw-r--  1 nikunj-katariya nikunj-katariya   526 Apr 30 20:46 GEODIST.php
-rw-rw-r--  1 nikunj-katariya nikunj-katariya   852 Apr 30 20:46 GEOHASH.php
-rw-rw-r--  1 nikunj-katariya nikunj-katariya   849 Apr 30 20:46 GEOPOS.php
-rw-rw-r--  1 nikunj-katariya nikunj-katariya   719 Apr 30 20:46 GEORADIUSBYMEMBER.php
-rw-rw-r--  1 nikunj-katariya nikunj-katariya  2022 Apr 30 20:46 GEORADIUS.php
-rw-rw-r--  1 nikunj-katariya nikunj-katariya  3408 Apr 30 20:46 GEOSEARCH.php
-rw-rw-r--  1 nikunj-katariya nikunj-katariya  1765 Apr 30 20:46 GEOSEARCHSTORE.php
-rw-rw-r--  1 nikunj-katariya nikunj-katariya   523 Apr 30 20:46 GETBIT.php
-rw-rw-r--  1 nikunj-katariya nikunj-katariya   438 Apr 30 20:46 GETDEL.php
-rw-rw-r--  1 nikunj-katariya nikunj-katariya  1578 Apr 30 20:46 GETEX.php
-rw-rw-r--  1 nikunj-katariya nikunj-katariya   514 Apr 30 20:46 GET.php
-rw-rw-r--  1 nikunj-katariya nikunj-katariya   529 Apr 30 20:46 GETRANGE.php
-rw-rw-r--  1 nikunj-katariya nikunj-katariya   523 Apr 30 20:46 GETSET.php
-rw-rw-r--  1 nikunj-katariya nikunj-katariya   719 Apr 30 20:46 HDEL.php
-rw-rw-r--  1 nikunj-katariya nikunj-katariya   526 Apr 30 20:46 HEXISTS.php
-rw-rw-r--  1 nikunj-katariya nikunj-katariya   394 Apr 30 20:46 HEXPIREAT.php
-rw-rw-r--  1 nikunj-katariya nikunj-katariya  1338 Apr 30 20:46 HEXPIRE.php
-rw-rw-r--  1 nikunj-katariya nikunj-katariya   722 Apr 30 20:46 HEXPIRETIME.php
-rw-rw-r--  1 nikunj-katariya nikunj-katariya   860 Apr 30 20:46 HGETALL.php
-rw-rw-r--  1 nikunj-katariya nikunj-katariya   782 Apr 30 20:46 HGETDEL.php
-rw-rw-r--  1 nikunj-katariya nikunj-katariya  2554 Apr 30 20:46 HGETEX.php
-rw-rw-r--  1 nikunj-katariya nikunj-katariya   517 Apr 30 20:46 HGET.php
-rw-rw-r--  1 nikunj-katariya nikunj-katariya   541 Apr 30 20:46 HINCRBYFLOAT.php
-rw-rw-r--  1 nikunj-katariya nikunj-katariya   526 Apr 30 20:46 HINCRBY.php
-rw-rw-r--  1 nikunj-katariya nikunj-katariya   520 Apr 30 20:46 HKEYS.php
-rw-rw-r--  1 nikunj-katariya nikunj-katariya   517 Apr 30 20:46 HLEN.php
-rw-rw-r--  1 nikunj-katariya nikunj-katariya   722 Apr 30 20:46 HMGET.php
-rw-rw-r--  1 nikunj-katariya nikunj-katariya   994 Apr 30 20:46 HMSET.php
-rw-rw-r--  1 nikunj-katariya nikunj-katariya   716 Apr 30 20:46 HPERSIST.php
-rw-rw-r--  1 nikunj-katariya nikunj-katariya   396 Apr 30 20:46 HPEXPIREAT.php
-rw-rw-r--  1 nikunj-katariya nikunj-katariya   392 Apr 30 20:46 HPEXPIRE.php
-rw-rw-r--  1 nikunj-katariya nikunj-katariya   404 Apr 30 20:46 HPEXPIRETIME.php
-rw-rw-r--  1 nikunj-katariya nikunj-katariya   383 Apr 30 20:46 HPTTL.php
-rw-rw-r--  1 nikunj-katariya nikunj-katariya  1211 Apr 30 20:46 HRANDFIELD.php
-rw-rw-r--  1 nikunj-katariya nikunj-katariya  2186 Apr 30 20:46 HSCAN.php
-rw-rw-r--  1 nikunj-katariya nikunj-katariya  3841 Apr 30 20:46 HSETEX.php
-rw-rw-r--  1 nikunj-katariya nikunj-katariya   523 Apr 30 20:46 HSETNX.php
-rw-rw-r--  1 nikunj-katariya nikunj-katariya   517 Apr 30 20:46 HSET.php
-rw-rw-r--  1 nikunj-katariya nikunj-katariya   526 Apr 30 20:46 HSTRLEN.php
-rw-rw-r--  1 nikunj-katariya nikunj-katariya   708 Apr 30 20:46 HTTL.php
-rw-rw-r--  1 nikunj-katariya nikunj-katariya   520 Apr 30 20:46 HVALS.php
-rw-rw-r--  1 nikunj-katariya nikunj-katariya   538 Apr 30 20:46 INCRBYFLOAT.php
-rw-rw-r--  1 nikunj-katariya nikunj-katariya   523 Apr 30 20:46 INCRBY.php
-rw-rw-r--  1 nikunj-katariya nikunj-katariya   517 Apr 30 20:46 INCR.php
-rw-rw-r--  1 nikunj-katariya nikunj-katariya  3362 Apr 30 20:46 INFO.php
drwxrwxr-x  2 nikunj-katariya nikunj-katariya  4096 Apr 30 20:46 Json
-rw-rw-r--  1 nikunj-katariya nikunj-katariya   517 Apr 30 20:46 KEYS.php
-rw-rw-r--  1 nikunj-katariya nikunj-katariya   529 Apr 30 20:46 LASTSAVE.php
-rw-rw-r--  1 nikunj-katariya nikunj-katariya  1683 Apr 30 20:46 LCS.php
-rw-rw-r--  1 nikunj-katariya nikunj-katariya   523 Apr 30 20:46 LINDEX.php
-rw-rw-r--  1 nikunj-katariya nikunj-katariya   526 Apr 30 20:46 LINSERT.php
-rw-rw-r--  1 nikunj-katariya nikunj-katariya   517 Apr 30 20:46 LLEN.php
-rw-rw-r--  1 nikunj-katariya nikunj-katariya   436 Apr 30 20:46 LMOVE.php
-rw-rw-r--  1 nikunj-katariya nikunj-katariya  1367 Apr 30 20:46 LMPOP.php
-rw-rw-r--  1 nikunj-katariya nikunj-katariya   517 Apr 30 20:46 LPOP.php
-rw-rw-r--  1 nikunj-katariya nikunj-katariya   722 Apr 30 20:46 LPUSH.php
-rw-rw-r--  1 nikunj-katariya nikunj-katariya   523 Apr 30 20:46 LPUSHX.php
-rw-rw-r--  1 nikunj-katariya nikunj-katariya   523 Apr 30 20:46 LRANGE.php
-rw-rw-r--  1 nikunj-katariya nikunj-katariya   517 Apr 30 20:46 LREM.php
-rw-rw-r--  1 nikunj-katariya nikunj-katariya   517 Apr 30 20:46 LSET.php
-rw-rw-r--  1 nikunj-katariya nikunj-katariya   520 Apr 30 20:46 LTRIM.php
-rw-rw-r--  1 nikunj-katariya nikunj-katariya   720 Apr 30 20:46 MGET.php
-rw-rw-r--  1 nikunj-katariya nikunj-katariya  1112 Apr 30 20:46 MIGRATE.php
-rw-rw-r--  1 nikunj-katariya nikunj-katariya   526 Apr 30 20:46 MONITOR.php
-rw-rw-r--  1 nikunj-katariya nikunj-katariya   517 Apr 30 20:46 MOVE.php
-rw-rw-r--  1 nikunj-katariya nikunj-katariya   470 Apr 30 20:46 MSETNX.php
-rw-rw-r--  1 nikunj-katariya nikunj-katariya   978 Apr 30 20:46 MSET.php
-rw-rw-r--  1 nikunj-katariya nikunj-katariya   520 Apr 30 20:46 MULTI.php
-rw-rw-r--  1 nikunj-katariya nikunj-katariya   524 Apr 30 20:46 OBJECT_.php
-rw-rw-r--  1 nikunj-katariya nikunj-katariya   526 Apr 30 20:46 PERSIST.php
-rw-rw-r--  1 nikunj-katariya nikunj-katariya   532 Apr 30 20:46 PEXPIREAT.php
-rw-rw-r--  1 nikunj-katariya nikunj-katariya   526 Apr 30 20:46 PEXPIRE.php
-rw-rw-r--  1 nikunj-katariya nikunj-katariya   648 Apr 30 20:46 PEXPIRETIME.php
-rw-rw-r--  1 nikunj-katariya nikunj-katariya   722 Apr 30 20:46 PFADD.php
-rw-rw-r--  1 nikunj-katariya nikunj-katariya   729 Apr 30 20:46 PFCOUNT.php
-rw-rw-r--  1 nikunj-katariya nikunj-katariya   729 Apr 30 20:46 PFMERGE.php
-rw-rw-r--  1 nikunj-katariya nikunj-katariya   517 Apr 30 20:46 PING.php
-rw-rw-r--  1 nikunj-katariya nikunj-katariya   523 Apr 30 20:46 PSETEX.php
-rw-rw-r--  1 nikunj-katariya nikunj-katariya   738 Apr 30 20:46 PSUBSCRIBE.php
-rw-rw-r--  1 nikunj-katariya nikunj-katariya   517 Apr 30 20:46 PTTL.php
-rw-rw-r--  1 nikunj-katariya nikunj-katariya   526 Apr 30 20:46 PUBLISH.php
-rw-rw-r--  1 nikunj-katariya nikunj-katariya  1233 Apr 30 20:46 PUBSUB.php
-rw-rw-r--  1 nikunj-katariya nikunj-katariya   744 Apr 30 20:46 PUNSUBSCRIBE.php
-rw-rw-r--  1 nikunj-katariya nikunj-katariya   517 Apr 30 20:46 QUIT.php
-rw-rw-r--  1 nikunj-katariya nikunj-katariya   667 Apr 30 20:46 RANDOMKEY.php
-rw-rw-r--  1 nikunj-katariya nikunj-katariya   529 Apr 30 20:46 RENAMENX.php
-rw-rw-r--  1 nikunj-katariya nikunj-katariya   523 Apr 30 20:46 RENAME.php
-rw-rw-r--  1 nikunj-katariya nikunj-katariya   526 Apr 30 20:46 RESTORE.php
-rw-rw-r--  1 nikunj-katariya nikunj-katariya   532 Apr 30 20:46 RPOPLPUSH.php
-rw-rw-r--  1 nikunj-katariya nikunj-katariya   517 Apr 30 20:46 RPOP.php
-rw-rw-r--  1 nikunj-katariya nikunj-katariya   722 Apr 30 20:46 RPUSH.php
-rw-rw-r--  1 nikunj-katariya nikunj-katariya   523 Apr 30 20:46 RPUSHX.php
-rw-rw-r--  1 nikunj-katariya nikunj-katariya   719 Apr 30 20:46 SADD.php
-rw-rw-r--  1 nikunj-katariya nikunj-katariya   517 Apr 30 20:46 SAVE.php
-rw-rw-r--  1 nikunj-katariya nikunj-katariya  1485 Apr 30 20:46 SCAN.php
-rw-rw-r--  1 nikunj-katariya nikunj-katariya   520 Apr 30 20:46 SCARD.php
-rw-rw-r--  1 nikunj-katariya nikunj-katariya   523 Apr 30 20:46 SCRIPT.php
-rw-rw-r--  1 nikunj-katariya nikunj-katariya   723 Apr 30 20:46 SDIFF.php
-rw-rw-r--  1 nikunj-katariya nikunj-katariya   825 Apr 30 20:46 SDIFFSTORE.php
drwxrwxr-x  2 nikunj-katariya nikunj-katariya  4096 Apr 30 20:46 Search
-rw-rw-r--  1 nikunj-katariya nikunj-katariya   523 Apr 30 20:46 SELECT.php
-rw-rw-r--  1 nikunj-katariya nikunj-katariya  1502 Apr 30 20:46 SENTINEL.php
-rw-rw-r--  1 nikunj-katariya nikunj-katariya   523 Apr 30 20:46 SETBIT.php
-rw-rw-r--  1 nikunj-katariya nikunj-katariya   520 Apr 30 20:46 SETEX.php
-rw-rw-r--  1 nikunj-katariya nikunj-katariya   520 Apr 30 20:46 SETNX.php
-rw-rw-r--  1 nikunj-katariya nikunj-katariya   865 Apr 30 20:46 SET.php
-rw-rw-r--  1 nikunj-katariya nikunj-katariya   529 Apr 30 20:46 SETRANGE.php
-rw-rw-r--  1 nikunj-katariya nikunj-katariya  1372 Apr 30 20:46 SHUTDOWN.php
-rw-rw-r--  1 nikunj-katariya nikunj-katariya   933 Apr 30 20:46 SINTERCARD.php
-rw-rw-r--  1 nikunj-katariya nikunj-katariya   726 Apr 30 20:46 SINTER.php
-rw-rw-r--  1 nikunj-katariya nikunj-katariya   828 Apr 30 20:46 SINTERSTORE.php
-rw-rw-r--  1 nikunj-katariya nikunj-katariya   532 Apr 30 20:46 SISMEMBER.php
-rw-rw-r--  1 nikunj-katariya nikunj-katariya   789 Apr 30 20:46 SLAVEOF.php
-rw-rw-r--  1 nikunj-katariya nikunj-katariya  1021 Apr 30 20:46 SLOWLOG.php
-rw-rw-r--  1 nikunj-katariya nikunj-katariya   529 Apr 30 20:46 SMEMBERS.php
-rw-rw-r--  1 nikunj-katariya nikunj-katariya   572 Apr 30 20:46 SMISMEMBER.php
-rw-rw-r--  1 nikunj-katariya nikunj-katariya   520 Apr 30 20:46 SMOVE.php
-rw-rw-r--  1 nikunj-katariya nikunj-katariya  2020 Apr 30 20:46 SORT.php
-rw-rw-r--  1 nikunj-katariya nikunj-katariya  1838 Apr 30 20:46 SORT_RO.php
-rw-rw-r--  1 nikunj-katariya nikunj-katariya   517 Apr 30 20:46 SPOP.php
-rw-rw-r--  1 nikunj-katariya nikunj-katariya   538 Apr 30 20:46 SRANDMEMBER.php
-rw-rw-r--  1 nikunj-katariya nikunj-katariya   719 Apr 30 20:46 SREM.php
-rw-rw-r--  1 nikunj-katariya nikunj-katariya  1488 Apr 30 20:46 SSCAN.php
-rw-rw-r--  1 nikunj-katariya nikunj-katariya   523 Apr 30 20:46 STRLEN.php
-rw-rw-r--  1 nikunj-katariya nikunj-katariya   735 Apr 30 20:46 SUBSCRIBE.php
-rw-rw-r--  1 nikunj-katariya nikunj-katariya   523 Apr 30 20:46 SUBSTR.php
-rw-rw-r--  1 nikunj-katariya nikunj-katariya   726 Apr 30 20:46 SUNION.php
-rw-rw-r--  1 nikunj-katariya nikunj-katariya   828 Apr 30 20:46 SUNIONSTORE.php
drwxrwxr-x  2 nikunj-katariya nikunj-katariya  4096 Apr 30 20:46 TDigest
-rw-rw-r--  1 nikunj-katariya nikunj-katariya   517 Apr 30 20:46 TIME.php
drwxrwxr-x  2 nikunj-katariya nikunj-katariya  4096 Apr 30 20:46 TimeSeries
drwxrwxr-x  2 nikunj-katariya nikunj-katariya  4096 Apr 30 20:46 TopK
-rw-rw-r--  1 nikunj-katariya nikunj-katariya   723 Apr 30 20:46 TOUCH.php
-rw-rw-r--  1 nikunj-katariya nikunj-katariya   514 Apr 30 20:46 TTL.php
-rw-rw-r--  1 nikunj-katariya nikunj-katariya  1018 Apr 30 20:46 TYPE.php
-rw-rw-r--  1 nikunj-katariya nikunj-katariya   741 Apr 30 20:46 UNSUBSCRIBE.php
-rw-rw-r--  1 nikunj-katariya nikunj-katariya   526 Apr 30 20:46 UNWATCH.php
-rw-rw-r--  1 nikunj-katariya nikunj-katariya   697 Apr 30 20:46 WAITAOF.php
-rw-rw-r--  1 nikunj-katariya nikunj-katariya   777 Apr 30 20:46 WATCH.php
-rw-rw-r--  1 nikunj-katariya nikunj-katariya  1433 Apr 30 20:46 XADD.php
-rw-rw-r--  1 nikunj-katariya nikunj-katariya   719 Apr 30 20:46 XDEL.php
-rw-rw-r--  1 nikunj-katariya nikunj-katariya   517 Apr 30 20:46 XLEN.php
-rw-rw-r--  1 nikunj-katariya nikunj-katariya  1215 Apr 30 20:46 XRANGE.php
-rw-rw-r--  1 nikunj-katariya nikunj-katariya  1436 Apr 30 20:46 XREAD.php
-rw-rw-r--  1 nikunj-katariya nikunj-katariya   481 Apr 30 20:46 XREVRANGE.php
-rw-rw-r--  1 nikunj-katariya nikunj-katariya  1112 Apr 30 20:46 XTRIM.php
-rw-rw-r--  1 nikunj-katariya nikunj-katariya   872 Apr 30 20:46 ZADD.php
-rw-rw-r--  1 nikunj-katariya nikunj-katariya   520 Apr 30 20:46 ZCARD.php
-rw-rw-r--  1 nikunj-katariya nikunj-katariya   523 Apr 30 20:46 ZCOUNT.php
-rw-rw-r--  1 nikunj-katariya nikunj-katariya  1066 Apr 30 20:46 ZDIFF.php
-rw-rw-r--  1 nikunj-katariya nikunj-katariya   945 Apr 30 20:46 ZDIFFSTORE.php
-rw-rw-r--  1 nikunj-katariya nikunj-katariya   526 Apr 30 20:46 ZINCRBY.php
-rw-rw-r--  1 nikunj-katariya nikunj-katariya  1119 Apr 30 20:46 ZINTERCARD.php
-rw-rw-r--  1 nikunj-katariya nikunj-katariya   806 Apr 30 20:46 ZINTER.php
-rw-rw-r--  1 nikunj-katariya nikunj-katariya   492 Apr 30 20:46 ZINTERSTORE.php
-rw-rw-r--  1 nikunj-katariya nikunj-katariya   532 Apr 30 20:46 ZLEXCOUNT.php
-rw-rw-r--  1 nikunj-katariya nikunj-katariya  1955 Apr 30 20:46 ZMPOP.php
-rw-rw-r--  1 nikunj-katariya nikunj-katariya   715 Apr 30 20:46 ZMSCORE.php
-rw-rw-r--  1 nikunj-katariya nikunj-katariya   910 Apr 30 20:46 ZPOPMAX.php
-rw-rw-r--  1 nikunj-katariya nikunj-katariya   910 Apr 30 20:46 ZPOPMIN.php
-rw-rw-r--  1 nikunj-katariya nikunj-katariya   859 Apr 30 20:46 ZRANDMEMBER.php
-rw-rw-r--  1 nikunj-katariya nikunj-katariya  1127 Apr 30 20:46 ZRANGEBYLEX.php
-rw-rw-r--  1 nikunj-katariya nikunj-katariya  1508 Apr 30 20:46 ZRANGEBYSCORE.php
-rw-rw-r--  1 nikunj-katariya nikunj-katariya  2481 Apr 30 20:46 ZRANGE.php
-rw-rw-r--  1 nikunj-katariya nikunj-katariya  1437 Apr 30 20:46 ZRANGESTORE.php
-rw-rw-r--  1 nikunj-katariya nikunj-katariya   520 Apr 30 20:46 ZRANK.php
-rw-rw-r--  1 nikunj-katariya nikunj-katariya   719 Apr 30 20:46 ZREM.php
-rw-rw-r--  1 nikunj-katariya nikunj-katariya   547 Apr 30 20:46 ZREMRANGEBYLEX.php
-rw-rw-r--  1 nikunj-katariya nikunj-katariya   550 Apr 30 20:46 ZREMRANGEBYRANK.php
-rw-rw-r--  1 nikunj-katariya nikunj-katariya   553 Apr 30 20:46 ZREMRANGEBYSCORE.php
-rw-rw-r--  1 nikunj-katariya nikunj-katariya   501 Apr 30 20:46 ZREVRANGEBYLEX.php
-rw-rw-r--  1 nikunj-katariya nikunj-katariya   509 Apr 30 20:46 ZREVRANGEBYSCORE.php
-rw-rw-r--  1 nikunj-katariya nikunj-katariya   481 Apr 30 20:46 ZREVRANGE.php
-rw-rw-r--  1 nikunj-katariya nikunj-katariya   529 Apr 30 20:46 ZREVRANK.php
-rw-rw-r--  1 nikunj-katariya nikunj-katariya  1869 Apr 30 20:46 ZSCAN.php
-rw-rw-r--  1 nikunj-katariya nikunj-katariya   523 Apr 30 20:46 ZSCORE.php
-rw-rw-r--  1 nikunj-katariya nikunj-katariya   806 Apr 30 20:46 ZUNION.php
-rw-rw-r--  1 nikunj-katariya nikunj-katariya  1691 Apr 30 20:46 ZUNIONSTORE.php

codeigniter-app/vendor/predis/predis/src/Command/Redis/AbstractCommand:
total 20
drwxrwxr-x  2 nikunj-katariya nikunj-katariya  4096 Apr 30 20:46 .
drwxrwxr-x 12 nikunj-katariya nikunj-katariya 12288 Apr 30 20:46 ..
-rw-rw-r--  1 nikunj-katariya nikunj-katariya   923 Apr 30 20:46 BZPOPBase.php

codeigniter-app/vendor/predis/predis/src/Command/Redis/BloomFilter:
total 52
drwxrwxr-x  2 nikunj-katariya nikunj-katariya  4096 Apr 30 20:46 .
drwxrwxr-x 12 nikunj-katariya nikunj-katariya 12288 Apr 30 20:46 ..
-rw-rw-r--  1 nikunj-katariya nikunj-katariya   634 Apr 30 20:46 BFADD.php
-rw-rw-r--  1 nikunj-katariya nikunj-katariya   579 Apr 30 20:46 BFEXISTS.php
-rw-rw-r--  1 nikunj-katariya nikunj-katariya  1861 Apr 30 20:46 BFINFO.php
-rw-rw-r--  1 nikunj-katariya nikunj-katariya  1925 Apr 30 20:46 BFINSERT.php
-rw-rw-r--  1 nikunj-katariya nikunj-katariya   618 Apr 30 20:46 BFLOADCHUNK.php
-rw-rw-r--  1 nikunj-katariya nikunj-katariya   714 Apr 30 20:46 BFMADD.php
-rw-rw-r--  1 nikunj-katariya nikunj-katariya   581 Apr 30 20:46 BFMEXISTS.php
-rw-rw-r--  1 nikunj-katariya nikunj-katariya  1285 Apr 30 20:46 BFRESERVE.php
-rw-rw-r--  1 nikunj-katariya nikunj-katariya   667 Apr 30 20:46 BFSCANDUMP.php

codeigniter-app/vendor/predis/predis/src/Command/Redis/Container:
total 48
drwxrwxr-x  4 nikunj-katariya nikunj-katariya  4096 Apr 30 20:46 .
drwxrwxr-x 12 nikunj-katariya nikunj-katariya 12288 Apr 30 20:46 ..
-rw-rw-r--  1 nikunj-katariya nikunj-katariya   951 Apr 30 20:46 AbstractContainer.php
-rw-rw-r--  1 nikunj-katariya nikunj-katariya   691 Apr 30 20:46 ACL.php
-rw-rw-r--  1 nikunj-katariya nikunj-katariya   634 Apr 30 20:46 CLUSTER.php
-rw-rw-r--  1 nikunj-katariya nikunj-katariya  2401 Apr 30 20:46 ContainerFactory.php
-rw-rw-r--  1 nikunj-katariya nikunj-katariya   798 Apr 30 20:46 ContainerInterface.php
-rw-rw-r--  1 nikunj-katariya nikunj-katariya   869 Apr 30 20:46 FunctionContainer.php
drwxrwxr-x  2 nikunj-katariya nikunj-katariya  4096 Apr 30 20:46 Json
drwxrwxr-x  2 nikunj-katariya nikunj-katariya  4096 Apr 30 20:46 Search

codeigniter-app/vendor/predis/predis/src/Command/Redis/Container/Json:
total 12
drwxrwxr-x 2 nikunj-katariya nikunj-katariya 4096 Apr 30 20:46 .
drwxrwxr-x 4 nikunj-katariya nikunj-katariya 4096 Apr 30 20:46 ..
-rw-rw-r-- 1 nikunj-katariya nikunj-katariya  581 Apr 30 20:46 JSONDEBUG.php

codeigniter-app/vendor/predis/predis/src/Command/Redis/Container/Search:
total 16
drwxrwxr-x 2 nikunj-katariya nikunj-katariya 4096 Apr 30 20:46 .
drwxrwxr-x 4 nikunj-katariya nikunj-katariya 4096 Apr 30 20:46 ..
-rw-rw-r-- 1 nikunj-katariya nikunj-katariya  657 Apr 30 20:46 FTCONFIG.php
-rw-rw-r-- 1 nikunj-katariya nikunj-katariya  727 Apr 30 20:46 FTCURSOR.php

codeigniter-app/vendor/predis/predis/src/Command/Redis/CountMinSketch:
total 40
drwxrwxr-x  2 nikunj-katariya nikunj-katariya  4096 Apr 30 20:46 .
drwxrwxr-x 12 nikunj-katariya nikunj-katariya 12288 Apr 30 20:46 ..
-rw-rw-r--  1 nikunj-katariya nikunj-katariya   612 Apr 30 20:46 CMSINCRBY.php
-rw-rw-r--  1 nikunj-katariya nikunj-katariya   958 Apr 30 20:46 CMSINFO.php
-rw-rw-r--  1 nikunj-katariya nikunj-katariya   593 Apr 30 20:46 CMSINITBYDIM.php
-rw-rw-r--  1 nikunj-katariya nikunj-katariya   600 Apr 30 20:46 CMSINITBYPROB.php
-rw-rw-r--  1 nikunj-katariya nikunj-katariya  1076 Apr 30 20:46 CMSMERGE.php
-rw-rw-r--  1 nikunj-katariya nikunj-katariya   570 Apr 30 20:46 CMSQUERY.php

codeigniter-app/vendor/predis/predis/src/Command/Redis/CuckooFilter:
total 64
drwxrwxr-x  2 nikunj-katariya nikunj-katariya  4096 Apr 30 20:46 .
drwxrwxr-x 12 nikunj-katariya nikunj-katariya 12288 Apr 30 20:46 ..
-rw-rw-r--  1 nikunj-katariya nikunj-katariya   582 Apr 30 20:46 CFADDNX.php
-rw-rw-r--  1 nikunj-katariya nikunj-katariya   583 Apr 30 20:46 CFADD.php
-rw-rw-r--  1 nikunj-katariya nikunj-katariya   659 Apr 30 20:46 CFCOUNT.php
-rw-rw-r--  1 nikunj-katariya nikunj-katariya   680 Apr 30 20:46 CFDEL.php
-rw-rw-r--  1 nikunj-katariya nikunj-katariya   563 Apr 30 20:46 CFEXISTS.php
-rw-rw-r--  1 nikunj-katariya nikunj-katariya   930 Apr 30 20:46 CFINFO.php
-rw-rw-r--  1 nikunj-katariya nikunj-katariya   601 Apr 30 20:46 CFINSERTNX.php
-rw-rw-r--  1 nikunj-katariya nikunj-katariya  1285 Apr 30 20:46 CFINSERT.php
-rw-rw-r--  1 nikunj-katariya nikunj-katariya   622 Apr 30 20:46 CFLOADCHUNK.php
-rw-rw-r--  1 nikunj-katariya nikunj-katariya   576 Apr 30 20:46 CFMEXISTS.php
-rw-rw-r--  1 nikunj-katariya nikunj-katariya  1353 Apr 30 20:46 CFRESERVE.php
-rw-rw-r--  1 nikunj-katariya nikunj-katariya   670 Apr 30 20:46 CFSCANDUMP.php

codeigniter-app/vendor/predis/predis/src/Command/Redis/Json:
total 108
drwxrwxr-x  2 nikunj-katariya nikunj-katariya  4096 Apr 30 20:46 .
drwxrwxr-x 12 nikunj-katariya nikunj-katariya 12288 Apr 30 20:46 ..
-rw-rw-r--  1 nikunj-katariya nikunj-katariya   597 Apr 30 20:46 JSONARRAPPEND.php
-rw-rw-r--  1 nikunj-katariya nikunj-katariya   579 Apr 30 20:46 JSONARRINDEX.php
-rw-rw-r--  1 nikunj-katariya nikunj-katariya   607 Apr 30 20:46 JSONARRINSERT.php
-rw-rw-r--  1 nikunj-katariya nikunj-katariya   564 Apr 30 20:46 JSONARRLEN.php
-rw-rw-r--  1 nikunj-katariya nikunj-katariya   570 Apr 30 20:46 JSONARRPOP.php
-rw-rw-r--  1 nikunj-katariya nikunj-katariya   597 Apr 30 20:46 JSONARRTRIM.php
-rw-rw-r--  1 nikunj-katariya nikunj-katariya   578 Apr 30 20:46 JSONCLEAR.php
-rw-rw-r--  1 nikunj-katariya nikunj-katariya   567 Apr 30 20:46 JSONDEBUG.php
-rw-rw-r--  1 nikunj-katariya nikunj-katariya   519 Apr 30 20:46 JSONDEL.php
-rw-rw-r--  1 nikunj-katariya nikunj-katariya   554 Apr 30 20:46 JSONFORGET.php
-rw-rw-r--  1 nikunj-katariya nikunj-katariya  1340 Apr 30 20:46 JSONGET.php
-rw-rw-r--  1 nikunj-katariya nikunj-katariya   656 Apr 30 20:46 JSONMERGE.php
-rw-rw-r--  1 nikunj-katariya nikunj-katariya   737 Apr 30 20:46 JSONMGET.php
-rw-rw-r--  1 nikunj-katariya nikunj-katariya   597 Apr 30 20:46 JSONMSET.php
-rw-rw-r--  1 nikunj-katariya nikunj-katariya   574 Apr 30 20:46 JSONNUMINCRBY.php
-rw-rw-r--  1 nikunj-katariya nikunj-katariya   572 Apr 30 20:46 JSONOBJKEYS.php
-rw-rw-r--  1 nikunj-katariya nikunj-katariya   573 Apr 30 20:46 JSONOBJLEN.php
-rw-rw-r--  1 nikunj-katariya nikunj-katariya   581 Apr 30 20:46 JSONRESP.php
-rw-rw-r--  1 nikunj-katariya nikunj-katariya   847 Apr 30 20:46 JSONSET.php
-rw-rw-r--  1 nikunj-katariya nikunj-katariya   574 Apr 30 20:46 JSONSTRAPPEND.php
-rw-rw-r--  1 nikunj-katariya nikunj-katariya   565 Apr 30 20:46 JSONSTRLEN.php
-rw-rw-r--  1 nikunj-katariya nikunj-katariya   551 Apr 30 20:46 JSONTOGGLE.php
-rw-rw-r--  1 nikunj-katariya nikunj-katariya   545 Apr 30 20:46 JSONTYPE.php

codeigniter-app/vendor/predis/predis/src/Command/Redis/Search:
total 116
drwxrwxr-x  2 nikunj-katariya nikunj-katariya  4096 Apr 30 20:46 .
drwxrwxr-x 12 nikunj-katariya nikunj-katariya 12288 Apr 30 20:46 ..
-rw-rw-r--  1 nikunj-katariya nikunj-katariya   947 Apr 30 20:46 FTAGGREGATE.php
-rw-rw-r--  1 nikunj-katariya nikunj-katariya   541 Apr 30 20:46 FTALIASADD.php
-rw-rw-r--  1 nikunj-katariya nikunj-katariya   546 Apr 30 20:46 FTALIASDEL.php
-rw-rw-r--  1 nikunj-katariya nikunj-katariya   678 Apr 30 20:46 FTALIASUPDATE.php
-rw-rw-r--  1 nikunj-katariya nikunj-katariya  1051 Apr 30 20:46 FTALTER.php
-rw-rw-r--  1 nikunj-katariya nikunj-katariya   848 Apr 30 20:46 FTCONFIG.php
-rw-rw-r--  1 nikunj-katariya nikunj-katariya  1150 Apr 30 20:46 FTCREATE.php
-rw-rw-r--  1 nikunj-katariya nikunj-katariya   785 Apr 30 20:46 FTCURSOR.php
-rw-rw-r--  1 nikunj-katariya nikunj-katariya   539 Apr 30 20:46 FTDICTADD.php
-rw-rw-r--  1 nikunj-katariya nikunj-katariya   544 Apr 30 20:46 FTDICTDEL.php
-rw-rw-r--  1 nikunj-katariya nikunj-katariya   555 Apr 30 20:46 FTDICTDUMP.php
-rw-rw-r--  1 nikunj-katariya nikunj-katariya   796 Apr 30 20:46 FTDROPINDEX.php
-rw-rw-r--  1 nikunj-katariya nikunj-katariya   915 Apr 30 20:46 FTEXPLAIN.php
-rw-rw-r--  1 nikunj-katariya nikunj-katariya   551 Apr 30 20:46 FTINFO.php
-rw-rw-r--  1 nikunj-katariya nikunj-katariya   486 Apr 30 20:46 FT_LIST.php
-rw-rw-r--  1 nikunj-katariya nikunj-katariya   812 Apr 30 20:46 FTPROFILE.php
-rw-rw-r--  1 nikunj-katariya nikunj-katariya   891 Apr 30 20:46 FTSEARCH.php
-rw-rw-r--  1 nikunj-katariya nikunj-katariya   814 Apr 30 20:46 FTSPELLCHECK.php
-rw-rw-r--  1 nikunj-katariya nikunj-katariya   893 Apr 30 20:46 FTSUGADD.php
-rw-rw-r--  1 nikunj-katariya nikunj-katariya   550 Apr 30 20:46 FTSUGDEL.php
-rw-rw-r--  1 nikunj-katariya nikunj-katariya   851 Apr 30 20:46 FTSUGGET.php
-rw-rw-r--  1 nikunj-katariya nikunj-katariya   565 Apr 30 20:46 FTSUGLEN.php
-rw-rw-r--  1 nikunj-katariya nikunj-katariya   550 Apr 30 20:46 FTSYNDUMP.php
-rw-rw-r--  1 nikunj-katariya nikunj-katariya   981 Apr 30 20:46 FTSYNUPDATE.php
-rw-rw-r--  1 nikunj-katariya nikunj-katariya   568 Apr 30 20:46 FTTAGVALS.php

codeigniter-app/vendor/predis/predis/src/Command/Redis/TDigest:
total 72
drwxrwxr-x  2 nikunj-katariya nikunj-katariya  4096 Apr 30 20:46 .
drwxrwxr-x 12 nikunj-katariya nikunj-katariya 12288 Apr 30 20:46 ..
-rw-rw-r--  1 nikunj-katariya nikunj-katariya   568 Apr 30 20:46 TDIGESTADD.php
-rw-rw-r--  1 nikunj-katariya nikunj-katariya  1242 Apr 30 20:46 TDIGESTBYRANK.php
-rw-rw-r--  1 nikunj-katariya nikunj-katariya  1267 Apr 30 20:46 TDIGESTBYREVRANK.php
-rw-rw-r--  1 nikunj-katariya nikunj-katariya  1324 Apr 30 20:46 TDIGESTCDF.php
-rw-rw-r--  1 nikunj-katariya nikunj-katariya   930 Apr 30 20:46 TDIGESTCREATE.php
-rw-rw-r--  1 nikunj-katariya nikunj-katariya   878 Apr 30 20:46 TDIGESTINFO.php
-rw-rw-r--  1 nikunj-katariya nikunj-katariya  1022 Apr 30 20:46 TDIGESTMAX.php
-rw-rw-r--  1 nikunj-katariya nikunj-katariya  1149 Apr 30 20:46 TDIGESTMERGE.php
-rw-rw-r--  1 nikunj-katariya nikunj-katariya  1022 Apr 30 20:46 TDIGESTMIN.php
-rw-rw-r--  1 nikunj-katariya nikunj-katariya  1293 Apr 30 20:46 TDIGESTQUANTILE.php
-rw-rw-r--  1 nikunj-katariya nikunj-katariya   743 Apr 30 20:46 TDIGESTRANK.php
-rw-rw-r--  1 nikunj-katariya nikunj-katariya   588 Apr 30 20:46 TDIGESTRESET.php
-rw-rw-r--  1 nikunj-katariya nikunj-katariya   759 Apr 30 20:46 TDIGESTREVRANK.php
-rw-rw-r--  1 nikunj-katariya nikunj-katariya  1119 Apr 30 20:46 TDIGESTTRIMMED_MEAN.php

codeigniter-app/vendor/predis/predis/src/Command/Redis/TimeSeries:
total 84
drwxrwxr-x  2 nikunj-katariya nikunj-katariya  4096 Apr 30 20:46 .
drwxrwxr-x 12 nikunj-katariya nikunj-katariya 12288 Apr 30 20:46 ..
-rw-rw-r--  1 nikunj-katariya nikunj-katariya   861 Apr 30 20:46 TSADD.php
-rw-rw-r--  1 nikunj-katariya nikunj-katariya   884 Apr 30 20:46 TSALTER.php
-rw-rw-r--  1 nikunj-katariya nikunj-katariya   822 Apr 30 20:46 TSCREATE.php
-rw-rw-r--  1 nikunj-katariya nikunj-katariya   941 Apr 30 20:46 TSCREATERULE.php
-rw-rw-r--  1 nikunj-katariya nikunj-katariya  1017 Apr 30 20:46 TSDECRBY.php
-rw-rw-r--  1 nikunj-katariya nikunj-katariya   551 Apr 30 20:46 TSDELETERULE.php
-rw-rw-r--  1 nikunj-katariya nikunj-katariya   571 Apr 30 20:46 TSDEL.php
-rw-rw-r--  1 nikunj-katariya nikunj-katariya   855 Apr 30 20:46 TSGET.php
-rw-rw-r--  1 nikunj-katariya nikunj-katariya  1016 Apr 30 20:46 TSINCRBY.php
-rw-rw-r--  1 nikunj-katariya nikunj-katariya   843 Apr 30 20:46 TSINFO.php
-rw-rw-r--  1 nikunj-katariya nikunj-katariya   554 Apr 30 20:46 TSMADD.php
-rw-rw-r--  1 nikunj-katariya nikunj-katariya   842 Apr 30 20:46 TSMGET.php
-rw-rw-r--  1 nikunj-katariya nikunj-katariya   888 Apr 30 20:46 TSMRANGE.php
-rw-rw-r--  1 nikunj-katariya nikunj-katariya   548 Apr 30 20:46 TSMREVRANGE.php
-rw-rw-r--  1 nikunj-katariya nikunj-katariya   574 Apr 30 20:46 TSQUERYINDEX.php
-rw-rw-r--  1 nikunj-katariya nikunj-katariya   889 Apr 30 20:46 TSRANGE.php
-rw-rw-r--  1 nikunj-katariya nikunj-katariya   505 Apr 30 20:46 TSREVRANGE.php

codeigniter-app/vendor/predis/predis/src/Command/Redis/TopK:
total 40
drwxrwxr-x  2 nikunj-katariya nikunj-katariya  4096 Apr 30 20:46 .
drwxrwxr-x 12 nikunj-katariya nikunj-katariya 12288 Apr 30 20:46 ..
-rw-rw-r--  1 nikunj-katariya nikunj-katariya   755 Apr 30 20:46 TOPKADD.php
-rw-rw-r--  1 nikunj-katariya nikunj-katariya   707 Apr 30 20:46 TOPKINCRBY.php
-rw-rw-r--  1 nikunj-katariya nikunj-katariya   875 Apr 30 20:46 TOPKINFO.php
-rw-rw-r--  1 nikunj-katariya nikunj-katariya  1564 Apr 30 20:46 TOPKLIST.php
-rw-rw-r--  1 nikunj-katariya nikunj-katariya   598 Apr 30 20:46 TOPKQUERY.php
-rw-rw-r--  1 nikunj-katariya nikunj-katariya  1055 Apr 30 20:46 TOPKRESERVE.php

codeigniter-app/vendor/predis/predis/src/Command/Strategy:
total 24
drwxrwxr-x 3 nikunj-katariya nikunj-katariya 4096 Apr 30 20:46 .
drwxrwxr-x 7 nikunj-katariya nikunj-katariya 4096 Apr 30 20:46 ..
drwxrwxr-x 3 nikunj-katariya nikunj-katariya 4096 Apr 30 20:46 ContainerCommands
-rw-rw-r-- 1 nikunj-katariya nikunj-katariya  646 Apr 30 20:46 StrategyResolverInterface.php
-rw-rw-r-- 1 nikunj-katariya nikunj-katariya  521 Apr 30 20:46 SubcommandStrategyInterface.php
-rw-rw-r-- 1 nikunj-katariya nikunj-katariya 1505 Apr 30 20:46 SubcommandStrategyResolver.php

codeigniter-app/vendor/predis/predis/src/Command/Strategy/ContainerCommands:
total 12
drwxrwxr-x 3 nikunj-katariya nikunj-katariya 4096 Apr 30 20:46 .
drwxrwxr-x 3 nikunj-katariya nikunj-katariya 4096 Apr 30 20:46 ..
drwxrwxr-x 2 nikunj-katariya nikunj-katariya 4096 Apr 30 20:46 Functions

codeigniter-app/vendor/predis/predis/src/Command/Strategy/ContainerCommands/Functions:
total 40
drwxrwxr-x 2 nikunj-katariya nikunj-katariya 4096 Apr 30 20:46 .
drwxrwxr-x 3 nikunj-katariya nikunj-katariya 4096 Apr 30 20:46 ..
-rw-rw-r-- 1 nikunj-katariya nikunj-katariya  581 Apr 30 20:46 DeleteStrategy.php
-rw-rw-r-- 1 nikunj-katariya nikunj-katariya  579 Apr 30 20:46 DumpStrategy.php
-rw-rw-r-- 1 nikunj-katariya nikunj-katariya  784 Apr 30 20:46 FlushStrategy.php
-rw-rw-r-- 1 nikunj-katariya nikunj-katariya  579 Apr 30 20:46 KillStrategy.php
-rw-rw-r-- 1 nikunj-katariya nikunj-katariya  927 Apr 30 20:46 ListStrategy.php
-rw-rw-r-- 1 nikunj-katariya nikunj-katariya  995 Apr 30 20:46 LoadStrategy.php
-rw-rw-r-- 1 nikunj-katariya nikunj-katariya  801 Apr 30 20:46 RestoreStrategy.php
-rw-rw-r-- 1 nikunj-katariya nikunj-katariya  580 Apr 30 20:46 StatsStrategy.php

codeigniter-app/vendor/predis/predis/src/Command/Traits:
total 96
drwxrwxr-x 11 nikunj-katariya nikunj-katariya 4096 Apr 30 20:46 .
drwxrwxr-x  7 nikunj-katariya nikunj-katariya 4096 Apr 30 20:46 ..
-rw-rw-r--  1 nikunj-katariya nikunj-katariya 1733 Apr 30 20:46 Aggregate.php
-rw-rw-r--  1 nikunj-katariya nikunj-katariya  849 Apr 30 20:46 BitByte.php
drwxrwxr-x  2 nikunj-katariya nikunj-katariya 4096 Apr 30 20:46 BloomFilters
drwxrwxr-x  2 nikunj-katariya nikunj-katariya 4096 Apr 30 20:46 By
-rw-rw-r--  1 nikunj-katariya nikunj-katariya 1983 Apr 30 20:46 Count.php
-rw-rw-r--  1 nikunj-katariya nikunj-katariya 1442 Apr 30 20:46 DB.php
drwxrwxr-x  2 nikunj-katariya nikunj-katariya 4096 Apr 30 20:46 Expire
drwxrwxr-x  2 nikunj-katariya nikunj-katariya 4096 Apr 30 20:46 From
drwxrwxr-x  2 nikunj-katariya nikunj-katariya 4096 Apr 30 20:46 Get
drwxrwxr-x  2 nikunj-katariya nikunj-katariya 4096 Apr 30 20:46 Json
-rw-rw-r--  1 nikunj-katariya nikunj-katariya 1388 Apr 30 20:46 Keys.php
-rw-rw-r--  1 nikunj-katariya nikunj-katariya 1617 Apr 30 20:46 LeftRight.php
drwxrwxr-x  2 nikunj-katariya nikunj-katariya 4096 Apr 30 20:46 Limit
-rw-rw-r--  1 nikunj-katariya nikunj-katariya 1034 Apr 30 20:46 MinMaxModifier.php
-rw-rw-r--  1 nikunj-katariya nikunj-katariya  683 Apr 30 20:46 Replace.php
-rw-rw-r--  1 nikunj-katariya nikunj-katariya 1077 Apr 30 20:46 Rev.php
-rw-rw-r--  1 nikunj-katariya nikunj-katariya 1565 Apr 30 20:46 Sorting.php
-rw-rw-r--  1 nikunj-katariya nikunj-katariya 1301 Apr 30 20:46 Storedist.php
-rw-rw-r--  1 nikunj-katariya nikunj-katariya 1511 Apr 30 20:46 Timeout.php
drwxrwxr-x  2 nikunj-katariya nikunj-katariya 4096 Apr 30 20:46 To
-rw-rw-r--  1 nikunj-katariya nikunj-katariya 1538 Apr 30 20:46 Weights.php
drwxrwxr-x  2 nikunj-katariya nikunj-katariya 4096 Apr 30 20:46 With

codeigniter-app/vendor/predis/predis/src/Command/Traits/BloomFilters:
total 36
drwxrwxr-x  2 nikunj-katariya nikunj-katariya 4096 Apr 30 20:46 .
drwxrwxr-x 11 nikunj-katariya nikunj-katariya 4096 Apr 30 20:46 ..
-rw-rw-r--  1 nikunj-katariya nikunj-katariya 1615 Apr 30 20:46 BucketSize.php
-rw-rw-r--  1 nikunj-katariya nikunj-katariya 1590 Apr 30 20:46 Capacity.php
-rw-rw-r--  1 nikunj-katariya nikunj-katariya 1554 Apr 30 20:46 Error.php
-rw-rw-r--  1 nikunj-katariya nikunj-katariya 1548 Apr 30 20:46 Expansion.php
-rw-rw-r--  1 nikunj-katariya nikunj-katariya 1111 Apr 30 20:46 Items.php
-rw-rw-r--  1 nikunj-katariya nikunj-katariya 1651 Apr 30 20:46 MaxIterations.php
-rw-rw-r--  1 nikunj-katariya nikunj-katariya 1306 Apr 30 20:46 NoCreate.php

codeigniter-app/vendor/predis/predis/src/Command/Traits/By:
total 20
drwxrwxr-x  2 nikunj-katariya nikunj-katariya 4096 Apr 30 20:46 .
drwxrwxr-x 11 nikunj-katariya nikunj-katariya 4096 Apr 30 20:46 ..
-rw-rw-r--  1 nikunj-katariya nikunj-katariya 1076 Apr 30 20:46 ByArgument.php
-rw-rw-r--  1 nikunj-katariya nikunj-katariya 1337 Apr 30 20:46 ByLexByScore.php
-rw-rw-r--  1 nikunj-katariya nikunj-katariya 1316 Apr 30 20:46 GeoBy.php

codeigniter-app/vendor/predis/predis/src/Command/Traits/Expire:
total 12
drwxrwxr-x  2 nikunj-katariya nikunj-katariya 4096 Apr 30 20:46 .
drwxrwxr-x 11 nikunj-katariya nikunj-katariya 4096 Apr 30 20:46 ..
-rw-rw-r--  1 nikunj-katariya nikunj-katariya  912 Apr 30 20:46 ExpireOptions.php

codeigniter-app/vendor/predis/predis/src/Command/Traits/From:
total 12
drwxrwxr-x  2 nikunj-katariya nikunj-katariya 4096 Apr 30 20:46 .
drwxrwxr-x 11 nikunj-katariya nikunj-katariya 4096 Apr 30 20:46 ..
-rw-rw-r--  1 nikunj-katariya nikunj-katariya 1334 Apr 30 20:46 GeoFrom.php

codeigniter-app/vendor/predis/predis/src/Command/Traits/Get:
total 12
drwxrwxr-x  2 nikunj-katariya nikunj-katariya 4096 Apr 30 20:46 .
drwxrwxr-x 11 nikunj-katariya nikunj-katariya 4096 Apr 30 20:46 ..
-rw-rw-r--  1 nikunj-katariya nikunj-katariya 1284 Apr 30 20:46 Get.php

codeigniter-app/vendor/predis/predis/src/Command/Traits/Json:
total 24
drwxrwxr-x  2 nikunj-katariya nikunj-katariya 4096 Apr 30 20:46 .
drwxrwxr-x 11 nikunj-katariya nikunj-katariya 4096 Apr 30 20:46 ..
-rw-rw-r--  1 nikunj-katariya nikunj-katariya 1467 Apr 30 20:46 Indent.php
-rw-rw-r--  1 nikunj-katariya nikunj-katariya 1478 Apr 30 20:46 Newline.php
-rw-rw-r--  1 nikunj-katariya nikunj-katariya 1706 Apr 30 20:46 NxXxArgument.php
-rw-rw-r--  1 nikunj-katariya nikunj-katariya 1456 Apr 30 20:46 Space.php

codeigniter-app/vendor/predis/predis/src/Command/Traits/Limit:
total 16
drwxrwxr-x  2 nikunj-katariya nikunj-katariya 4096 Apr 30 20:46 .
drwxrwxr-x 11 nikunj-katariya nikunj-katariya 4096 Apr 30 20:46 ..
-rw-rw-r--  1 nikunj-katariya nikunj-katariya 1277 Apr 30 20:46 LimitObject.php
-rw-rw-r--  1 nikunj-katariya nikunj-katariya 1472 Apr 30 20:46 Limit.php

codeigniter-app/vendor/predis/predis/src/Command/Traits/To:
total 12
drwxrwxr-x  2 nikunj-katariya nikunj-katariya 4096 Apr 30 20:46 .
drwxrwxr-x 11 nikunj-katariya nikunj-katariya 4096 Apr 30 20:46 ..
-rw-rw-r--  1 nikunj-katariya nikunj-katariya 1248 Apr 30 20:46 ServerTo.php

codeigniter-app/vendor/predis/predis/src/Command/Traits/With:
total 28
drwxrwxr-x  2 nikunj-katariya nikunj-katariya 4096 Apr 30 20:46 .
drwxrwxr-x 11 nikunj-katariya nikunj-katariya 4096 Apr 30 20:46 ..
-rw-rw-r--  1 nikunj-katariya nikunj-katariya 1306 Apr 30 20:46 WithCoord.php
-rw-rw-r--  1 nikunj-katariya nikunj-katariya 1244 Apr 30 20:46 WithDist.php
-rw-rw-r--  1 nikunj-katariya nikunj-katariya 1244 Apr 30 20:46 WithHash.php
-rw-rw-r--  1 nikunj-katariya nikunj-katariya 1669 Apr 30 20:46 WithScores.php
-rw-rw-r--  1 nikunj-katariya nikunj-katariya  709 Apr 30 20:46 WithValues.php

codeigniter-app/vendor/predis/predis/src/Configuration:
total 24
drwxrwxr-x  3 nikunj-katariya nikunj-katariya 4096 Apr 30 20:46 .
drwxrwxr-x 15 nikunj-katariya nikunj-katariya 4096 Apr 30 20:46 ..
drwxrwxr-x  2 nikunj-katariya nikunj-katariya 4096 Apr 30 20:46 Option
-rw-rw-r--  1 nikunj-katariya nikunj-katariya  947 Apr 30 20:46 OptionInterface.php
-rw-rw-r--  1 nikunj-katariya nikunj-katariya 1968 Apr 30 20:46 OptionsInterface.php
-rw-rw-r--  1 nikunj-katariya nikunj-katariya 3001 Apr 30 20:46 Options.php

codeigniter-app/vendor/predis/predis/src/Configuration/Option:
total 52
drwxrwxr-x 2 nikunj-katariya nikunj-katariya 4096 Apr 30 20:46 .
drwxrwxr-x 3 nikunj-katariya nikunj-katariya 4096 Apr 30 20:46 ..
-rw-rw-r-- 1 nikunj-katariya nikunj-katariya 4112 Apr 30 20:46 Aggregate.php
-rw-rw-r-- 1 nikunj-katariya nikunj-katariya 2898 Apr 30 20:46 Cluster.php
-rw-rw-r-- 1 nikunj-katariya nikunj-katariya 4349 Apr 30 20:46 Commands.php
-rw-rw-r-- 1 nikunj-katariya nikunj-katariya 5069 Apr 30 20:46 Connections.php
-rw-rw-r-- 1 nikunj-katariya nikunj-katariya 2114 Apr 30 20:46 CRC16.php
-rw-rw-r-- 1 nikunj-katariya nikunj-katariya  897 Apr 30 20:46 Exceptions.php
-rw-rw-r-- 1 nikunj-katariya nikunj-katariya 1144 Apr 30 20:46 Prefix.php
-rw-rw-r-- 1 nikunj-katariya nikunj-katariya 3934 Apr 30 20:46 Replication.php

codeigniter-app/vendor/predis/predis/src/Connection:
total 136
drwxrwxr-x  4 nikunj-katariya nikunj-katariya  4096 Apr 30 20:46 .
drwxrwxr-x 15 nikunj-katariya nikunj-katariya  4096 Apr 30 20:46 ..
-rw-rw-r--  1 nikunj-katariya nikunj-katariya  4557 Apr 30 20:46 AbstractConnection.php
-rw-rw-r--  1 nikunj-katariya nikunj-katariya  1572 Apr 30 20:46 AggregateConnectionInterface.php
drwxrwxr-x  2 nikunj-katariya nikunj-katariya  4096 Apr 30 20:46 Cluster
-rw-rw-r--  1 nikunj-katariya nikunj-katariya  1179 Apr 30 20:46 CompositeConnectionInterface.php
-rw-rw-r--  1 nikunj-katariya nikunj-katariya  2970 Apr 30 20:46 CompositeStreamConnection.php
-rw-rw-r--  1 nikunj-katariya nikunj-katariya   454 Apr 30 20:46 ConnectionException.php
-rw-rw-r--  1 nikunj-katariya nikunj-katariya  1516 Apr 30 20:46 ConnectionInterface.php
-rw-rw-r--  1 nikunj-katariya nikunj-katariya  1131 Apr 30 20:46 FactoryInterface.php
-rw-rw-r--  1 nikunj-katariya nikunj-katariya  5660 Apr 30 20:46 Factory.php
-rw-rw-r--  1 nikunj-katariya nikunj-katariya  1314 Apr 30 20:46 NodeConnectionInterface.php
-rw-rw-r--  1 nikunj-katariya nikunj-katariya  2795 Apr 30 20:46 ParametersInterface.php
-rw-rw-r--  1 nikunj-katariya nikunj-katariya  5409 Apr 30 20:46 Parameters.php
-rw-rw-r--  1 nikunj-katariya nikunj-katariya 11834 Apr 30 20:46 PhpiredisSocketConnection.php
-rw-rw-r--  1 nikunj-katariya nikunj-katariya  7480 Apr 30 20:46 PhpiredisStreamConnection.php
-rw-rw-r--  1 nikunj-katariya nikunj-katariya  9359 Apr 30 20:46 RelayConnection.php
-rw-rw-r--  1 nikunj-katariya nikunj-katariya  3130 Apr 30 20:46 RelayMethods.php
drwxrwxr-x  2 nikunj-katariya nikunj-katariya  4096 Apr 30 20:46 Replication
-rw-rw-r--  1 nikunj-katariya nikunj-katariya 12443 Apr 30 20:46 StreamConnection.php
-rw-rw-r--  1 nikunj-katariya nikunj-katariya  9353 Apr 30 20:46 WebdisConnection.php

codeigniter-app/vendor/predis/predis/src/Connection/Cluster:
total 44
drwxrwxr-x 2 nikunj-katariya nikunj-katariya  4096 Apr 30 20:46 .
drwxrwxr-x 4 nikunj-katariya nikunj-katariya  4096 Apr 30 20:46 ..
-rw-rw-r-- 1 nikunj-katariya nikunj-katariya   540 Apr 30 20:46 ClusterInterface.php
-rw-rw-r-- 1 nikunj-katariya nikunj-katariya  5561 Apr 30 20:46 PredisCluster.php
-rw-rw-r-- 1 nikunj-katariya nikunj-katariya 20515 Apr 30 20:46 RedisCluster.php

codeigniter-app/vendor/predis/predis/src/Connection/Replication:
total 52
drwxrwxr-x 2 nikunj-katariya nikunj-katariya  4096 Apr 30 20:46 .
drwxrwxr-x 4 nikunj-katariya nikunj-katariya  4096 Apr 30 20:46 ..
-rw-rw-r-- 1 nikunj-katariya nikunj-katariya 14742 Apr 30 20:46 MasterSlaveReplication.php
-rw-rw-r-- 1 nikunj-katariya nikunj-katariya  1265 Apr 30 20:46 ReplicationInterface.php
-rw-rw-r-- 1 nikunj-katariya nikunj-katariya 21108 Apr 30 20:46 SentinelReplication.php

codeigniter-app/vendor/predis/predis/src/Monitor:
total 16
drwxrwxr-x  2 nikunj-katariya nikunj-katariya 4096 Apr 30 20:46 .
drwxrwxr-x 15 nikunj-katariya nikunj-katariya 4096 Apr 30 20:46 ..
-rw-rw-r--  1 nikunj-katariya nikunj-katariya 4239 Apr 30 20:46 Consumer.php

codeigniter-app/vendor/predis/predis/src/Pipeline:
total 36
drwxrwxr-x  2 nikunj-katariya nikunj-katariya 4096 Apr 30 20:46 .
drwxrwxr-x 15 nikunj-katariya nikunj-katariya 4096 Apr 30 20:46 ..
-rw-rw-r--  1 nikunj-katariya nikunj-katariya 3405 Apr 30 20:46 Atomic.php
-rw-rw-r--  1 nikunj-katariya nikunj-katariya 3748 Apr 30 20:46 ConnectionErrorProof.php
-rw-rw-r--  1 nikunj-katariya nikunj-katariya  780 Apr 30 20:46 FireAndForget.php
-rw-rw-r--  1 nikunj-katariya nikunj-katariya 6636 Apr 30 20:46 Pipeline.php
-rw-rw-r--  1 nikunj-katariya nikunj-katariya 1908 Apr 30 20:46 RelayAtomic.php
-rw-rw-r--  1 nikunj-katariya nikunj-katariya 2178 Apr 30 20:46 RelayPipeline.php

codeigniter-app/vendor/predis/predis/src/Protocol:
total 28
drwxrwxr-x  3 nikunj-katariya nikunj-katariya 4096 Apr 30 20:46 .
drwxrwxr-x 15 nikunj-katariya nikunj-katariya 4096 Apr 30 20:46 ..
-rw-rw-r--  1 nikunj-katariya nikunj-katariya  479 Apr 30 20:46 ProtocolException.php
-rw-rw-r--  1 nikunj-katariya nikunj-katariya 1136 Apr 30 20:46 ProtocolProcessorInterface.php
-rw-rw-r--  1 nikunj-katariya nikunj-katariya  626 Apr 30 20:46 RequestSerializerInterface.php
-rw-rw-r--  1 nikunj-katariya nikunj-katariya  747 Apr 30 20:46 ResponseReaderInterface.php
drwxrwxr-x  3 nikunj-katariya nikunj-katariya 4096 Apr 30 20:46 Text

codeigniter-app/vendor/predis/predis/src/Protocol/Text:
total 28
drwxrwxr-x 3 nikunj-katariya nikunj-katariya 4096 Apr 30 20:46 .
drwxrwxr-x 3 nikunj-katariya nikunj-katariya 4096 Apr 30 20:46 ..
-rw-rw-r-- 1 nikunj-katariya nikunj-katariya 2801 Apr 30 20:46 CompositeProtocolProcessor.php
drwxrwxr-x 2 nikunj-katariya nikunj-katariya 4096 Apr 30 20:46 Handler
-rw-rw-r-- 1 nikunj-katariya nikunj-katariya 3328 Apr 30 20:46 ProtocolProcessor.php
-rw-rw-r-- 1 nikunj-katariya nikunj-katariya 1072 Apr 30 20:46 RequestSerializer.php
-rw-rw-r-- 1 nikunj-katariya nikunj-katariya 3083 Apr 30 20:46 ResponseReader.php

codeigniter-app/vendor/predis/predis/src/Protocol/Text/Handler:
total 36
drwxrwxr-x 2 nikunj-katariya nikunj-katariya 4096 Apr 30 20:46 .
drwxrwxr-x 3 nikunj-katariya nikunj-katariya 4096 Apr 30 20:46 ..
-rw-rw-r-- 1 nikunj-katariya nikunj-katariya 1463 Apr 30 20:46 BulkResponse.php
-rw-rw-r-- 1 nikunj-katariya nikunj-katariya  799 Apr 30 20:46 ErrorResponse.php
-rw-rw-r-- 1 nikunj-katariya nikunj-katariya 1202 Apr 30 20:46 IntegerResponse.php
-rw-rw-r-- 1 nikunj-katariya nikunj-katariya 1842 Apr 30 20:46 MultiBulkResponse.php
-rw-rw-r-- 1 nikunj-katariya nikunj-katariya  856 Apr 30 20:46 ResponseHandlerInterface.php
-rw-rw-r-- 1 nikunj-katariya nikunj-katariya  845 Apr 30 20:46 StatusResponse.php
-rw-rw-r-- 1 nikunj-katariya nikunj-katariya 1418 Apr 30 20:46 StreamableMultiBulkResponse.php

codeigniter-app/vendor/predis/predis/src/PubSub:
total 36
drwxrwxr-x  2 nikunj-katariya nikunj-katariya 4096 Apr 30 20:46 .
drwxrwxr-x 15 nikunj-katariya nikunj-katariya 4096 Apr 30 20:46 ..
-rw-rw-r--  1 nikunj-katariya nikunj-katariya 5687 Apr 30 20:46 AbstractConsumer.php
-rw-rw-r--  1 nikunj-katariya nikunj-katariya 4381 Apr 30 20:46 Consumer.php
-rw-rw-r--  1 nikunj-katariya nikunj-katariya 4251 Apr 30 20:46 DispatcherLoop.php
-rw-rw-r--  1 nikunj-katariya nikunj-katariya 2966 Apr 30 20:46 RelayConsumer.php

codeigniter-app/vendor/predis/predis/src/Replication:
total 28
drwxrwxr-x  2 nikunj-katariya nikunj-katariya 4096 Apr 30 20:46 .
drwxrwxr-x 15 nikunj-katariya nikunj-katariya 4096 Apr 30 20:46 ..
-rw-rw-r--  1 nikunj-katariya nikunj-katariya  464 Apr 30 20:46 MissingMasterException.php
-rw-rw-r--  1 nikunj-katariya nikunj-katariya 8311 Apr 30 20:46 ReplicationStrategy.php
-rw-rw-r--  1 nikunj-katariya nikunj-katariya  492 Apr 30 20:46 RoleException.php

codeigniter-app/vendor/predis/predis/src/Response:
total 32
drwxrwxr-x  3 nikunj-katariya nikunj-katariya 4096 Apr 30 20:46 .
drwxrwxr-x 15 nikunj-katariya nikunj-katariya 4096 Apr 30 20:46 ..
-rw-rw-r--  1 nikunj-katariya nikunj-katariya  745 Apr 30 20:46 ErrorInterface.php
-rw-rw-r--  1 nikunj-katariya nikunj-katariya 1107 Apr 30 20:46 Error.php
drwxrwxr-x  2 nikunj-katariya nikunj-katariya 4096 Apr 30 20:46 Iterator
-rw-rw-r--  1 nikunj-katariya nikunj-katariya  377 Apr 30 20:46 ResponseInterface.php
-rw-rw-r--  1 nikunj-katariya nikunj-katariya  906 Apr 30 20:46 ServerException.php
-rw-rw-r--  1 nikunj-katariya nikunj-katariya 1701 Apr 30 20:46 Status.php

codeigniter-app/vendor/predis/predis/src/Response/Iterator:
total 20
drwxrwxr-x 2 nikunj-katariya nikunj-katariya 4096 Apr 30 20:46 .
drwxrwxr-x 3 nikunj-katariya nikunj-katariya 4096 Apr 30 20:46 ..
-rw-rw-r-- 1 nikunj-katariya nikunj-katariya 2437 Apr 30 20:46 MultiBulkIterator.php
-rw-rw-r-- 1 nikunj-katariya nikunj-katariya 2012 Apr 30 20:46 MultiBulk.php
-rw-rw-r-- 1 nikunj-katariya nikunj-katariya 2315 Apr 30 20:46 MultiBulkTuple.php

codeigniter-app/vendor/predis/predis/src/Session:
total 12
drwxrwxr-x  2 nikunj-katariya nikunj-katariya 4096 Apr 30 20:46 .
drwxrwxr-x 15 nikunj-katariya nikunj-katariya 4096 Apr 30 20:46 ..
-rw-rw-r--  1 nikunj-katariya nikunj-katariya 3132 Apr 30 20:46 Handler.php

codeigniter-app/vendor/predis/predis/src/Transaction:
total 32
drwxrwxr-x  2 nikunj-katariya nikunj-katariya  4096 Apr 30 20:46 .
drwxrwxr-x 15 nikunj-katariya nikunj-katariya  4096 Apr 30 20:46 ..
-rw-rw-r--  1 nikunj-katariya nikunj-katariya  1082 Apr 30 20:46 AbortedMultiExecException.php
-rw-rw-r--  1 nikunj-katariya nikunj-katariya 13948 Apr 30 20:46 MultiExec.php
-rw-rw-r--  1 nikunj-katariya nikunj-katariya  3037 Apr 30 20:46 MultiExecState.php
