{
  "timestamp": "2025-09-03T20:51:00Z",
  "issue": "PHP 8.1 Timezone Database Corruption",
  "description": "Composer failing with 'Timezone database is corrupt' error in PHP 8.1.33",
  "error_message": "PHP Fatal error: Uncaught Error: Timezone database is corrupt. Please file a bug report as this should never happen in phar:///usr/local/bin/composer/src/Composer/Util/Silencer.php:67",
  "root_cause": "Known issue with some PHP 8.1 installations where timezone database is corrupted",
  "solution_implemented": {
    "approach": "Set timezone environment variables and PHP ini settings",
    "command_used": "TZ=UTC php -d date.timezone=UTC /usr/local/bin/composer",
    "files_created": [
      "fix-timezone.php - Timezone testing script",
      "composer-php81.sh - Composer wrapper with timezone fix",
      "php-php81.sh - PHP wrapper with timezone fix"
    ],
    "files_modified": [
      "validate.sh - Added PHP 8.1 detection and wrapper usage",
      "README.md - Added PHP 8.1 troubleshooting section",
      "composer.json - Created for testing purposes"
    ]
  },
  "testing_results": {
    "timezone_fix_test": {
      "status": "PASSED",
      "output": "Timezone fix applied successfully for CodeIgniter App",
      "timezone_set": "UTC",
      "datetime_test": "PASSED"
    },
    "composer_wrapper_test": {
      "status": "PASSED",
      "command": "./composer-php81.sh install --no-interaction",
      "packages_installed": ["predis/predis v2.4.0"],
      "duration": "~30 seconds",
      "no_timezone_errors": true
    },
    "php_wrapper_test": {
      "status": "PASSED",
      "command": "./php-php81.sh --version",
      "php_version": "8.1.33",
      "timezone_applied": true
    },
    "validation_with_wrapper": {
      "status": "PASSED",
      "web_ok": true,
      "mysql_ok": true,
      "pg_ok": true,
      "redis_ok": true,
      "external_ok": true,
      "auto_detection": "PHP 8.1 wrapper automatically used",
      "duration": "3.38 seconds"
    }
  },
  "prevention": {
    "wrapper_scripts": {
      "composer": "./composer-php81.sh [arguments]",
      "php": "./php-php81.sh [arguments]",
      "validation": "./validate.sh (auto-detects PHP 8.1)"
    },
    "environment_vars": "TZ=UTC and date.timezone=UTC",
    "automatic_detection": "Scripts detect PHP 8.1.x and use wrappers automatically"
  },
  "compatibility": {
    "php_8_1": "Fully supported with timezone fix",
    "php_8_2_plus": "Uses standard commands (no wrapper needed)",
    "php_8_0": "Uses standard commands (no wrapper needed)",
    "backward_compatible": true
  },
  "usage_instructions": {
    "for_php_8_1_users": [
      "./composer-php81.sh install",
      "./php-php81.sh [php-arguments]",
      "./validate.sh (automatically uses wrapper)"
    ],
    "manual_commands": [
      "TZ=UTC php -d date.timezone=UTC composer install",
      "TZ=UTC php -d date.timezone=UTC validator.php"
    ]
  },
  "validation_summary": {
    "exit_code": 0,
    "success": true,
    "all_components_working": true,
    "php_version_detected": "8.1.33",
    "wrapper_used_automatically": true,
    "total_duration": "3.38 seconds",
    "components_tested": {
      "web_ui": "PASSED",
      "mysql_database": "PASSED",
      "postgresql_database": "PASSED",
      "redis_operations": "PASSED",
      "external_api": "PASSED"
    }
  },
  "implementation_status": "COMPLETE",
  "ready_for_production": true,
  "notes": [
    "All wrapper scripts are executable and working correctly",
    "Automatic PHP 8.1 detection implemented in validate.sh",
    "Composer operations work without timezone errors",
    "Web server can be started with PHP 8.1 wrapper",
    "All validation tests pass with PHP 8.1",
    "Backward compatible with other PHP versions"
  ]
}
