PRECHECK FAILURE - REPOSITORY HAS UNCOMMITTED CHANGES
=======================================================

Date: 2025-09-03
Current Branch: simple
Repository Root: /home/nikunj-katariya/projects/php/apm-php-examples

ERROR: Repository contains uncommitted changes. According to specifications, 
Augment must abort if repository has uncommitted changes.

Git Status Output:
------------------
D  .pids/codeigniter-app.log
D  .pids/laravel-app.log
D  .pids/simple-php.log
D  .pids/slim-framework.log
D  .pids/symfony-app.log
D  COMPATIBILITY_AUDIT_REPORT.md
D  DEMO_TRANSCRIPT.md
D  DEPLOYMENT_GUIDE.md
M  DOCKER_PORTS.md
D  FINAL_DELIVERABLES_SUMMARY.md
D  MAKEFILE_COMMANDS_SUMMARY.md
D  MAKEFILE_GUIDE.md
D  MAKEFILE_HARDENING_CHECKLIST.md
D  MANUAL_DEPLOYMENT_GUIDEBOOK.md
D  README.md
D  STANDARDIZATION_COMPLETE.md
D  app/Http/Kernel.php
[... many more deleted and modified files ...]

RESOLUTION REQUIRED:
-------------------
Before running Augment implementation, please:
1. Commit or stash all uncommitted changes
2. Ensure `git status --porcelain` returns empty output
3. Re-run Augment implementation

ABORTING IMPLEMENTATION.
